Determining if the include file dirent.h exists failed with the following output:
Change Dir: D:/Development/op3d_active/dcmtk-3.6.0/msvc/CMakeFiles/CMakeTmp

Run Build Command:C:\PROGRA~2\MICROS~3.0\Common7\IDE\devenv.com CMAKE_TRY_COMPILE.sln /build Debug /project cmTryCompileExec3732389479

Microsoft (R) Microsoft Visual Studio 2012 Version 11.0.60610.1.
Copyright (C) Microsoft Corp. All rights reserved.
1>------ Build started: Project: cmTryCompileExec3732389479, Configuration: Debug Win32 ------
1>Build started 8/11/2013 5:02:04 PM.
1>PrepareForBuild:
1>  Creating directory "D:\Development\op3d_active\dcmtk-3.6.0\msvc\CMakeFiles\CMakeTmp\Debug\".
1>InitializeBuildStatus:
1>  Creating "cmTryCompileExec3732389479.dir\Debug\cmTryCompileExec3732389479.unsuccessfulbuild" because "AlwaysCreate" was specified.
1>ClCompile:
1>  Microsoft (R) C/C++ Optimizing Compiler Version 17.00.60610.1 for x86
1>  Copyright (C) Microsoft Corporation.  All rights reserved.
1>  
1>  cl /c /Zi /W3 /WX- /Od /Ob0 /Oy- /D WIN32 /D _WINDOWS /D _DEBUG /D "CMAKE_INTDIR=\"Debug\"" /D _MBCS /Gm- /EHsc /RTC1 /MDd /GS /fp:precise /Zc:wchar_t /Zc:forScope /GR /Fo"cmTryCompileExec3732389479.dir\Debug\\" /Fd"D:/Development/op3d_active/dcmtk-3.6.0/msvc/CMakeFiles/CMakeTmp/Debug/cmTryCompileExec3732389479.pdb" /Gd /TP /analyze- /errorReport:prompt  /Zm1000 CheckIncludeFile.cxx
1>  
1>  CheckIncludeFile.cxx
1>CheckIncludeFile.cxx(1): fatal error C1083: Cannot open include file: 'dirent.h': No such file or directory
1>
1>Build FAILED.
1>
1>Time Elapsed 00:00:00.32
========== Build: 0 succeeded, 1 failed, 0 up-to-date, 0 skipped ==========


Determining if the include file fstream.h exists failed with the following output:
Change Dir: D:/Development/op3d_active/dcmtk-3.6.0/msvc/CMakeFiles/CMakeTmp

Run Build Command:C:\PROGRA~2\MICROS~3.0\Common7\IDE\devenv.com CMAKE_TRY_COMPILE.sln /build Debug /project cmTryCompileExec3150009938

Microsoft (R) Microsoft Visual Studio 2012 Version 11.0.60610.1.
Copyright (C) Microsoft Corp. All rights reserved.
1>------ Build started: Project: cmTryCompileExec3150009938, Configuration: Debug Win32 ------
1>Build started 8/11/2013 5:02:12 PM.
1>PrepareForBuild:
1>  Creating directory "D:\Development\op3d_active\dcmtk-3.6.0\msvc\CMakeFiles\CMakeTmp\Debug\".
1>InitializeBuildStatus:
1>  Creating "cmTryCompileExec3150009938.dir\Debug\cmTryCompileExec3150009938.unsuccessfulbuild" because "AlwaysCreate" was specified.
1>ClCompile:
1>  Microsoft (R) C/C++ Optimizing Compiler Version 17.00.60610.1 for x86
1>  Copyright (C) Microsoft Corporation.  All rights reserved.
1>  
1>  cl /c /Zi /W3 /WX- /Od /Ob0 /Oy- /D WIN32 /D _WINDOWS /D _DEBUG /D "CMAKE_INTDIR=\"Debug\"" /D _MBCS /Gm- /EHsc /RTC1 /MDd /GS /fp:precise /Zc:wchar_t /Zc:forScope /GR /Fo"cmTryCompileExec3150009938.dir\Debug\\" /Fd"D:/Development/op3d_active/dcmtk-3.6.0/msvc/CMakeFiles/CMakeTmp/Debug/cmTryCompileExec3150009938.pdb" /Gd /TP /analyze- /errorReport:prompt  /Zm1000 CheckIncludeFile.cxx
1>  
1>  CheckIncludeFile.cxx
1>CheckIncludeFile.cxx(1): fatal error C1083: Cannot open include file: 'fstream.h': No such file or directory
1>
1>Build FAILED.
1>
1>Time Elapsed 00:00:00.24
========== Build: 0 succeeded, 1 failed, 0 up-to-date, 0 skipped ==========


Determining if the include file fnmatch.h exists failed with the following output:
Change Dir: D:/Development/op3d_active/dcmtk-3.6.0/msvc/CMakeFiles/CMakeTmp

Run Build Command:C:\PROGRA~2\MICROS~3.0\Common7\IDE\devenv.com CMAKE_TRY_COMPILE.sln /build Debug /project cmTryCompileExec352486677

Microsoft (R) Microsoft Visual Studio 2012 Version 11.0.60610.1.
Copyright (C) Microsoft Corp. All rights reserved.
1>------ Build started: Project: cmTryCompileExec352486677, Configuration: Debug Win32 ------
1>Build started 8/11/2013 5:02:15 PM.
1>PrepareForBuild:
1>  Creating directory "D:\Development\op3d_active\dcmtk-3.6.0\msvc\CMakeFiles\CMakeTmp\Debug\".
1>InitializeBuildStatus:
1>  Creating "cmTryCompileExec352486677.dir\Debug\cmTryCompileExec352486677.unsuccessfulbuild" because "AlwaysCreate" was specified.
1>ClCompile:
1>  Microsoft (R) C/C++ Optimizing Compiler Version 17.00.60610.1 for x86
1>  Copyright (C) Microsoft Corporation.  All rights reserved.
1>  
1>  cl /c /Zi /W3 /WX- /Od /Ob0 /Oy- /D WIN32 /D _WINDOWS /D _DEBUG /D "CMAKE_INTDIR=\"Debug\"" /D _MBCS /Gm- /EHsc /RTC1 /MDd /GS /fp:precise /Zc:wchar_t /Zc:forScope /GR /Fo"cmTryCompileExec352486677.dir\Debug\\" /Fd"D:/Development/op3d_active/dcmtk-3.6.0/msvc/CMakeFiles/CMakeTmp/Debug/cmTryCompileExec352486677.pdb" /Gd /TP /analyze- /errorReport:prompt  /Zm1000 CheckIncludeFile.cxx
1>  
1>  CheckIncludeFile.cxx
1>CheckIncludeFile.cxx(1): fatal error C1083: Cannot open include file: 'fnmatch.h': No such file or directory
1>
1>Build FAILED.
1>
1>Time Elapsed 00:00:00.24
========== Build: 0 succeeded, 1 failed, 0 up-to-date, 0 skipped ==========


Determining if the include file ieeefp.h exists failed with the following output:
Change Dir: D:/Development/op3d_active/dcmtk-3.6.0/msvc/CMakeFiles/CMakeTmp

Run Build Command:C:\PROGRA~2\MICROS~3.0\Common7\IDE\devenv.com CMAKE_TRY_COMPILE.sln /build Debug /project cmTryCompileExec169644210

Microsoft (R) Microsoft Visual Studio 2012 Version 11.0.60610.1.
Copyright (C) Microsoft Corp. All rights reserved.
1>------ Build started: Project: cmTryCompileExec169644210, Configuration: Debug Win32 ------
1>Build started 8/11/2013 5:02:25 PM.
1>PrepareForBuild:
1>  Creating directory "D:\Development\op3d_active\dcmtk-3.6.0\msvc\CMakeFiles\CMakeTmp\Debug\".
1>InitializeBuildStatus:
1>  Creating "cmTryCompileExec169644210.dir\Debug\cmTryCompileExec169644210.unsuccessfulbuild" because "AlwaysCreate" was specified.
1>ClCompile:
1>  Microsoft (R) C/C++ Optimizing Compiler Version 17.00.60610.1 for x86
1>  Copyright (C) Microsoft Corporation.  All rights reserved.
1>  
1>  cl /c /Zi /W3 /WX- /Od /Ob0 /Oy- /D WIN32 /D _WINDOWS /D _DEBUG /D "CMAKE_INTDIR=\"Debug\"" /D _MBCS /Gm- /EHsc /RTC1 /MDd /GS /fp:precise /Zc:wchar_t /Zc:forScope /GR /Fo"cmTryCompileExec169644210.dir\Debug\\" /Fd"D:/Development/op3d_active/dcmtk-3.6.0/msvc/CMakeFiles/CMakeTmp/Debug/cmTryCompileExec169644210.pdb" /Gd /TP /analyze- /errorReport:prompt  /Zm1000 CheckIncludeFile.cxx
1>  
1>  CheckIncludeFile.cxx
1>CheckIncludeFile.cxx(1): fatal error C1083: Cannot open include file: 'ieeefp.h': No such file or directory
1>
1>Build FAILED.
1>
1>Time Elapsed 00:00:00.25
========== Build: 0 succeeded, 1 failed, 0 up-to-date, 0 skipped ==========


Determining if the include file inttypes.h exists failed with the following output:
Change Dir: D:/Development/op3d_active/dcmtk-3.6.0/msvc/CMakeFiles/CMakeTmp

Run Build Command:C:\PROGRA~2\MICROS~3.0\Common7\IDE\devenv.com CMAKE_TRY_COMPILE.sln /build Debug /project cmTryCompileExec1794185157

Microsoft (R) Microsoft Visual Studio 2012 Version 11.0.60610.1.
Copyright (C) Microsoft Corp. All rights reserved.
1>------ Build started: Project: cmTryCompileExec1794185157, Configuration: Debug Win32 ------
1>Build started 8/11/2013 5:02:28 PM.
1>PrepareForBuild:
1>  Creating directory "D:\Development\op3d_active\dcmtk-3.6.0\msvc\CMakeFiles\CMakeTmp\Debug\".
1>InitializeBuildStatus:
1>  Creating "cmTryCompileExec1794185157.dir\Debug\cmTryCompileExec1794185157.unsuccessfulbuild" because "AlwaysCreate" was specified.
1>ClCompile:
1>  Microsoft (R) C/C++ Optimizing Compiler Version 17.00.60610.1 for x86
1>  Copyright (C) Microsoft Corporation.  All rights reserved.
1>  
1>  cl /c /Zi /W3 /WX- /Od /Ob0 /Oy- /D WIN32 /D _WINDOWS /D _DEBUG /D "CMAKE_INTDIR=\"Debug\"" /D _MBCS /Gm- /EHsc /RTC1 /MDd /GS /fp:precise /Zc:wchar_t /Zc:forScope /GR /Fo"cmTryCompileExec1794185157.dir\Debug\\" /Fd"D:/Development/op3d_active/dcmtk-3.6.0/msvc/CMakeFiles/CMakeTmp/Debug/cmTryCompileExec1794185157.pdb" /Gd /TP /analyze- /errorReport:prompt  /Zm1000 CheckIncludeFile.cxx
1>  
1>  CheckIncludeFile.cxx
1>CheckIncludeFile.cxx(1): fatal error C1083: Cannot open include file: 'inttypes.h': No such file or directory
1>
1>Build FAILED.
1>
1>Time Elapsed 00:00:00.24
========== Build: 0 succeeded, 1 failed, 0 up-to-date, 0 skipped ==========


Determining if the include file iomanip.h exists failed with the following output:
Change Dir: D:/Development/op3d_active/dcmtk-3.6.0/msvc/CMakeFiles/CMakeTmp

Run Build Command:C:\PROGRA~2\MICROS~3.0\Common7\IDE\devenv.com CMAKE_TRY_COMPILE.sln /build Debug /project cmTryCompileExec4247875869

Microsoft (R) Microsoft Visual Studio 2012 Version 11.0.60610.1.
Copyright (C) Microsoft Corp. All rights reserved.
1>------ Build started: Project: cmTryCompileExec4247875869, Configuration: Debug Win32 ------
1>Build started 8/11/2013 5:02:34 PM.
1>PrepareForBuild:
1>  Creating directory "D:\Development\op3d_active\dcmtk-3.6.0\msvc\CMakeFiles\CMakeTmp\Debug\".
1>InitializeBuildStatus:
1>  Creating "cmTryCompileExec4247875869.dir\Debug\cmTryCompileExec4247875869.unsuccessfulbuild" because "AlwaysCreate" was specified.
1>ClCompile:
1>  Microsoft (R) C/C++ Optimizing Compiler Version 17.00.60610.1 for x86
1>  Copyright (C) Microsoft Corporation.  All rights reserved.
1>  
1>  cl /c /Zi /W3 /WX- /Od /Ob0 /Oy- /D WIN32 /D _WINDOWS /D _DEBUG /D "CMAKE_INTDIR=\"Debug\"" /D _MBCS /Gm- /EHsc /RTC1 /MDd /GS /fp:precise /Zc:wchar_t /Zc:forScope /GR /Fo"cmTryCompileExec4247875869.dir\Debug\\" /Fd"D:/Development/op3d_active/dcmtk-3.6.0/msvc/CMakeFiles/CMakeTmp/Debug/cmTryCompileExec4247875869.pdb" /Gd /TP /analyze- /errorReport:prompt  /Zm1000 CheckIncludeFile.cxx
1>  
1>  CheckIncludeFile.cxx
1>CheckIncludeFile.cxx(1): fatal error C1083: Cannot open include file: 'iomanip.h': No such file or directory
1>
1>Build FAILED.
1>
1>Time Elapsed 00:00:00.25
========== Build: 0 succeeded, 1 failed, 0 up-to-date, 0 skipped ==========


Determining if the include file iostream.h exists failed with the following output:
Change Dir: D:/Development/op3d_active/dcmtk-3.6.0/msvc/CMakeFiles/CMakeTmp

Run Build Command:C:\PROGRA~2\MICROS~3.0\Common7\IDE\devenv.com CMAKE_TRY_COMPILE.sln /build Debug /project cmTryCompileExec733379928

Microsoft (R) Microsoft Visual Studio 2012 Version 11.0.60610.1.
Copyright (C) Microsoft Corp. All rights reserved.
1>------ Build started: Project: cmTryCompileExec733379928, Configuration: Debug Win32 ------
1>Build started 8/11/2013 5:02:39 PM.
1>PrepareForBuild:
1>  Creating directory "D:\Development\op3d_active\dcmtk-3.6.0\msvc\CMakeFiles\CMakeTmp\Debug\".
1>InitializeBuildStatus:
1>  Creating "cmTryCompileExec733379928.dir\Debug\cmTryCompileExec733379928.unsuccessfulbuild" because "AlwaysCreate" was specified.
1>ClCompile:
1>  Microsoft (R) C/C++ Optimizing Compiler Version 17.00.60610.1 for x86
1>  Copyright (C) Microsoft Corporation.  All rights reserved.
1>  
1>  cl /c /Zi /W3 /WX- /Od /Ob0 /Oy- /D WIN32 /D _WINDOWS /D _DEBUG /D "CMAKE_INTDIR=\"Debug\"" /D _MBCS /Gm- /EHsc /RTC1 /MDd /GS /fp:precise /Zc:wchar_t /Zc:forScope /GR /Fo"cmTryCompileExec733379928.dir\Debug\\" /Fd"D:/Development/op3d_active/dcmtk-3.6.0/msvc/CMakeFiles/CMakeTmp/Debug/cmTryCompileExec733379928.pdb" /Gd /TP /analyze- /errorReport:prompt  /Zm1000 CheckIncludeFile.cxx
1>  
1>  CheckIncludeFile.cxx
1>CheckIncludeFile.cxx(1): fatal error C1083: Cannot open include file: 'iostream.h': No such file or directory
1>
1>Build FAILED.
1>
1>Time Elapsed 00:00:00.22
========== Build: 0 succeeded, 1 failed, 0 up-to-date, 0 skipped ==========


Determining if the include file png.h exists failed with the following output:
Change Dir: D:/Development/op3d_active/dcmtk-3.6.0/msvc/CMakeFiles/CMakeTmp

Run Build Command:C:\PROGRA~2\MICROS~3.0\Common7\IDE\devenv.com CMAKE_TRY_COMPILE.sln /build Debug /project cmTryCompileExec3623987780

Microsoft (R) Microsoft Visual Studio 2012 Version 11.0.60610.1.
Copyright (C) Microsoft Corp. All rights reserved.
1>------ Build started: Project: cmTryCompileExec3623987780, Configuration: Debug Win32 ------
1>Build started 8/11/2013 5:02:47 PM.
1>PrepareForBuild:
1>  Creating directory "D:\Development\op3d_active\dcmtk-3.6.0\msvc\CMakeFiles\CMakeTmp\Debug\".
1>InitializeBuildStatus:
1>  Creating "cmTryCompileExec3623987780.dir\Debug\cmTryCompileExec3623987780.unsuccessfulbuild" because "AlwaysCreate" was specified.
1>ClCompile:
1>  Microsoft (R) C/C++ Optimizing Compiler Version 17.00.60610.1 for x86
1>  Copyright (C) Microsoft Corporation.  All rights reserved.
1>  
1>  cl /c /Zi /W3 /WX- /Od /Ob0 /Oy- /D WIN32 /D _WINDOWS /D _DEBUG /D "CMAKE_INTDIR=\"Debug\"" /D _MBCS /Gm- /EHsc /RTC1 /MDd /GS /fp:precise /Zc:wchar_t /Zc:forScope /GR /Fo"cmTryCompileExec3623987780.dir\Debug\\" /Fd"D:/Development/op3d_active/dcmtk-3.6.0/msvc/CMakeFiles/CMakeTmp/Debug/cmTryCompileExec3623987780.pdb" /Gd /TP /analyze- /errorReport:prompt  /Zm1000 CheckIncludeFile.cxx
1>  
1>  CheckIncludeFile.cxx
1>CheckIncludeFile.cxx(1): fatal error C1083: Cannot open include file: 'png.h': No such file or directory
1>
1>Build FAILED.
1>
1>Time Elapsed 00:00:00.24
========== Build: 0 succeeded, 1 failed, 0 up-to-date, 0 skipped ==========


Determining if the include file ndir.h exists failed with the following output:
Change Dir: D:/Development/op3d_active/dcmtk-3.6.0/msvc/CMakeFiles/CMakeTmp

Run Build Command:C:\PROGRA~2\MICROS~3.0\Common7\IDE\devenv.com CMAKE_TRY_COMPILE.sln /build Debug /project cmTryCompileExec4227610284

Microsoft (R) Microsoft Visual Studio 2012 Version 11.0.60610.1.
Copyright (C) Microsoft Corp. All rights reserved.
1>------ Build started: Project: cmTryCompileExec4227610284, Configuration: Debug Win32 ------
1>Build started 8/11/2013 5:02:55 PM.
1>PrepareForBuild:
1>  Creating directory "D:\Development\op3d_active\dcmtk-3.6.0\msvc\CMakeFiles\CMakeTmp\Debug\".
1>InitializeBuildStatus:
1>  Creating "cmTryCompileExec4227610284.dir\Debug\cmTryCompileExec4227610284.unsuccessfulbuild" because "AlwaysCreate" was specified.
1>ClCompile:
1>  Microsoft (R) C/C++ Optimizing Compiler Version 17.00.60610.1 for x86
1>  Copyright (C) Microsoft Corporation.  All rights reserved.
1>  
1>  cl /c /Zi /W3 /WX- /Od /Ob0 /Oy- /D WIN32 /D _WINDOWS /D _DEBUG /D "CMAKE_INTDIR=\"Debug\"" /D _MBCS /Gm- /EHsc /RTC1 /MDd /GS /fp:precise /Zc:wchar_t /Zc:forScope /GR /Fo"cmTryCompileExec4227610284.dir\Debug\\" /Fd"D:/Development/op3d_active/dcmtk-3.6.0/msvc/CMakeFiles/CMakeTmp/Debug/cmTryCompileExec4227610284.pdb" /Gd /TP /analyze- /errorReport:prompt  /Zm1000 CheckIncludeFile.cxx
1>  
1>  CheckIncludeFile.cxx
1>CheckIncludeFile.cxx(1): fatal error C1083: Cannot open include file: 'ndir.h': No such file or directory
1>
1>Build FAILED.
1>
1>Time Elapsed 00:00:00.22
========== Build: 0 succeeded, 1 failed, 0 up-to-date, 0 skipped ==========


Determining if the include file netdb.h exists failed with the following output:
Change Dir: D:/Development/op3d_active/dcmtk-3.6.0/msvc/CMakeFiles/CMakeTmp

Run Build Command:C:\PROGRA~2\MICROS~3.0\Common7\IDE\devenv.com CMAKE_TRY_COMPILE.sln /build Debug /project cmTryCompileExec907030275

Microsoft (R) Microsoft Visual Studio 2012 Version 11.0.60610.1.
Copyright (C) Microsoft Corp. All rights reserved.
1>------ Build started: Project: cmTryCompileExec907030275, Configuration: Debug Win32 ------
1>Build started 8/11/2013 5:02:58 PM.
1>PrepareForBuild:
1>  Creating directory "D:\Development\op3d_active\dcmtk-3.6.0\msvc\CMakeFiles\CMakeTmp\Debug\".
1>InitializeBuildStatus:
1>  Creating "cmTryCompileExec907030275.dir\Debug\cmTryCompileExec907030275.unsuccessfulbuild" because "AlwaysCreate" was specified.
1>ClCompile:
1>  Microsoft (R) C/C++ Optimizing Compiler Version 17.00.60610.1 for x86
1>  Copyright (C) Microsoft Corporation.  All rights reserved.
1>  
1>  cl /c /Zi /W3 /WX- /Od /Ob0 /Oy- /D WIN32 /D _WINDOWS /D _DEBUG /D "CMAKE_INTDIR=\"Debug\"" /D _MBCS /Gm- /EHsc /RTC1 /MDd /GS /fp:precise /Zc:wchar_t /Zc:forScope /GR /Fo"cmTryCompileExec907030275.dir\Debug\\" /Fd"D:/Development/op3d_active/dcmtk-3.6.0/msvc/CMakeFiles/CMakeTmp/Debug/cmTryCompileExec907030275.pdb" /Gd /TP /analyze- /errorReport:prompt  /Zm1000 CheckIncludeFile.cxx
1>  
1>  CheckIncludeFile.cxx
1>CheckIncludeFile.cxx(1): fatal error C1083: Cannot open include file: 'netdb.h': No such file or directory
1>
1>Build FAILED.
1>
1>Time Elapsed 00:00:00.24
========== Build: 0 succeeded, 1 failed, 0 up-to-date, 0 skipped ==========


Determining if the include file semaphore.h exists failed with the following output:
Change Dir: D:/Development/op3d_active/dcmtk-3.6.0/msvc/CMakeFiles/CMakeTmp

Run Build Command:C:\PROGRA~2\MICROS~3.0\Common7\IDE\devenv.com CMAKE_TRY_COMPILE.sln /build Debug /project cmTryCompileExec2034720051

Microsoft (R) Microsoft Visual Studio 2012 Version 11.0.60610.1.
Copyright (C) Microsoft Corp. All rights reserved.
1>------ Build started: Project: cmTryCompileExec2034720051, Configuration: Debug Win32 ------
1>Build started 8/11/2013 5:03:03 PM.
1>PrepareForBuild:
1>  Creating directory "D:\Development\op3d_active\dcmtk-3.6.0\msvc\CMakeFiles\CMakeTmp\Debug\".
1>InitializeBuildStatus:
1>  Creating "cmTryCompileExec2034720051.dir\Debug\cmTryCompileExec2034720051.unsuccessfulbuild" because "AlwaysCreate" was specified.
1>ClCompile:
1>  Microsoft (R) C/C++ Optimizing Compiler Version 17.00.60610.1 for x86
1>  Copyright (C) Microsoft Corporation.  All rights reserved.
1>  
1>  cl /c /Zi /W3 /WX- /Od /Ob0 /Oy- /D WIN32 /D _WINDOWS /D _DEBUG /D "CMAKE_INTDIR=\"Debug\"" /D _MBCS /Gm- /EHsc /RTC1 /MDd /GS /fp:precise /Zc:wchar_t /Zc:forScope /GR /Fo"cmTryCompileExec2034720051.dir\Debug\\" /Fd"D:/Development/op3d_active/dcmtk-3.6.0/msvc/CMakeFiles/CMakeTmp/Debug/cmTryCompileExec2034720051.pdb" /Gd /TP /analyze- /errorReport:prompt  /Zm1000 CheckIncludeFile.cxx
1>  
1>  CheckIncludeFile.cxx
1>CheckIncludeFile.cxx(1): fatal error C1083: Cannot open include file: 'semaphore.h': No such file or directory
1>
1>Build FAILED.
1>
1>Time Elapsed 00:00:00.24
========== Build: 0 succeeded, 1 failed, 0 up-to-date, 0 skipped ==========


Determining if the include file sstream.h exists failed with the following output:
Change Dir: D:/Development/op3d_active/dcmtk-3.6.0/msvc/CMakeFiles/CMakeTmp

Run Build Command:C:\PROGRA~2\MICROS~3.0\Common7\IDE\devenv.com CMAKE_TRY_COMPILE.sln /build Debug /project cmTryCompileExec2922916116

Microsoft (R) Microsoft Visual Studio 2012 Version 11.0.60610.1.
Copyright (C) Microsoft Corp. All rights reserved.
1>------ Build started: Project: cmTryCompileExec2922916116, Configuration: Debug Win32 ------
1>Build started 8/11/2013 5:03:12 PM.
1>PrepareForBuild:
1>  Creating directory "D:\Development\op3d_active\dcmtk-3.6.0\msvc\CMakeFiles\CMakeTmp\Debug\".
1>InitializeBuildStatus:
1>  Creating "cmTryCompileExec2922916116.dir\Debug\cmTryCompileExec2922916116.unsuccessfulbuild" because "AlwaysCreate" was specified.
1>ClCompile:
1>  Microsoft (R) C/C++ Optimizing Compiler Version 17.00.60610.1 for x86
1>  Copyright (C) Microsoft Corporation.  All rights reserved.
1>  
1>  cl /c /Zi /W3 /WX- /Od /Ob0 /Oy- /D WIN32 /D _WINDOWS /D _DEBUG /D "CMAKE_INTDIR=\"Debug\"" /D _MBCS /Gm- /EHsc /RTC1 /MDd /GS /fp:precise /Zc:wchar_t /Zc:forScope /GR /Fo"cmTryCompileExec2922916116.dir\Debug\\" /Fd"D:/Development/op3d_active/dcmtk-3.6.0/msvc/CMakeFiles/CMakeTmp/Debug/cmTryCompileExec2922916116.pdb" /Gd /TP /analyze- /errorReport:prompt  /Zm1000 CheckIncludeFile.cxx
1>  
1>  CheckIncludeFile.cxx
1>CheckIncludeFile.cxx(1): fatal error C1083: Cannot open include file: 'sstream.h': No such file or directory
1>
1>Build FAILED.
1>
1>Time Elapsed 00:00:00.24
========== Build: 0 succeeded, 1 failed, 0 up-to-date, 0 skipped ==========


Determining if the include file stat.h exists failed with the following output:
Change Dir: D:/Development/op3d_active/dcmtk-3.6.0/msvc/CMakeFiles/CMakeTmp

Run Build Command:C:\PROGRA~2\MICROS~3.0\Common7\IDE\devenv.com CMAKE_TRY_COMPILE.sln /build Debug /project cmTryCompileExec1779265899

Microsoft (R) Microsoft Visual Studio 2012 Version 11.0.60610.1.
Copyright (C) Microsoft Corp. All rights reserved.
1>------ Build started: Project: cmTryCompileExec1779265899, Configuration: Debug Win32 ------
1>Build started 8/11/2013 5:03:15 PM.
1>PrepareForBuild:
1>  Creating directory "D:\Development\op3d_active\dcmtk-3.6.0\msvc\CMakeFiles\CMakeTmp\Debug\".
1>InitializeBuildStatus:
1>  Creating "cmTryCompileExec1779265899.dir\Debug\cmTryCompileExec1779265899.unsuccessfulbuild" because "AlwaysCreate" was specified.
1>ClCompile:
1>  Microsoft (R) C/C++ Optimizing Compiler Version 17.00.60610.1 for x86
1>  Copyright (C) Microsoft Corporation.  All rights reserved.
1>  
1>  cl /c /Zi /W3 /WX- /Od /Ob0 /Oy- /D WIN32 /D _WINDOWS /D _DEBUG /D "CMAKE_INTDIR=\"Debug\"" /D _MBCS /Gm- /EHsc /RTC1 /MDd /GS /fp:precise /Zc:wchar_t /Zc:forScope /GR /Fo"cmTryCompileExec1779265899.dir\Debug\\" /Fd"D:/Development/op3d_active/dcmtk-3.6.0/msvc/CMakeFiles/CMakeTmp/Debug/cmTryCompileExec1779265899.pdb" /Gd /TP /analyze- /errorReport:prompt  /Zm1000 CheckIncludeFile.cxx
1>  
1>  CheckIncludeFile.cxx
1>CheckIncludeFile.cxx(1): fatal error C1083: Cannot open include file: 'stat.h': No such file or directory
1>
1>Build FAILED.
1>
1>Time Elapsed 00:00:00.32
========== Build: 0 succeeded, 1 failed, 0 up-to-date, 0 skipped ==========


Determining if the include file strings.h exists failed with the following output:
Change Dir: D:/Development/op3d_active/dcmtk-3.6.0/msvc/CMakeFiles/CMakeTmp

Run Build Command:C:\PROGRA~2\MICROS~3.0\Common7\IDE\devenv.com CMAKE_TRY_COMPILE.sln /build Debug /project cmTryCompileExec98985276

Microsoft (R) Microsoft Visual Studio 2012 Version 11.0.60610.1.
Copyright (C) Microsoft Corp. All rights reserved.
1>------ Build started: Project: cmTryCompileExec98985276, Configuration: Debug Win32 ------
1>Build started 8/11/2013 5:03:23 PM.
1>PrepareForBuild:
1>  Creating directory "D:\Development\op3d_active\dcmtk-3.6.0\msvc\CMakeFiles\CMakeTmp\Debug\".
1>InitializeBuildStatus:
1>  Creating "cmTryCompileExec98985276.dir\Debug\cmTryCompileExec98985276.unsuccessfulbuild" because "AlwaysCreate" was specified.
1>ClCompile:
1>  Microsoft (R) C/C++ Optimizing Compiler Version 17.00.60610.1 for x86
1>  Copyright (C) Microsoft Corporation.  All rights reserved.
1>  
1>  cl /c /Zi /W3 /WX- /Od /Ob0 /Oy- /D WIN32 /D _WINDOWS /D _DEBUG /D "CMAKE_INTDIR=\"Debug\"" /D _MBCS /Gm- /EHsc /RTC1 /MDd /GS /fp:precise /Zc:wchar_t /Zc:forScope /GR /Fo"cmTryCompileExec98985276.dir\Debug\\" /Fd"D:/Development/op3d_active/dcmtk-3.6.0/msvc/CMakeFiles/CMakeTmp/Debug/cmTryCompileExec98985276.pdb" /Gd /TP /analyze- /errorReport:prompt  /Zm1000 CheckIncludeFile.cxx
1>  
1>  CheckIncludeFile.cxx
1>CheckIncludeFile.cxx(1): fatal error C1083: Cannot open include file: 'strings.h': No such file or directory
1>
1>Build FAILED.
1>
1>Time Elapsed 00:00:00.24
========== Build: 0 succeeded, 1 failed, 0 up-to-date, 0 skipped ==========


Determining if the include file strstream.h exists failed with the following output:
Change Dir: D:/Development/op3d_active/dcmtk-3.6.0/msvc/CMakeFiles/CMakeTmp

Run Build Command:C:\PROGRA~2\MICROS~3.0\Common7\IDE\devenv.com CMAKE_TRY_COMPILE.sln /build Debug /project cmTryCompileExec3126750886

Microsoft (R) Microsoft Visual Studio 2012 Version 11.0.60610.1.
Copyright (C) Microsoft Corp. All rights reserved.
1>------ Build started: Project: cmTryCompileExec3126750886, Configuration: Debug Win32 ------
1>Build started 8/11/2013 5:03:28 PM.
1>PrepareForBuild:
1>  Creating directory "D:\Development\op3d_active\dcmtk-3.6.0\msvc\CMakeFiles\CMakeTmp\Debug\".
1>InitializeBuildStatus:
1>  Creating "cmTryCompileExec3126750886.dir\Debug\cmTryCompileExec3126750886.unsuccessfulbuild" because "AlwaysCreate" was specified.
1>ClCompile:
1>  Microsoft (R) C/C++ Optimizing Compiler Version 17.00.60610.1 for x86
1>  Copyright (C) Microsoft Corporation.  All rights reserved.
1>  
1>  cl /c /Zi /W3 /WX- /Od /Ob0 /Oy- /D WIN32 /D _WINDOWS /D _DEBUG /D "CMAKE_INTDIR=\"Debug\"" /D _MBCS /Gm- /EHsc /RTC1 /MDd /GS /fp:precise /Zc:wchar_t /Zc:forScope /GR /Fo"cmTryCompileExec3126750886.dir\Debug\\" /Fd"D:/Development/op3d_active/dcmtk-3.6.0/msvc/CMakeFiles/CMakeTmp/Debug/cmTryCompileExec3126750886.pdb" /Gd /TP /analyze- /errorReport:prompt  /Zm1000 CheckIncludeFile.cxx
1>  
1>  CheckIncludeFile.cxx
1>CheckIncludeFile.cxx(1): fatal error C1083: Cannot open include file: 'strstream.h': No such file or directory
1>
1>Build FAILED.
1>
1>Time Elapsed 00:00:00.25
========== Build: 0 succeeded, 1 failed, 0 up-to-date, 0 skipped ==========


Determining if the include file strstrea.h exists failed with the following output:
Change Dir: D:/Development/op3d_active/dcmtk-3.6.0/msvc/CMakeFiles/CMakeTmp

Run Build Command:C:\PROGRA~2\MICROS~3.0\Common7\IDE\devenv.com CMAKE_TRY_COMPILE.sln /build Debug /project cmTryCompileExec3398298779

Microsoft (R) Microsoft Visual Studio 2012 Version 11.0.60610.1.
Copyright (C) Microsoft Corp. All rights reserved.
1>------ Build started: Project: cmTryCompileExec3398298779, Configuration: Debug Win32 ------
1>Build started 8/11/2013 5:03:34 PM.
1>PrepareForBuild:
1>  Creating directory "D:\Development\op3d_active\dcmtk-3.6.0\msvc\CMakeFiles\CMakeTmp\Debug\".
1>InitializeBuildStatus:
1>  Creating "cmTryCompileExec3398298779.dir\Debug\cmTryCompileExec3398298779.unsuccessfulbuild" because "AlwaysCreate" was specified.
1>ClCompile:
1>  Microsoft (R) C/C++ Optimizing Compiler Version 17.00.60610.1 for x86
1>  Copyright (C) Microsoft Corporation.  All rights reserved.
1>  
1>  cl /c /Zi /W3 /WX- /Od /Ob0 /Oy- /D WIN32 /D _WINDOWS /D _DEBUG /D "CMAKE_INTDIR=\"Debug\"" /D _MBCS /Gm- /EHsc /RTC1 /MDd /GS /fp:precise /Zc:wchar_t /Zc:forScope /GR /Fo"cmTryCompileExec3398298779.dir\Debug\\" /Fd"D:/Development/op3d_active/dcmtk-3.6.0/msvc/CMakeFiles/CMakeTmp/Debug/cmTryCompileExec3398298779.pdb" /Gd /TP /analyze- /errorReport:prompt  /Zm1000 CheckIncludeFile.cxx
1>  
1>  CheckIncludeFile.cxx
1>CheckIncludeFile.cxx(1): fatal error C1083: Cannot open include file: 'strstrea.h': No such file or directory
1>
1>Build FAILED.
1>
1>Time Elapsed 00:00:00.22
========== Build: 0 succeeded, 1 failed, 0 up-to-date, 0 skipped ==========


Determining if the include file synch.h exists failed with the following output:
Change Dir: D:/Development/op3d_active/dcmtk-3.6.0/msvc/CMakeFiles/CMakeTmp

Run Build Command:C:\PROGRA~2\MICROS~3.0\Common7\IDE\devenv.com CMAKE_TRY_COMPILE.sln /build Debug /project cmTryCompileExec3414879588

Microsoft (R) Microsoft Visual Studio 2012 Version 11.0.60610.1.
Copyright (C) Microsoft Corp. All rights reserved.
1>------ Build started: Project: cmTryCompileExec3414879588, Configuration: Debug Win32 ------
1>Build started 8/11/2013 5:03:37 PM.
1>PrepareForBuild:
1>  Creating directory "D:\Development\op3d_active\dcmtk-3.6.0\msvc\CMakeFiles\CMakeTmp\Debug\".
1>InitializeBuildStatus:
1>  Creating "cmTryCompileExec3414879588.dir\Debug\cmTryCompileExec3414879588.unsuccessfulbuild" because "AlwaysCreate" was specified.
1>ClCompile:
1>  Microsoft (R) C/C++ Optimizing Compiler Version 17.00.60610.1 for x86
1>  Copyright (C) Microsoft Corporation.  All rights reserved.
1>  
1>  cl /c /Zi /W3 /WX- /Od /Ob0 /Oy- /D WIN32 /D _WINDOWS /D _DEBUG /D "CMAKE_INTDIR=\"Debug\"" /D _MBCS /Gm- /EHsc /RTC1 /MDd /GS /fp:precise /Zc:wchar_t /Zc:forScope /GR /Fo"cmTryCompileExec3414879588.dir\Debug\\" /Fd"D:/Development/op3d_active/dcmtk-3.6.0/msvc/CMakeFiles/CMakeTmp/Debug/cmTryCompileExec3414879588.pdb" /Gd /TP /analyze- /errorReport:prompt  /Zm1000 CheckIncludeFile.cxx
1>  
1>  CheckIncludeFile.cxx
1>CheckIncludeFile.cxx(1): fatal error C1083: Cannot open include file: 'synch.h': No such file or directory
1>
1>Build FAILED.
1>
1>Time Elapsed 00:00:00.26
========== Build: 0 succeeded, 1 failed, 0 up-to-date, 0 skipped ==========


Determining if the include file sys/errno.h exists failed with the following output:
Change Dir: D:/Development/op3d_active/dcmtk-3.6.0/msvc/CMakeFiles/CMakeTmp

Run Build Command:C:\PROGRA~2\MICROS~3.0\Common7\IDE\devenv.com CMAKE_TRY_COMPILE.sln /build Debug /project cmTryCompileExec2081983342

Microsoft (R) Microsoft Visual Studio 2012 Version 11.0.60610.1.
Copyright (C) Microsoft Corp. All rights reserved.
1>------ Build started: Project: cmTryCompileExec2081983342, Configuration: Debug Win32 ------
1>Build started 8/11/2013 5:03:39 PM.
1>PrepareForBuild:
1>  Creating directory "D:\Development\op3d_active\dcmtk-3.6.0\msvc\CMakeFiles\CMakeTmp\Debug\".
1>InitializeBuildStatus:
1>  Creating "cmTryCompileExec2081983342.dir\Debug\cmTryCompileExec2081983342.unsuccessfulbuild" because "AlwaysCreate" was specified.
1>ClCompile:
1>  Microsoft (R) C/C++ Optimizing Compiler Version 17.00.60610.1 for x86
1>  Copyright (C) Microsoft Corporation.  All rights reserved.
1>  
1>  cl /c /Zi /W3 /WX- /Od /Ob0 /Oy- /D WIN32 /D _WINDOWS /D _DEBUG /D "CMAKE_INTDIR=\"Debug\"" /D _MBCS /Gm- /EHsc /RTC1 /MDd /GS /fp:precise /Zc:wchar_t /Zc:forScope /GR /Fo"cmTryCompileExec2081983342.dir\Debug\\" /Fd"D:/Development/op3d_active/dcmtk-3.6.0/msvc/CMakeFiles/CMakeTmp/Debug/cmTryCompileExec2081983342.pdb" /Gd /TP /analyze- /errorReport:prompt  /Zm1000 CheckIncludeFile.cxx
1>  
1>  CheckIncludeFile.cxx
1>CheckIncludeFile.cxx(1): fatal error C1083: Cannot open include file: 'sys/errno.h': No such file or directory
1>
1>Build FAILED.
1>
1>Time Elapsed 00:00:00.25
========== Build: 0 succeeded, 1 failed, 0 up-to-date, 0 skipped ==========


Determining if the include file sys/dir.h exists failed with the following output:
Change Dir: D:/Development/op3d_active/dcmtk-3.6.0/msvc/CMakeFiles/CMakeTmp

Run Build Command:C:\PROGRA~2\MICROS~3.0\Common7\IDE\devenv.com CMAKE_TRY_COMPILE.sln /build Debug /project cmTryCompileExec1886809056

Microsoft (R) Microsoft Visual Studio 2012 Version 11.0.60610.1.
Copyright (C) Microsoft Corp. All rights reserved.
1>------ Build started: Project: cmTryCompileExec1886809056, Configuration: Debug Win32 ------
1>Build started 8/11/2013 5:03:41 PM.
1>PrepareForBuild:
1>  Creating directory "D:\Development\op3d_active\dcmtk-3.6.0\msvc\CMakeFiles\CMakeTmp\Debug\".
1>InitializeBuildStatus:
1>  Creating "cmTryCompileExec1886809056.dir\Debug\cmTryCompileExec1886809056.unsuccessfulbuild" because "AlwaysCreate" was specified.
1>ClCompile:
1>  Microsoft (R) C/C++ Optimizing Compiler Version 17.00.60610.1 for x86
1>  Copyright (C) Microsoft Corporation.  All rights reserved.
1>  
1>  cl /c /Zi /W3 /WX- /Od /Ob0 /Oy- /D WIN32 /D _WINDOWS /D _DEBUG /D "CMAKE_INTDIR=\"Debug\"" /D _MBCS /Gm- /EHsc /RTC1 /MDd /GS /fp:precise /Zc:wchar_t /Zc:forScope /GR /Fo"cmTryCompileExec1886809056.dir\Debug\\" /Fd"D:/Development/op3d_active/dcmtk-3.6.0/msvc/CMakeFiles/CMakeTmp/Debug/cmTryCompileExec1886809056.pdb" /Gd /TP /analyze- /errorReport:prompt  /Zm1000 CheckIncludeFile.cxx
1>  
1>  CheckIncludeFile.cxx
1>CheckIncludeFile.cxx(1): fatal error C1083: Cannot open include file: 'sys/dir.h': No such file or directory
1>
1>Build FAILED.
1>
1>Time Elapsed 00:00:00.25
========== Build: 0 succeeded, 1 failed, 0 up-to-date, 0 skipped ==========


Determining if the include file sys/file.h exists failed with the following output:
Change Dir: D:/Development/op3d_active/dcmtk-3.6.0/msvc/CMakeFiles/CMakeTmp

Run Build Command:C:\PROGRA~2\MICROS~3.0\Common7\IDE\devenv.com CMAKE_TRY_COMPILE.sln /build Debug /project cmTryCompileExec139505240

Microsoft (R) Microsoft Visual Studio 2012 Version 11.0.60610.1.
Copyright (C) Microsoft Corp. All rights reserved.
1>------ Build started: Project: cmTryCompileExec139505240, Configuration: Debug Win32 ------
1>Build started 8/11/2013 5:03:44 PM.
1>PrepareForBuild:
1>  Creating directory "D:\Development\op3d_active\dcmtk-3.6.0\msvc\CMakeFiles\CMakeTmp\Debug\".
1>InitializeBuildStatus:
1>  Creating "cmTryCompileExec139505240.dir\Debug\cmTryCompileExec139505240.unsuccessfulbuild" because "AlwaysCreate" was specified.
1>ClCompile:
1>  Microsoft (R) C/C++ Optimizing Compiler Version 17.00.60610.1 for x86
1>  Copyright (C) Microsoft Corporation.  All rights reserved.
1>  
1>  cl /c /Zi /W3 /WX- /Od /Ob0 /Oy- /D WIN32 /D _WINDOWS /D _DEBUG /D "CMAKE_INTDIR=\"Debug\"" /D _MBCS /Gm- /EHsc /RTC1 /MDd /GS /fp:precise /Zc:wchar_t /Zc:forScope /GR /Fo"cmTryCompileExec139505240.dir\Debug\\" /Fd"D:/Development/op3d_active/dcmtk-3.6.0/msvc/CMakeFiles/CMakeTmp/Debug/cmTryCompileExec139505240.pdb" /Gd /TP /analyze- /errorReport:prompt  /Zm1000 CheckIncludeFile.cxx
1>  
1>  CheckIncludeFile.cxx
1>CheckIncludeFile.cxx(1): fatal error C1083: Cannot open include file: 'sys/file.h': No such file or directory
1>
1>Build FAILED.
1>
1>Time Elapsed 00:00:00.25
========== Build: 0 succeeded, 1 failed, 0 up-to-date, 0 skipped ==========


Determining if the include file sys/ndir.h exists failed with the following output:
Change Dir: D:/Development/op3d_active/dcmtk-3.6.0/msvc/CMakeFiles/CMakeTmp

Run Build Command:C:\PROGRA~2\MICROS~3.0\Common7\IDE\devenv.com CMAKE_TRY_COMPILE.sln /build Debug /project cmTryCompileExec750654194

Microsoft (R) Microsoft Visual Studio 2012 Version 11.0.60610.1.
Copyright (C) Microsoft Corp. All rights reserved.
1>------ Build started: Project: cmTryCompileExec750654194, Configuration: Debug Win32 ------
1>Build started 8/11/2013 5:03:46 PM.
1>PrepareForBuild:
1>  Creating directory "D:\Development\op3d_active\dcmtk-3.6.0\msvc\CMakeFiles\CMakeTmp\Debug\".
1>InitializeBuildStatus:
1>  Creating "cmTryCompileExec750654194.dir\Debug\cmTryCompileExec750654194.unsuccessfulbuild" because "AlwaysCreate" was specified.
1>ClCompile:
1>  Microsoft (R) C/C++ Optimizing Compiler Version 17.00.60610.1 for x86
1>  Copyright (C) Microsoft Corporation.  All rights reserved.
1>  
1>  cl /c /Zi /W3 /WX- /Od /Ob0 /Oy- /D WIN32 /D _WINDOWS /D _DEBUG /D "CMAKE_INTDIR=\"Debug\"" /D _MBCS /Gm- /EHsc /RTC1 /MDd /GS /fp:precise /Zc:wchar_t /Zc:forScope /GR /Fo"cmTryCompileExec750654194.dir\Debug\\" /Fd"D:/Development/op3d_active/dcmtk-3.6.0/msvc/CMakeFiles/CMakeTmp/Debug/cmTryCompileExec750654194.pdb" /Gd /TP /analyze- /errorReport:prompt  /Zm1000 CheckIncludeFile.cxx
1>  
1>  CheckIncludeFile.cxx
1>CheckIncludeFile.cxx(1): fatal error C1083: Cannot open include file: 'sys/ndir.h': No such file or directory
1>
1>Build FAILED.
1>
1>Time Elapsed 00:00:00.24
========== Build: 0 succeeded, 1 failed, 0 up-to-date, 0 skipped ==========


Determining if the include file sys/param.h exists failed with the following output:
Change Dir: D:/Development/op3d_active/dcmtk-3.6.0/msvc/CMakeFiles/CMakeTmp

Run Build Command:C:\PROGRA~2\MICROS~3.0\Common7\IDE\devenv.com CMAKE_TRY_COMPILE.sln /build Debug /project cmTryCompileExec521034462

Microsoft (R) Microsoft Visual Studio 2012 Version 11.0.60610.1.
Copyright (C) Microsoft Corp. All rights reserved.
1>------ Build started: Project: cmTryCompileExec521034462, Configuration: Debug Win32 ------
1>Build started 8/11/2013 5:03:49 PM.
1>PrepareForBuild:
1>  Creating directory "D:\Development\op3d_active\dcmtk-3.6.0\msvc\CMakeFiles\CMakeTmp\Debug\".
1>InitializeBuildStatus:
1>  Creating "cmTryCompileExec521034462.dir\Debug\cmTryCompileExec521034462.unsuccessfulbuild" because "AlwaysCreate" was specified.
1>ClCompile:
1>  Microsoft (R) C/C++ Optimizing Compiler Version 17.00.60610.1 for x86
1>  Copyright (C) Microsoft Corporation.  All rights reserved.
1>  
1>  cl /c /Zi /W3 /WX- /Od /Ob0 /Oy- /D WIN32 /D _WINDOWS /D _DEBUG /D "CMAKE_INTDIR=\"Debug\"" /D _MBCS /Gm- /EHsc /RTC1 /MDd /GS /fp:precise /Zc:wchar_t /Zc:forScope /GR /Fo"cmTryCompileExec521034462.dir\Debug\\" /Fd"D:/Development/op3d_active/dcmtk-3.6.0/msvc/CMakeFiles/CMakeTmp/Debug/cmTryCompileExec521034462.pdb" /Gd /TP /analyze- /errorReport:prompt  /Zm1000 CheckIncludeFile.cxx
1>  
1>  CheckIncludeFile.cxx
1>CheckIncludeFile.cxx(1): fatal error C1083: Cannot open include file: 'sys/param.h': No such file or directory
1>
1>Build FAILED.
1>
1>Time Elapsed 00:00:00.24
========== Build: 0 succeeded, 1 failed, 0 up-to-date, 0 skipped ==========


Determining if the include file sys/resource.h exists failed with the following output:
Change Dir: D:/Development/op3d_active/dcmtk-3.6.0/msvc/CMakeFiles/CMakeTmp

Run Build Command:C:\PROGRA~2\MICROS~3.0\Common7\IDE\devenv.com CMAKE_TRY_COMPILE.sln /build Debug /project cmTryCompileExec250765796

Microsoft (R) Microsoft Visual Studio 2012 Version 11.0.60610.1.
Copyright (C) Microsoft Corp. All rights reserved.
1>------ Build started: Project: cmTryCompileExec250765796, Configuration: Debug Win32 ------
1>Build started 8/11/2013 5:03:51 PM.
1>PrepareForBuild:
1>  Creating directory "D:\Development\op3d_active\dcmtk-3.6.0\msvc\CMakeFiles\CMakeTmp\Debug\".
1>InitializeBuildStatus:
1>  Creating "cmTryCompileExec250765796.dir\Debug\cmTryCompileExec250765796.unsuccessfulbuild" because "AlwaysCreate" was specified.
1>ClCompile:
1>  Microsoft (R) C/C++ Optimizing Compiler Version 17.00.60610.1 for x86
1>  Copyright (C) Microsoft Corporation.  All rights reserved.
1>  
1>  cl /c /Zi /W3 /WX- /Od /Ob0 /Oy- /D WIN32 /D _WINDOWS /D _DEBUG /D "CMAKE_INTDIR=\"Debug\"" /D _MBCS /Gm- /EHsc /RTC1 /MDd /GS /fp:precise /Zc:wchar_t /Zc:forScope /GR /Fo"cmTryCompileExec250765796.dir\Debug\\" /Fd"D:/Development/op3d_active/dcmtk-3.6.0/msvc/CMakeFiles/CMakeTmp/Debug/cmTryCompileExec250765796.pdb" /Gd /TP /analyze- /errorReport:prompt  /Zm1000 CheckIncludeFile.cxx
1>  
1>  CheckIncludeFile.cxx
1>CheckIncludeFile.cxx(1): fatal error C1083: Cannot open include file: 'sys/resource.h': No such file or directory
1>
1>Build FAILED.
1>
1>Time Elapsed 00:00:00.23
========== Build: 0 succeeded, 1 failed, 0 up-to-date, 0 skipped ==========


Determining if the include file sys/select.h exists failed with the following output:
Change Dir: D:/Development/op3d_active/dcmtk-3.6.0/msvc/CMakeFiles/CMakeTmp

Run Build Command:C:\PROGRA~2\MICROS~3.0\Common7\IDE\devenv.com CMAKE_TRY_COMPILE.sln /build Debug /project cmTryCompileExec1782489340

Microsoft (R) Microsoft Visual Studio 2012 Version 11.0.60610.1.
Copyright (C) Microsoft Corp. All rights reserved.
1>------ Build started: Project: cmTryCompileExec1782489340, Configuration: Debug Win32 ------
1>Build started 8/11/2013 5:03:53 PM.
1>PrepareForBuild:
1>  Creating directory "D:\Development\op3d_active\dcmtk-3.6.0\msvc\CMakeFiles\CMakeTmp\Debug\".
1>InitializeBuildStatus:
1>  Creating "cmTryCompileExec1782489340.dir\Debug\cmTryCompileExec1782489340.unsuccessfulbuild" because "AlwaysCreate" was specified.
1>ClCompile:
1>  Microsoft (R) C/C++ Optimizing Compiler Version 17.00.60610.1 for x86
1>  Copyright (C) Microsoft Corporation.  All rights reserved.
1>  
1>  cl /c /Zi /W3 /WX- /Od /Ob0 /Oy- /D WIN32 /D _WINDOWS /D _DEBUG /D "CMAKE_INTDIR=\"Debug\"" /D _MBCS /Gm- /EHsc /RTC1 /MDd /GS /fp:precise /Zc:wchar_t /Zc:forScope /GR /Fo"cmTryCompileExec1782489340.dir\Debug\\" /Fd"D:/Development/op3d_active/dcmtk-3.6.0/msvc/CMakeFiles/CMakeTmp/Debug/cmTryCompileExec1782489340.pdb" /Gd /TP /analyze- /errorReport:prompt  /Zm1000 CheckIncludeFile.cxx
1>  
1>  CheckIncludeFile.cxx
1>CheckIncludeFile.cxx(1): fatal error C1083: Cannot open include file: 'sys/select.h': No such file or directory
1>
1>Build FAILED.
1>
1>Time Elapsed 00:00:00.24
========== Build: 0 succeeded, 1 failed, 0 up-to-date, 0 skipped ==========


Determining if the include file sys/time.h exists failed with the following output:
Change Dir: D:/Development/op3d_active/dcmtk-3.6.0/msvc/CMakeFiles/CMakeTmp

Run Build Command:C:\PROGRA~2\MICROS~3.0\Common7\IDE\devenv.com CMAKE_TRY_COMPILE.sln /build Debug /project cmTryCompileExec391311754

Microsoft (R) Microsoft Visual Studio 2012 Version 11.0.60610.1.
Copyright (C) Microsoft Corp. All rights reserved.
1>------ Build started: Project: cmTryCompileExec391311754, Configuration: Debug Win32 ------
1>Build started 8/11/2013 5:03:56 PM.
1>PrepareForBuild:
1>  Creating directory "D:\Development\op3d_active\dcmtk-3.6.0\msvc\CMakeFiles\CMakeTmp\Debug\".
1>InitializeBuildStatus:
1>  Creating "cmTryCompileExec391311754.dir\Debug\cmTryCompileExec391311754.unsuccessfulbuild" because "AlwaysCreate" was specified.
1>ClCompile:
1>  Microsoft (R) C/C++ Optimizing Compiler Version 17.00.60610.1 for x86
1>  Copyright (C) Microsoft Corporation.  All rights reserved.
1>  
1>  cl /c /Zi /W3 /WX- /Od /Ob0 /Oy- /D WIN32 /D _WINDOWS /D _DEBUG /D "CMAKE_INTDIR=\"Debug\"" /D _MBCS /Gm- /EHsc /RTC1 /MDd /GS /fp:precise /Zc:wchar_t /Zc:forScope /GR /Fo"cmTryCompileExec391311754.dir\Debug\\" /Fd"D:/Development/op3d_active/dcmtk-3.6.0/msvc/CMakeFiles/CMakeTmp/Debug/cmTryCompileExec391311754.pdb" /Gd /TP /analyze- /errorReport:prompt  /Zm1000 CheckIncludeFile.cxx
1>  
1>  CheckIncludeFile.cxx
1>CheckIncludeFile.cxx(1): fatal error C1083: Cannot open include file: 'sys/time.h': No such file or directory
1>
1>Build FAILED.
1>
1>Time Elapsed 00:00:00.26
========== Build: 0 succeeded, 1 failed, 0 up-to-date, 0 skipped ==========


Determining if the include file sys/utsname.h exists failed with the following output:
Change Dir: D:/Development/op3d_active/dcmtk-3.6.0/msvc/CMakeFiles/CMakeTmp

Run Build Command:C:\PROGRA~2\MICROS~3.0\Common7\IDE\devenv.com CMAKE_TRY_COMPILE.sln /build Debug /project cmTryCompileExec2985699134

Microsoft (R) Microsoft Visual Studio 2012 Version 11.0.60610.1.
Copyright (C) Microsoft Corp. All rights reserved.
1>------ Build started: Project: cmTryCompileExec2985699134, Configuration: Debug Win32 ------
1>Build started 8/11/2013 5:04:01 PM.
1>PrepareForBuild:
1>  Creating directory "D:\Development\op3d_active\dcmtk-3.6.0\msvc\CMakeFiles\CMakeTmp\Debug\".
1>InitializeBuildStatus:
1>  Creating "cmTryCompileExec2985699134.dir\Debug\cmTryCompileExec2985699134.unsuccessfulbuild" because "AlwaysCreate" was specified.
1>ClCompile:
1>  Microsoft (R) C/C++ Optimizing Compiler Version 17.00.60610.1 for x86
1>  Copyright (C) Microsoft Corporation.  All rights reserved.
1>  
1>  cl /c /Zi /W3 /WX- /Od /Ob0 /Oy- /D WIN32 /D _WINDOWS /D _DEBUG /D "CMAKE_INTDIR=\"Debug\"" /D _MBCS /Gm- /EHsc /RTC1 /MDd /GS /fp:precise /Zc:wchar_t /Zc:forScope /GR /Fo"cmTryCompileExec2985699134.dir\Debug\\" /Fd"D:/Development/op3d_active/dcmtk-3.6.0/msvc/CMakeFiles/CMakeTmp/Debug/cmTryCompileExec2985699134.pdb" /Gd /TP /analyze- /errorReport:prompt  /Zm1000 CheckIncludeFile.cxx
1>  
1>  CheckIncludeFile.cxx
1>CheckIncludeFile.cxx(1): fatal error C1083: Cannot open include file: 'sys/utsname.h': No such file or directory
1>
1>Build FAILED.
1>
1>Time Elapsed 00:00:00.26
========== Build: 0 succeeded, 1 failed, 0 up-to-date, 0 skipped ==========


Determining if the include file sys/wait.h exists failed with the following output:
Change Dir: D:/Development/op3d_active/dcmtk-3.6.0/msvc/CMakeFiles/CMakeTmp

Run Build Command:C:\PROGRA~2\MICROS~3.0\Common7\IDE\devenv.com CMAKE_TRY_COMPILE.sln /build Debug /project cmTryCompileExec398341513

Microsoft (R) Microsoft Visual Studio 2012 Version 11.0.60610.1.
Copyright (C) Microsoft Corp. All rights reserved.
1>------ Build started: Project: cmTryCompileExec398341513, Configuration: Debug Win32 ------
1>Build started 8/11/2013 5:04:03 PM.
1>PrepareForBuild:
1>  Creating directory "D:\Development\op3d_active\dcmtk-3.6.0\msvc\CMakeFiles\CMakeTmp\Debug\".
1>InitializeBuildStatus:
1>  Creating "cmTryCompileExec398341513.dir\Debug\cmTryCompileExec398341513.unsuccessfulbuild" because "AlwaysCreate" was specified.
1>ClCompile:
1>  Microsoft (R) C/C++ Optimizing Compiler Version 17.00.60610.1 for x86
1>  Copyright (C) Microsoft Corporation.  All rights reserved.
1>  
1>  cl /c /Zi /W3 /WX- /Od /Ob0 /Oy- /D WIN32 /D _WINDOWS /D _DEBUG /D "CMAKE_INTDIR=\"Debug\"" /D _MBCS /Gm- /EHsc /RTC1 /MDd /GS /fp:precise /Zc:wchar_t /Zc:forScope /GR /Fo"cmTryCompileExec398341513.dir\Debug\\" /Fd"D:/Development/op3d_active/dcmtk-3.6.0/msvc/CMakeFiles/CMakeTmp/Debug/cmTryCompileExec398341513.pdb" /Gd /TP /analyze- /errorReport:prompt  /Zm1000 CheckIncludeFile.cxx
1>  
1>  CheckIncludeFile.cxx
1>CheckIncludeFile.cxx(1): fatal error C1083: Cannot open include file: 'sys/wait.h': No such file or directory
1>
1>Build FAILED.
1>
1>Time Elapsed 00:00:00.25
========== Build: 0 succeeded, 1 failed, 0 up-to-date, 0 skipped ==========


Determining if the include file sys/socket.h exists failed with the following output:
Change Dir: D:/Development/op3d_active/dcmtk-3.6.0/msvc/CMakeFiles/CMakeTmp

Run Build Command:C:\PROGRA~2\MICROS~3.0\Common7\IDE\devenv.com CMAKE_TRY_COMPILE.sln /build Debug /project cmTryCompileExec42709121

Microsoft (R) Microsoft Visual Studio 2012 Version 11.0.60610.1.
Copyright (C) Microsoft Corp. All rights reserved.
1>------ Build started: Project: cmTryCompileExec42709121, Configuration: Debug Win32 ------
1>Build started 8/11/2013 5:04:06 PM.
1>PrepareForBuild:
1>  Creating directory "D:\Development\op3d_active\dcmtk-3.6.0\msvc\CMakeFiles\CMakeTmp\Debug\".
1>InitializeBuildStatus:
1>  Creating "cmTryCompileExec42709121.dir\Debug\cmTryCompileExec42709121.unsuccessfulbuild" because "AlwaysCreate" was specified.
1>ClCompile:
1>  Microsoft (R) C/C++ Optimizing Compiler Version 17.00.60610.1 for x86
1>  Copyright (C) Microsoft Corporation.  All rights reserved.
1>  
1>  cl /c /Zi /W3 /WX- /Od /Ob0 /Oy- /D WIN32 /D _WINDOWS /D _DEBUG /D "CMAKE_INTDIR=\"Debug\"" /D _MBCS /Gm- /EHsc /RTC1 /MDd /GS /fp:precise /Zc:wchar_t /Zc:forScope /GR /Fo"cmTryCompileExec42709121.dir\Debug\\" /Fd"D:/Development/op3d_active/dcmtk-3.6.0/msvc/CMakeFiles/CMakeTmp/Debug/cmTryCompileExec42709121.pdb" /Gd /TP /analyze- /errorReport:prompt  /Zm1000 CheckIncludeFile.cxx
1>  
1>  CheckIncludeFile.cxx
1>CheckIncludeFile.cxx(1): fatal error C1083: Cannot open include file: 'sys/socket.h': No such file or directory
1>
1>Build FAILED.
1>
1>Time Elapsed 00:00:00.22
========== Build: 0 succeeded, 1 failed, 0 up-to-date, 0 skipped ==========


Determining if the include file thread.h exists failed with the following output:
Change Dir: D:/Development/op3d_active/dcmtk-3.6.0/msvc/CMakeFiles/CMakeTmp

Run Build Command:C:\PROGRA~2\MICROS~3.0\Common7\IDE\devenv.com CMAKE_TRY_COMPILE.sln /build Debug /project cmTryCompileExec2687645491

Microsoft (R) Microsoft Visual Studio 2012 Version 11.0.60610.1.
Copyright (C) Microsoft Corp. All rights reserved.
1>------ Build started: Project: cmTryCompileExec2687645491, Configuration: Debug Win32 ------
1>Build started 8/11/2013 5:04:08 PM.
1>PrepareForBuild:
1>  Creating directory "D:\Development\op3d_active\dcmtk-3.6.0\msvc\CMakeFiles\CMakeTmp\Debug\".
1>InitializeBuildStatus:
1>  Creating "cmTryCompileExec2687645491.dir\Debug\cmTryCompileExec2687645491.unsuccessfulbuild" because "AlwaysCreate" was specified.
1>ClCompile:
1>  Microsoft (R) C/C++ Optimizing Compiler Version 17.00.60610.1 for x86
1>  Copyright (C) Microsoft Corporation.  All rights reserved.
1>  
1>  cl /c /Zi /W3 /WX- /Od /Ob0 /Oy- /D WIN32 /D _WINDOWS /D _DEBUG /D "CMAKE_INTDIR=\"Debug\"" /D _MBCS /Gm- /EHsc /RTC1 /MDd /GS /fp:precise /Zc:wchar_t /Zc:forScope /GR /Fo"cmTryCompileExec2687645491.dir\Debug\\" /Fd"D:/Development/op3d_active/dcmtk-3.6.0/msvc/CMakeFiles/CMakeTmp/Debug/cmTryCompileExec2687645491.pdb" /Gd /TP /analyze- /errorReport:prompt  /Zm1000 CheckIncludeFile.cxx
1>  
1>  CheckIncludeFile.cxx
1>CheckIncludeFile.cxx(1): fatal error C1083: Cannot open include file: 'thread.h': No such file or directory
1>
1>Build FAILED.
1>
1>Time Elapsed 00:00:00.25
========== Build: 0 succeeded, 1 failed, 0 up-to-date, 0 skipped ==========


Determining if the include file unistd.h exists failed with the following output:
Change Dir: D:/Development/op3d_active/dcmtk-3.6.0/msvc/CMakeFiles/CMakeTmp

Run Build Command:C:\PROGRA~2\MICROS~3.0\Common7\IDE\devenv.com CMAKE_TRY_COMPILE.sln /build Debug /project cmTryCompileExec3708396918

Microsoft (R) Microsoft Visual Studio 2012 Version 11.0.60610.1.
Copyright (C) Microsoft Corp. All rights reserved.
1>------ Build started: Project: cmTryCompileExec3708396918, Configuration: Debug Win32 ------
1>Build started 8/11/2013 5:04:16 PM.
1>PrepareForBuild:
1>  Creating directory "D:\Development\op3d_active\dcmtk-3.6.0\msvc\CMakeFiles\CMakeTmp\Debug\".
1>InitializeBuildStatus:
1>  Creating "cmTryCompileExec3708396918.dir\Debug\cmTryCompileExec3708396918.unsuccessfulbuild" because "AlwaysCreate" was specified.
1>ClCompile:
1>  Microsoft (R) C/C++ Optimizing Compiler Version 17.00.60610.1 for x86
1>  Copyright (C) Microsoft Corporation.  All rights reserved.
1>  
1>  cl /c /Zi /W3 /WX- /Od /Ob0 /Oy- /D WIN32 /D _WINDOWS /D _DEBUG /D "CMAKE_INTDIR=\"Debug\"" /D _MBCS /Gm- /EHsc /RTC1 /MDd /GS /fp:precise /Zc:wchar_t /Zc:forScope /GR /Fo"cmTryCompileExec3708396918.dir\Debug\\" /Fd"D:/Development/op3d_active/dcmtk-3.6.0/msvc/CMakeFiles/CMakeTmp/Debug/cmTryCompileExec3708396918.pdb" /Gd /TP /analyze- /errorReport:prompt  /Zm1000 CheckIncludeFile.cxx
1>  
1>  CheckIncludeFile.cxx
1>CheckIncludeFile.cxx(1): fatal error C1083: Cannot open include file: 'unistd.h': No such file or directory
1>
1>Build FAILED.
1>
1>Time Elapsed 00:00:00.24
========== Build: 0 succeeded, 1 failed, 0 up-to-date, 0 skipped ==========


Determining if the include file unix.h exists failed with the following output:
Change Dir: D:/Development/op3d_active/dcmtk-3.6.0/msvc/CMakeFiles/CMakeTmp

Run Build Command:C:\PROGRA~2\MICROS~3.0\Common7\IDE\devenv.com CMAKE_TRY_COMPILE.sln /build Debug /project cmTryCompileExec3248538902

Microsoft (R) Microsoft Visual Studio 2012 Version 11.0.60610.1.
Copyright (C) Microsoft Corp. All rights reserved.
1>------ Build started: Project: cmTryCompileExec3248538902, Configuration: Debug Win32 ------
1>Build started 8/11/2013 5:04:18 PM.
1>PrepareForBuild:
1>  Creating directory "D:\Development\op3d_active\dcmtk-3.6.0\msvc\CMakeFiles\CMakeTmp\Debug\".
1>InitializeBuildStatus:
1>  Creating "cmTryCompileExec3248538902.dir\Debug\cmTryCompileExec3248538902.unsuccessfulbuild" because "AlwaysCreate" was specified.
1>ClCompile:
1>  Microsoft (R) C/C++ Optimizing Compiler Version 17.00.60610.1 for x86
1>  Copyright (C) Microsoft Corporation.  All rights reserved.
1>  
1>  cl /c /Zi /W3 /WX- /Od /Ob0 /Oy- /D WIN32 /D _WINDOWS /D _DEBUG /D "CMAKE_INTDIR=\"Debug\"" /D _MBCS /Gm- /EHsc /RTC1 /MDd /GS /fp:precise /Zc:wchar_t /Zc:forScope /GR /Fo"cmTryCompileExec3248538902.dir\Debug\\" /Fd"D:/Development/op3d_active/dcmtk-3.6.0/msvc/CMakeFiles/CMakeTmp/Debug/cmTryCompileExec3248538902.pdb" /Gd /TP /analyze- /errorReport:prompt  /Zm1000 CheckIncludeFile.cxx
1>  
1>  CheckIncludeFile.cxx
1>CheckIncludeFile.cxx(1): fatal error C1083: Cannot open include file: 'unix.h': No such file or directory
1>
1>Build FAILED.
1>
1>Time Elapsed 00:00:00.25
========== Build: 0 succeeded, 1 failed, 0 up-to-date, 0 skipped ==========


Determining if the include file utime.h exists failed with the following output:
Change Dir: D:/Development/op3d_active/dcmtk-3.6.0/msvc/CMakeFiles/CMakeTmp

Run Build Command:C:\PROGRA~2\MICROS~3.0\Common7\IDE\devenv.com CMAKE_TRY_COMPILE.sln /build Debug /project cmTryCompileExec3844772573

Microsoft (R) Microsoft Visual Studio 2012 Version 11.0.60610.1.
Copyright (C) Microsoft Corp. All rights reserved.
1>------ Build started: Project: cmTryCompileExec3844772573, Configuration: Debug Win32 ------
1>Build started 8/11/2013 5:04:21 PM.
1>PrepareForBuild:
1>  Creating directory "D:\Development\op3d_active\dcmtk-3.6.0\msvc\CMakeFiles\CMakeTmp\Debug\".
1>InitializeBuildStatus:
1>  Creating "cmTryCompileExec3844772573.dir\Debug\cmTryCompileExec3844772573.unsuccessfulbuild" because "AlwaysCreate" was specified.
1>ClCompile:
1>  Microsoft (R) C/C++ Optimizing Compiler Version 17.00.60610.1 for x86
1>  Copyright (C) Microsoft Corporation.  All rights reserved.
1>  
1>  cl /c /Zi /W3 /WX- /Od /Ob0 /Oy- /D WIN32 /D _WINDOWS /D _DEBUG /D "CMAKE_INTDIR=\"Debug\"" /D _MBCS /Gm- /EHsc /RTC1 /MDd /GS /fp:precise /Zc:wchar_t /Zc:forScope /GR /Fo"cmTryCompileExec3844772573.dir\Debug\\" /Fd"D:/Development/op3d_active/dcmtk-3.6.0/msvc/CMakeFiles/CMakeTmp/Debug/cmTryCompileExec3844772573.pdb" /Gd /TP /analyze- /errorReport:prompt  /Zm1000 CheckIncludeFile.cxx
1>  
1>  CheckIncludeFile.cxx
1>CheckIncludeFile.cxx(1): fatal error C1083: Cannot open include file: 'utime.h': No such file or directory
1>
1>Build FAILED.
1>
1>Time Elapsed 00:00:00.25
========== Build: 0 succeeded, 1 failed, 0 up-to-date, 0 skipped ==========


Determining if the include file alloca.h exists failed with the following output:
Change Dir: D:/Development/op3d_active/dcmtk-3.6.0/msvc/CMakeFiles/CMakeTmp

Run Build Command:C:\PROGRA~2\MICROS~3.0\Common7\IDE\devenv.com CMAKE_TRY_COMPILE.sln /build Debug /project cmTryCompileExec3036194352

Microsoft (R) Microsoft Visual Studio 2012 Version 11.0.60610.1.
Copyright (C) Microsoft Corp. All rights reserved.
1>------ Build started: Project: cmTryCompileExec3036194352, Configuration: Debug Win32 ------
1>Build started 8/11/2013 5:04:26 PM.
1>PrepareForBuild:
1>  Creating directory "D:\Development\op3d_active\dcmtk-3.6.0\msvc\CMakeFiles\CMakeTmp\Debug\".
1>InitializeBuildStatus:
1>  Creating "cmTryCompileExec3036194352.dir\Debug\cmTryCompileExec3036194352.unsuccessfulbuild" because "AlwaysCreate" was specified.
1>ClCompile:
1>  Microsoft (R) C/C++ Optimizing Compiler Version 17.00.60610.1 for x86
1>  Copyright (C) Microsoft Corporation.  All rights reserved.
1>  
1>  cl /c /Zi /W3 /WX- /Od /Ob0 /Oy- /D WIN32 /D _WINDOWS /D _DEBUG /D "CMAKE_INTDIR=\"Debug\"" /D _MBCS /Gm- /EHsc /RTC1 /MDd /GS /fp:precise /Zc:wchar_t /Zc:forScope /GR /Fo"cmTryCompileExec3036194352.dir\Debug\\" /Fd"D:/Development/op3d_active/dcmtk-3.6.0/msvc/CMakeFiles/CMakeTmp/Debug/cmTryCompileExec3036194352.pdb" /Gd /TP /analyze- /errorReport:prompt  /Zm1000 CheckIncludeFile.cxx
1>  
1>  CheckIncludeFile.cxx
1>CheckIncludeFile.cxx(1): fatal error C1083: Cannot open include file: 'alloca.h': No such file or directory
1>
1>Build FAILED.
1>
1>Time Elapsed 00:00:00.24
========== Build: 0 succeeded, 1 failed, 0 up-to-date, 0 skipped ==========


Determining if the include file arpa/inet.h exists failed with the following output:
Change Dir: D:/Development/op3d_active/dcmtk-3.6.0/msvc/CMakeFiles/CMakeTmp

Run Build Command:C:\PROGRA~2\MICROS~3.0\Common7\IDE\devenv.com CMAKE_TRY_COMPILE.sln /build Debug /project cmTryCompileExec907457264

Microsoft (R) Microsoft Visual Studio 2012 Version 11.0.60610.1.
Copyright (C) Microsoft Corp. All rights reserved.
1>------ Build started: Project: cmTryCompileExec907457264, Configuration: Debug Win32 ------
1>Build started 8/11/2013 5:04:28 PM.
1>PrepareForBuild:
1>  Creating directory "D:\Development\op3d_active\dcmtk-3.6.0\msvc\CMakeFiles\CMakeTmp\Debug\".
1>InitializeBuildStatus:
1>  Creating "cmTryCompileExec907457264.dir\Debug\cmTryCompileExec907457264.unsuccessfulbuild" because "AlwaysCreate" was specified.
1>ClCompile:
1>  Microsoft (R) C/C++ Optimizing Compiler Version 17.00.60610.1 for x86
1>  Copyright (C) Microsoft Corporation.  All rights reserved.
1>  
1>  cl /c /Zi /W3 /WX- /Od /Ob0 /Oy- /D WIN32 /D _WINDOWS /D _DEBUG /D "CMAKE_INTDIR=\"Debug\"" /D _MBCS /Gm- /EHsc /RTC1 /MDd /GS /fp:precise /Zc:wchar_t /Zc:forScope /GR /Fo"cmTryCompileExec907457264.dir\Debug\\" /Fd"D:/Development/op3d_active/dcmtk-3.6.0/msvc/CMakeFiles/CMakeTmp/Debug/cmTryCompileExec907457264.pdb" /Gd /TP /analyze- /errorReport:prompt  /Zm1000 CheckIncludeFile.cxx
1>  
1>  CheckIncludeFile.cxx
1>CheckIncludeFile.cxx(1): fatal error C1083: Cannot open include file: 'arpa/inet.h': No such file or directory
1>
1>Build FAILED.
1>
1>Time Elapsed 00:00:00.24
========== Build: 0 succeeded, 1 failed, 0 up-to-date, 0 skipped ==========


Determining if the include file pthread.h exists failed with the following output:
Change Dir: D:/Development/op3d_active/dcmtk-3.6.0/msvc/CMakeFiles/CMakeTmp

Run Build Command:C:\PROGRA~2\MICROS~3.0\Common7\IDE\devenv.com CMAKE_TRY_COMPILE.sln /build Debug /project cmTryCompileExec3024686102

Microsoft (R) Microsoft Visual Studio 2012 Version 11.0.60610.1.
Copyright (C) Microsoft Corp. All rights reserved.
1>------ Build started: Project: cmTryCompileExec3024686102, Configuration: Debug Win32 ------
1>Build started 8/11/2013 5:04:36 PM.
1>PrepareForBuild:
1>  Creating directory "D:\Development\op3d_active\dcmtk-3.6.0\msvc\CMakeFiles\CMakeTmp\Debug\".
1>InitializeBuildStatus:
1>  Creating "cmTryCompileExec3024686102.dir\Debug\cmTryCompileExec3024686102.unsuccessfulbuild" because "AlwaysCreate" was specified.
1>ClCompile:
1>  Microsoft (R) C/C++ Optimizing Compiler Version 17.00.60610.1 for x86
1>  Copyright (C) Microsoft Corporation.  All rights reserved.
1>  
1>  cl /c /Zi /W3 /WX- /Od /Ob0 /Oy- /D WIN32 /D _WINDOWS /D _DEBUG /D "CMAKE_INTDIR=\"Debug\"" /D _MBCS /Gm- /EHsc /RTC1 /MDd /GS /fp:precise /Zc:wchar_t /Zc:forScope /GR /Fo"cmTryCompileExec3024686102.dir\Debug\\" /Fd"D:/Development/op3d_active/dcmtk-3.6.0/msvc/CMakeFiles/CMakeTmp/Debug/cmTryCompileExec3024686102.pdb" /Gd /TP /analyze- /errorReport:prompt  /Zm1000 CheckIncludeFile.cxx
1>  
1>  CheckIncludeFile.cxx
1>CheckIncludeFile.cxx(1): fatal error C1083: Cannot open include file: 'pthread.h': No such file or directory
1>
1>Build FAILED.
1>
1>Time Elapsed 00:00:00.24
========== Build: 0 succeeded, 1 failed, 0 up-to-date, 0 skipped ==========


Determining if the include file libc.h exists failed with the following output:
Change Dir: D:/Development/op3d_active/dcmtk-3.6.0/msvc/CMakeFiles/CMakeTmp

Run Build Command:C:\PROGRA~2\MICROS~3.0\Common7\IDE\devenv.com CMAKE_TRY_COMPILE.sln /build Debug /project cmTryCompileExec3856047261

Microsoft (R) Microsoft Visual Studio 2012 Version 11.0.60610.1.
Copyright (C) Microsoft Corp. All rights reserved.
1>------ Build started: Project: cmTryCompileExec3856047261, Configuration: Debug Win32 ------
1>Build started 8/11/2013 5:04:39 PM.
1>PrepareForBuild:
1>  Creating directory "D:\Development\op3d_active\dcmtk-3.6.0\msvc\CMakeFiles\CMakeTmp\Debug\".
1>InitializeBuildStatus:
1>  Creating "cmTryCompileExec3856047261.dir\Debug\cmTryCompileExec3856047261.unsuccessfulbuild" because "AlwaysCreate" was specified.
1>ClCompile:
1>  Microsoft (R) C/C++ Optimizing Compiler Version 17.00.60610.1 for x86
1>  Copyright (C) Microsoft Corporation.  All rights reserved.
1>  
1>  cl /c /Zi /W3 /WX- /Od /Ob0 /Oy- /D WIN32 /D _WINDOWS /D _DEBUG /D "CMAKE_INTDIR=\"Debug\"" /D _MBCS /Gm- /EHsc /RTC1 /MDd /GS /fp:precise /Zc:wchar_t /Zc:forScope /GR /Fo"cmTryCompileExec3856047261.dir\Debug\\" /Fd"D:/Development/op3d_active/dcmtk-3.6.0/msvc/CMakeFiles/CMakeTmp/Debug/cmTryCompileExec3856047261.pdb" /Gd /TP /analyze- /errorReport:prompt  /Zm1000 CheckIncludeFile.cxx
1>  
1>  CheckIncludeFile.cxx
1>CheckIncludeFile.cxx(1): fatal error C1083: Cannot open include file: 'libc.h': No such file or directory
1>
1>Build FAILED.
1>
1>Time Elapsed 00:00:00.22
========== Build: 0 succeeded, 1 failed, 0 up-to-date, 0 skipped ==========


Determining if files sys/types.h;netinet/in_systm.h exist failed with the following output:
Change Dir: D:/Development/op3d_active/dcmtk-3.6.0/msvc/CMakeFiles/CMakeTmp

Run Build Command:C:\PROGRA~2\MICROS~3.0\Common7\IDE\devenv.com CMAKE_TRY_COMPILE.sln /build Debug /project cmTryCompileExec3889411598

Microsoft (R) Microsoft Visual Studio 2012 Version 11.0.60610.1.
Copyright (C) Microsoft Corp. All rights reserved.
1>------ Build started: Project: cmTryCompileExec3889411598, Configuration: Debug Win32 ------
1>Build started 8/11/2013 5:04:52 PM.
1>PrepareForBuild:
1>  Creating directory "D:\Development\op3d_active\dcmtk-3.6.0\msvc\CMakeFiles\CMakeTmp\Debug\".
1>InitializeBuildStatus:
1>  Creating "cmTryCompileExec3889411598.dir\Debug\cmTryCompileExec3889411598.unsuccessfulbuild" because "AlwaysCreate" was specified.
1>ClCompile:
1>  Microsoft (R) C/C++ Optimizing Compiler Version 17.00.60610.1 for x86
1>  Copyright (C) Microsoft Corporation.  All rights reserved.
1>  
1>  cl /c /Zi /W3 /WX- /Od /Ob0 /Oy- /D WIN32 /D _WINDOWS /D _DEBUG /D "CMAKE_INTDIR=\"Debug\"" /D _MBCS /Gm- /RTC1 /MDd /GS /fp:precise /Zc:wchar_t /Zc:forScope /Fo"cmTryCompileExec3889411598.dir\Debug\\" /Fd"D:/Development/op3d_active/dcmtk-3.6.0/msvc/CMakeFiles/CMakeTmp/Debug/cmTryCompileExec3889411598.pdb" /Gd /TC /analyze- /errorReport:prompt  /Zm1000 CheckIncludeFiles.c
1>  
1>  CheckIncludeFiles.c
1>CheckIncludeFiles.c(3): fatal error C1083: Cannot open include file: 'netinet/in_systm.h': No such file or directory
1>
1>Build FAILED.
1>
1>Time Elapsed 00:00:00.21
========== Build: 0 succeeded, 1 failed, 0 up-to-date, 0 skipped ==========

Source:
/* */
#include <sys/types.h>
#include <netinet/in_systm.h>


int main(){return 0;}

Determining if files sys/types.h;netinet/in.h exist failed with the following output:
Change Dir: D:/Development/op3d_active/dcmtk-3.6.0/msvc/CMakeFiles/CMakeTmp

Run Build Command:C:\PROGRA~2\MICROS~3.0\Common7\IDE\devenv.com CMAKE_TRY_COMPILE.sln /build Debug /project cmTryCompileExec2702505045

Microsoft (R) Microsoft Visual Studio 2012 Version 11.0.60610.1.
Copyright (C) Microsoft Corp. All rights reserved.
1>------ Build started: Project: cmTryCompileExec2702505045, Configuration: Debug Win32 ------
1>Build started 8/11/2013 5:04:55 PM.
1>PrepareForBuild:
1>  Creating directory "D:\Development\op3d_active\dcmtk-3.6.0\msvc\CMakeFiles\CMakeTmp\Debug\".
1>InitializeBuildStatus:
1>  Creating "cmTryCompileExec2702505045.dir\Debug\cmTryCompileExec2702505045.unsuccessfulbuild" because "AlwaysCreate" was specified.
1>ClCompile:
1>  Microsoft (R) C/C++ Optimizing Compiler Version 17.00.60610.1 for x86
1>  Copyright (C) Microsoft Corporation.  All rights reserved.
1>  
1>  cl /c /Zi /W3 /WX- /Od /Ob0 /Oy- /D WIN32 /D _WINDOWS /D _DEBUG /D "CMAKE_INTDIR=\"Debug\"" /D _MBCS /Gm- /RTC1 /MDd /GS /fp:precise /Zc:wchar_t /Zc:forScope /Fo"cmTryCompileExec2702505045.dir\Debug\\" /Fd"D:/Development/op3d_active/dcmtk-3.6.0/msvc/CMakeFiles/CMakeTmp/Debug/cmTryCompileExec2702505045.pdb" /Gd /TC /analyze- /errorReport:prompt  /Zm1000 CheckIncludeFiles.c
1>  
1>  CheckIncludeFiles.c
1>CheckIncludeFiles.c(3): fatal error C1083: Cannot open include file: 'netinet/in.h': No such file or directory
1>
1>Build FAILED.
1>
1>Time Elapsed 00:00:00.23
========== Build: 0 succeeded, 1 failed, 0 up-to-date, 0 skipped ==========

Source:
/* */
#include <sys/types.h>
#include <netinet/in.h>


int main(){return 0;}

Determining if files sys/types.h;netinet/tcp.h exist failed with the following output:
Change Dir: D:/Development/op3d_active/dcmtk-3.6.0/msvc/CMakeFiles/CMakeTmp

Run Build Command:C:\PROGRA~2\MICROS~3.0\Common7\IDE\devenv.com CMAKE_TRY_COMPILE.sln /build Debug /project cmTryCompileExec3382590573

Microsoft (R) Microsoft Visual Studio 2012 Version 11.0.60610.1.
Copyright (C) Microsoft Corp. All rights reserved.
1>------ Build started: Project: cmTryCompileExec3382590573, Configuration: Debug Win32 ------
1>Build started 8/11/2013 5:04:57 PM.
1>PrepareForBuild:
1>  Creating directory "D:\Development\op3d_active\dcmtk-3.6.0\msvc\CMakeFiles\CMakeTmp\Debug\".
1>InitializeBuildStatus:
1>  Creating "cmTryCompileExec3382590573.dir\Debug\cmTryCompileExec3382590573.unsuccessfulbuild" because "AlwaysCreate" was specified.
1>ClCompile:
1>  Microsoft (R) C/C++ Optimizing Compiler Version 17.00.60610.1 for x86
1>  Copyright (C) Microsoft Corporation.  All rights reserved.
1>  
1>  cl /c /Zi /W3 /WX- /Od /Ob0 /Oy- /D WIN32 /D _WINDOWS /D _DEBUG /D "CMAKE_INTDIR=\"Debug\"" /D _MBCS /Gm- /RTC1 /MDd /GS /fp:precise /Zc:wchar_t /Zc:forScope /Fo"cmTryCompileExec3382590573.dir\Debug\\" /Fd"D:/Development/op3d_active/dcmtk-3.6.0/msvc/CMakeFiles/CMakeTmp/Debug/cmTryCompileExec3382590573.pdb" /Gd /TC /analyze- /errorReport:prompt  /Zm1000 CheckIncludeFiles.c
1>  
1>  CheckIncludeFiles.c
1>CheckIncludeFiles.c(3): fatal error C1083: Cannot open include file: 'netinet/tcp.h': No such file or directory
1>
1>Build FAILED.
1>
1>Time Elapsed 00:00:00.21
========== Build: 0 succeeded, 1 failed, 0 up-to-date, 0 skipped ==========

Source:
/* */
#include <sys/types.h>
#include <netinet/tcp.h>


int main(){return 0;}

Determining if the function connect exists failed with the following output:
Change Dir: D:/Development/op3d_active/dcmtk-3.6.0/msvc/CMakeFiles/CMakeTmp

Run Build Command:C:\PROGRA~2\MICROS~3.0\Common7\IDE\devenv.com CMAKE_TRY_COMPILE.sln /build Debug /project cmTryCompileExec1230318956

Microsoft (R) Microsoft Visual Studio 2012 Version 11.0.60610.1.
Copyright (C) Microsoft Corp. All rights reserved.
1>------ Build started: Project: cmTryCompileExec1230318956, Configuration: Debug Win32 ------
1>Build started 8/11/2013 5:04:59 PM.
1>PrepareForBuild:
1>  Creating directory "D:\Development\op3d_active\dcmtk-3.6.0\msvc\CMakeFiles\CMakeTmp\Debug\".
1>InitializeBuildStatus:
1>  Creating "cmTryCompileExec1230318956.dir\Debug\cmTryCompileExec1230318956.unsuccessfulbuild" because "AlwaysCreate" was specified.
1>ClCompile:
1>  Microsoft (R) C/C++ Optimizing Compiler Version 17.00.60610.1 for x86
1>  Copyright (C) Microsoft Corporation.  All rights reserved.
1>  
1>  cl /c /Zi /W3 /WX- /Od /Ob0 /Oy- /D WIN32 /D _WINDOWS /D CHECK_FUNCTION_EXISTS=connect /D _DEBUG /D "CMAKE_INTDIR=\"Debug\"" /D _MBCS /Gm- /RTC1 /MDd /GS /fp:precise /Zc:wchar_t /Zc:forScope /Fo"cmTryCompileExec1230318956.dir\Debug\\" /Fd"D:/Development/op3d_active/dcmtk-3.6.0/msvc/CMakeFiles/CMakeTmp/Debug/cmTryCompileExec1230318956.pdb" /Gd /TC /analyze- /errorReport:prompt  /Zm1000 "C:\Program Files (x86)\CMake 2.8\share\cmake-2.8\Modules\CheckFunctionExists.c"
1>  
1>  CheckFunctionExists.c
1>CheckFunctionExists.obj : error LNK2019: unresolved external symbol _connect referenced in function _main
1>D:\Development\op3d_active\dcmtk-3.6.0\msvc\CMakeFiles\CMakeTmp\Debug\cmTryCompileExec1230318956.exe : fatal error LNK1120: 1 unresolved externals
1>
1>Build FAILED.
1>
1>Time Elapsed 00:00:00.57
========== Build: 0 succeeded, 1 failed, 0 up-to-date, 0 skipped ==========


Determining if the function accept exists failed with the following output:
Change Dir: D:/Development/op3d_active/dcmtk-3.6.0/msvc/CMakeFiles/CMakeTmp

Run Build Command:C:\PROGRA~2\MICROS~3.0\Common7\IDE\devenv.com CMAKE_TRY_COMPILE.sln /build Debug /project cmTryCompileExec3238320220

Microsoft (R) Microsoft Visual Studio 2012 Version 11.0.60610.1.
Copyright (C) Microsoft Corp. All rights reserved.
1>------ Build started: Project: cmTryCompileExec3238320220, Configuration: Debug Win32 ------
1>Build started 8/11/2013 5:05:02 PM.
1>PrepareForBuild:
1>  Creating directory "D:\Development\op3d_active\dcmtk-3.6.0\msvc\CMakeFiles\CMakeTmp\Debug\".
1>InitializeBuildStatus:
1>  Creating "cmTryCompileExec3238320220.dir\Debug\cmTryCompileExec3238320220.unsuccessfulbuild" because "AlwaysCreate" was specified.
1>ClCompile:
1>  Microsoft (R) C/C++ Optimizing Compiler Version 17.00.60610.1 for x86
1>  Copyright (C) Microsoft Corporation.  All rights reserved.
1>  
1>  cl /c /Zi /W3 /WX- /Od /Ob0 /Oy- /D WIN32 /D _WINDOWS /D CHECK_FUNCTION_EXISTS=accept /D _DEBUG /D "CMAKE_INTDIR=\"Debug\"" /D _MBCS /Gm- /RTC1 /MDd /GS /fp:precise /Zc:wchar_t /Zc:forScope /Fo"cmTryCompileExec3238320220.dir\Debug\\" /Fd"D:/Development/op3d_active/dcmtk-3.6.0/msvc/CMakeFiles/CMakeTmp/Debug/cmTryCompileExec3238320220.pdb" /Gd /TC /analyze- /errorReport:prompt  /Zm1000 "C:\Program Files (x86)\CMake 2.8\share\cmake-2.8\Modules\CheckFunctionExists.c"
1>  
1>  CheckFunctionExists.c
1>CheckFunctionExists.obj : error LNK2019: unresolved external symbol _accept referenced in function _main
1>D:\Development\op3d_active\dcmtk-3.6.0\msvc\CMakeFiles\CMakeTmp\Debug\cmTryCompileExec3238320220.exe : fatal error LNK1120: 1 unresolved externals
1>
1>Build FAILED.
1>
1>Time Elapsed 00:00:00.55
========== Build: 0 succeeded, 1 failed, 0 up-to-date, 0 skipped ==========


Determining if the function bcmp exists failed with the following output:
Change Dir: D:/Development/op3d_active/dcmtk-3.6.0/msvc/CMakeFiles/CMakeTmp

Run Build Command:C:\PROGRA~2\MICROS~3.0\Common7\IDE\devenv.com CMAKE_TRY_COMPILE.sln /build Debug /project cmTryCompileExec1277969996

Microsoft (R) Microsoft Visual Studio 2012 Version 11.0.60610.1.
Copyright (C) Microsoft Corp. All rights reserved.
1>------ Build started: Project: cmTryCompileExec1277969996, Configuration: Debug Win32 ------
1>Build started 8/11/2013 5:05:08 PM.
1>PrepareForBuild:
1>  Creating directory "D:\Development\op3d_active\dcmtk-3.6.0\msvc\CMakeFiles\CMakeTmp\Debug\".
1>InitializeBuildStatus:
1>  Creating "cmTryCompileExec1277969996.dir\Debug\cmTryCompileExec1277969996.unsuccessfulbuild" because "AlwaysCreate" was specified.
1>ClCompile:
1>  Microsoft (R) C/C++ Optimizing Compiler Version 17.00.60610.1 for x86
1>  Copyright (C) Microsoft Corporation.  All rights reserved.
1>  
1>  cl /c /Zi /W3 /WX- /Od /Ob0 /Oy- /D WIN32 /D _WINDOWS /D CHECK_FUNCTION_EXISTS=bcmp /D _DEBUG /D "CMAKE_INTDIR=\"Debug\"" /D _MBCS /Gm- /RTC1 /MDd /GS /fp:precise /Zc:wchar_t /Zc:forScope /Fo"cmTryCompileExec1277969996.dir\Debug\\" /Fd"D:/Development/op3d_active/dcmtk-3.6.0/msvc/CMakeFiles/CMakeTmp/Debug/cmTryCompileExec1277969996.pdb" /Gd /TC /analyze- /errorReport:prompt  /Zm1000 "C:\Program Files (x86)\CMake 2.8\share\cmake-2.8\Modules\CheckFunctionExists.c"
1>  
1>  CheckFunctionExists.c
1>CheckFunctionExists.obj : error LNK2019: unresolved external symbol _bcmp referenced in function _main
1>D:\Development\op3d_active\dcmtk-3.6.0\msvc\CMakeFiles\CMakeTmp\Debug\cmTryCompileExec1277969996.exe : fatal error LNK1120: 1 unresolved externals
1>
1>Build FAILED.
1>
1>Time Elapsed 00:00:00.58
========== Build: 0 succeeded, 1 failed, 0 up-to-date, 0 skipped ==========


Determining if the function bcopy exists failed with the following output:
Change Dir: D:/Development/op3d_active/dcmtk-3.6.0/msvc/CMakeFiles/CMakeTmp

Run Build Command:C:\PROGRA~2\MICROS~3.0\Common7\IDE\devenv.com CMAKE_TRY_COMPILE.sln /build Debug /project cmTryCompileExec2907888386

Microsoft (R) Microsoft Visual Studio 2012 Version 11.0.60610.1.
Copyright (C) Microsoft Corp. All rights reserved.
1>------ Build started: Project: cmTryCompileExec2907888386, Configuration: Debug Win32 ------
1>Build started 8/11/2013 5:05:11 PM.
1>PrepareForBuild:
1>  Creating directory "D:\Development\op3d_active\dcmtk-3.6.0\msvc\CMakeFiles\CMakeTmp\Debug\".
1>InitializeBuildStatus:
1>  Creating "cmTryCompileExec2907888386.dir\Debug\cmTryCompileExec2907888386.unsuccessfulbuild" because "AlwaysCreate" was specified.
1>ClCompile:
1>  Microsoft (R) C/C++ Optimizing Compiler Version 17.00.60610.1 for x86
1>  Copyright (C) Microsoft Corporation.  All rights reserved.
1>  
1>  cl /c /Zi /W3 /WX- /Od /Ob0 /Oy- /D WIN32 /D _WINDOWS /D CHECK_FUNCTION_EXISTS=bcopy /D _DEBUG /D "CMAKE_INTDIR=\"Debug\"" /D _MBCS /Gm- /RTC1 /MDd /GS /fp:precise /Zc:wchar_t /Zc:forScope /Fo"cmTryCompileExec2907888386.dir\Debug\\" /Fd"D:/Development/op3d_active/dcmtk-3.6.0/msvc/CMakeFiles/CMakeTmp/Debug/cmTryCompileExec2907888386.pdb" /Gd /TC /analyze- /errorReport:prompt  /Zm1000 "C:\Program Files (x86)\CMake 2.8\share\cmake-2.8\Modules\CheckFunctionExists.c"
1>  
1>  CheckFunctionExists.c
1>CheckFunctionExists.obj : error LNK2019: unresolved external symbol _bcopy referenced in function _main
1>D:\Development\op3d_active\dcmtk-3.6.0\msvc\CMakeFiles\CMakeTmp\Debug\cmTryCompileExec2907888386.exe : fatal error LNK1120: 1 unresolved externals
1>
1>Build FAILED.
1>
1>Time Elapsed 00:00:00.81
========== Build: 0 succeeded, 1 failed, 0 up-to-date, 0 skipped ==========


Determining if the function bind exists failed with the following output:
Change Dir: D:/Development/op3d_active/dcmtk-3.6.0/msvc/CMakeFiles/CMakeTmp

Run Build Command:C:\PROGRA~2\MICROS~3.0\Common7\IDE\devenv.com CMAKE_TRY_COMPILE.sln /build Debug /project cmTryCompileExec2523513989

Microsoft (R) Microsoft Visual Studio 2012 Version 11.0.60610.1.
Copyright (C) Microsoft Corp. All rights reserved.
1>------ Build started: Project: cmTryCompileExec2523513989, Configuration: Debug Win32 ------
1>Build started 8/11/2013 5:05:14 PM.
1>PrepareForBuild:
1>  Creating directory "D:\Development\op3d_active\dcmtk-3.6.0\msvc\CMakeFiles\CMakeTmp\Debug\".
1>InitializeBuildStatus:
1>  Creating "cmTryCompileExec2523513989.dir\Debug\cmTryCompileExec2523513989.unsuccessfulbuild" because "AlwaysCreate" was specified.
1>ClCompile:
1>  Microsoft (R) C/C++ Optimizing Compiler Version 17.00.60610.1 for x86
1>  Copyright (C) Microsoft Corporation.  All rights reserved.
1>  
1>  cl /c /Zi /W3 /WX- /Od /Ob0 /Oy- /D WIN32 /D _WINDOWS /D CHECK_FUNCTION_EXISTS=bind /D _DEBUG /D "CMAKE_INTDIR=\"Debug\"" /D _MBCS /Gm- /RTC1 /MDd /GS /fp:precise /Zc:wchar_t /Zc:forScope /Fo"cmTryCompileExec2523513989.dir\Debug\\" /Fd"D:/Development/op3d_active/dcmtk-3.6.0/msvc/CMakeFiles/CMakeTmp/Debug/cmTryCompileExec2523513989.pdb" /Gd /TC /analyze- /errorReport:prompt  /Zm1000 "C:\Program Files (x86)\CMake 2.8\share\cmake-2.8\Modules\CheckFunctionExists.c"
1>  
1>  CheckFunctionExists.c
1>CheckFunctionExists.obj : error LNK2019: unresolved external symbol _bind referenced in function _main
1>D:\Development\op3d_active\dcmtk-3.6.0\msvc\CMakeFiles\CMakeTmp\Debug\cmTryCompileExec2523513989.exe : fatal error LNK1120: 1 unresolved externals
1>
1>Build FAILED.
1>
1>Time Elapsed 00:00:00.55
========== Build: 0 succeeded, 1 failed, 0 up-to-date, 0 skipped ==========


Determining if the function bzero exists failed with the following output:
Change Dir: D:/Development/op3d_active/dcmtk-3.6.0/msvc/CMakeFiles/CMakeTmp

Run Build Command:C:\PROGRA~2\MICROS~3.0\Common7\IDE\devenv.com CMAKE_TRY_COMPILE.sln /build Debug /project cmTryCompileExec3336438444

Microsoft (R) Microsoft Visual Studio 2012 Version 11.0.60610.1.
Copyright (C) Microsoft Corp. All rights reserved.
1>------ Build started: Project: cmTryCompileExec3336438444, Configuration: Debug Win32 ------
1>Build started 8/11/2013 5:05:16 PM.
1>PrepareForBuild:
1>  Creating directory "D:\Development\op3d_active\dcmtk-3.6.0\msvc\CMakeFiles\CMakeTmp\Debug\".
1>InitializeBuildStatus:
1>  Creating "cmTryCompileExec3336438444.dir\Debug\cmTryCompileExec3336438444.unsuccessfulbuild" because "AlwaysCreate" was specified.
1>ClCompile:
1>  Microsoft (R) C/C++ Optimizing Compiler Version 17.00.60610.1 for x86
1>  Copyright (C) Microsoft Corporation.  All rights reserved.
1>  
1>  cl /c /Zi /W3 /WX- /Od /Ob0 /Oy- /D WIN32 /D _WINDOWS /D CHECK_FUNCTION_EXISTS=bzero /D _DEBUG /D "CMAKE_INTDIR=\"Debug\"" /D _MBCS /Gm- /RTC1 /MDd /GS /fp:precise /Zc:wchar_t /Zc:forScope /Fo"cmTryCompileExec3336438444.dir\Debug\\" /Fd"D:/Development/op3d_active/dcmtk-3.6.0/msvc/CMakeFiles/CMakeTmp/Debug/cmTryCompileExec3336438444.pdb" /Gd /TC /analyze- /errorReport:prompt  /Zm1000 "C:\Program Files (x86)\CMake 2.8\share\cmake-2.8\Modules\CheckFunctionExists.c"
1>  
1>  CheckFunctionExists.c
1>CheckFunctionExists.obj : error LNK2019: unresolved external symbol _bzero referenced in function _main
1>D:\Development\op3d_active\dcmtk-3.6.0\msvc\CMakeFiles\CMakeTmp\Debug\cmTryCompileExec3336438444.exe : fatal error LNK1120: 1 unresolved externals
1>
1>Build FAILED.
1>
1>Time Elapsed 00:00:00.62
========== Build: 0 succeeded, 1 failed, 0 up-to-date, 0 skipped ==========


Determining if the function cuserid exists failed with the following output:
Change Dir: D:/Development/op3d_active/dcmtk-3.6.0/msvc/CMakeFiles/CMakeTmp

Run Build Command:C:\PROGRA~2\MICROS~3.0\Common7\IDE\devenv.com CMAKE_TRY_COMPILE.sln /build Debug /project cmTryCompileExec1675270921

Microsoft (R) Microsoft Visual Studio 2012 Version 11.0.60610.1.
Copyright (C) Microsoft Corp. All rights reserved.
1>------ Build started: Project: cmTryCompileExec1675270921, Configuration: Debug Win32 ------
1>Build started 8/11/2013 5:05:19 PM.
1>PrepareForBuild:
1>  Creating directory "D:\Development\op3d_active\dcmtk-3.6.0\msvc\CMakeFiles\CMakeTmp\Debug\".
1>InitializeBuildStatus:
1>  Creating "cmTryCompileExec1675270921.dir\Debug\cmTryCompileExec1675270921.unsuccessfulbuild" because "AlwaysCreate" was specified.
1>ClCompile:
1>  Microsoft (R) C/C++ Optimizing Compiler Version 17.00.60610.1 for x86
1>  Copyright (C) Microsoft Corporation.  All rights reserved.
1>  
1>  cl /c /Zi /W3 /WX- /Od /Ob0 /Oy- /D WIN32 /D _WINDOWS /D CHECK_FUNCTION_EXISTS=cuserid /D _DEBUG /D "CMAKE_INTDIR=\"Debug\"" /D _MBCS /Gm- /RTC1 /MDd /GS /fp:precise /Zc:wchar_t /Zc:forScope /Fo"cmTryCompileExec1675270921.dir\Debug\\" /Fd"D:/Development/op3d_active/dcmtk-3.6.0/msvc/CMakeFiles/CMakeTmp/Debug/cmTryCompileExec1675270921.pdb" /Gd /TC /analyze- /errorReport:prompt  /Zm1000 "C:\Program Files (x86)\CMake 2.8\share\cmake-2.8\Modules\CheckFunctionExists.c"
1>  
1>  CheckFunctionExists.c
1>CheckFunctionExists.obj : error LNK2019: unresolved external symbol _cuserid referenced in function _main
1>D:\Development\op3d_active\dcmtk-3.6.0\msvc\CMakeFiles\CMakeTmp\Debug\cmTryCompileExec1675270921.exe : fatal error LNK1120: 1 unresolved externals
1>
1>Build FAILED.
1>
1>Time Elapsed 00:00:00.54
========== Build: 0 succeeded, 1 failed, 0 up-to-date, 0 skipped ==========


Determining if the function finite exists failed with the following output:
Change Dir: D:/Development/op3d_active/dcmtk-3.6.0/msvc/CMakeFiles/CMakeTmp

Run Build Command:C:\PROGRA~2\MICROS~3.0\Common7\IDE\devenv.com CMAKE_TRY_COMPILE.sln /build Debug /project cmTryCompileExec857096550

Microsoft (R) Microsoft Visual Studio 2012 Version 11.0.60610.1.
Copyright (C) Microsoft Corp. All rights reserved.
1>------ Build started: Project: cmTryCompileExec857096550, Configuration: Debug Win32 ------
1>Build started 8/11/2013 5:05:24 PM.
1>PrepareForBuild:
1>  Creating directory "D:\Development\op3d_active\dcmtk-3.6.0\msvc\CMakeFiles\CMakeTmp\Debug\".
1>InitializeBuildStatus:
1>  Creating "cmTryCompileExec857096550.dir\Debug\cmTryCompileExec857096550.unsuccessfulbuild" because "AlwaysCreate" was specified.
1>ClCompile:
1>  Microsoft (R) C/C++ Optimizing Compiler Version 17.00.60610.1 for x86
1>  Copyright (C) Microsoft Corporation.  All rights reserved.
1>  
1>  cl /c /Zi /W3 /WX- /Od /Ob0 /Oy- /D WIN32 /D _WINDOWS /D CHECK_FUNCTION_EXISTS=finite /D _DEBUG /D "CMAKE_INTDIR=\"Debug\"" /D _MBCS /Gm- /RTC1 /MDd /GS /fp:precise /Zc:wchar_t /Zc:forScope /Fo"cmTryCompileExec857096550.dir\Debug\\" /Fd"D:/Development/op3d_active/dcmtk-3.6.0/msvc/CMakeFiles/CMakeTmp/Debug/cmTryCompileExec857096550.pdb" /Gd /TC /analyze- /errorReport:prompt  /Zm1000 "C:\Program Files (x86)\CMake 2.8\share\cmake-2.8\Modules\CheckFunctionExists.c"
1>  
1>  CheckFunctionExists.c
1>CheckFunctionExists.obj : error LNK2019: unresolved external symbol _finite referenced in function _main
1>D:\Development\op3d_active\dcmtk-3.6.0\msvc\CMakeFiles\CMakeTmp\Debug\cmTryCompileExec857096550.exe : fatal error LNK1120: 1 unresolved externals
1>
1>Build FAILED.
1>
1>Time Elapsed 00:00:00.54
========== Build: 0 succeeded, 1 failed, 0 up-to-date, 0 skipped ==========


Determining if the function _doprnt exists failed with the following output:
Change Dir: D:/Development/op3d_active/dcmtk-3.6.0/msvc/CMakeFiles/CMakeTmp

Run Build Command:C:\PROGRA~2\MICROS~3.0\Common7\IDE\devenv.com CMAKE_TRY_COMPILE.sln /build Debug /project cmTryCompileExec3802940976

Microsoft (R) Microsoft Visual Studio 2012 Version 11.0.60610.1.
Copyright (C) Microsoft Corp. All rights reserved.
1>------ Build started: Project: cmTryCompileExec3802940976, Configuration: Debug Win32 ------
1>Build started 8/11/2013 5:05:27 PM.
1>PrepareForBuild:
1>  Creating directory "D:\Development\op3d_active\dcmtk-3.6.0\msvc\CMakeFiles\CMakeTmp\Debug\".
1>InitializeBuildStatus:
1>  Creating "cmTryCompileExec3802940976.dir\Debug\cmTryCompileExec3802940976.unsuccessfulbuild" because "AlwaysCreate" was specified.
1>ClCompile:
1>  Microsoft (R) C/C++ Optimizing Compiler Version 17.00.60610.1 for x86
1>  Copyright (C) Microsoft Corporation.  All rights reserved.
1>  
1>  cl /c /Zi /W3 /WX- /Od /Ob0 /Oy- /D WIN32 /D _WINDOWS /D CHECK_FUNCTION_EXISTS=_doprnt /D _DEBUG /D "CMAKE_INTDIR=\"Debug\"" /D _MBCS /Gm- /RTC1 /MDd /GS /fp:precise /Zc:wchar_t /Zc:forScope /Fo"cmTryCompileExec3802940976.dir\Debug\\" /Fd"D:/Development/op3d_active/dcmtk-3.6.0/msvc/CMakeFiles/CMakeTmp/Debug/cmTryCompileExec3802940976.pdb" /Gd /TC /analyze- /errorReport:prompt  /Zm1000 "C:\Program Files (x86)\CMake 2.8\share\cmake-2.8\Modules\CheckFunctionExists.c"
1>  
1>  CheckFunctionExists.c
1>CheckFunctionExists.obj : error LNK2019: unresolved external symbol __doprnt referenced in function _main
1>D:\Development\op3d_active\dcmtk-3.6.0\msvc\CMakeFiles\CMakeTmp\Debug\cmTryCompileExec3802940976.exe : fatal error LNK1120: 1 unresolved externals
1>
1>Build FAILED.
1>
1>Time Elapsed 00:00:00.55
========== Build: 0 succeeded, 1 failed, 0 up-to-date, 0 skipped ==========


Determining if the function flock exists failed with the following output:
Change Dir: D:/Development/op3d_active/dcmtk-3.6.0/msvc/CMakeFiles/CMakeTmp

Run Build Command:C:\PROGRA~2\MICROS~3.0\Common7\IDE\devenv.com CMAKE_TRY_COMPILE.sln /build Debug /project cmTryCompileExec2061206274

Microsoft (R) Microsoft Visual Studio 2012 Version 11.0.60610.1.
Copyright (C) Microsoft Corp. All rights reserved.
1>------ Build started: Project: cmTryCompileExec2061206274, Configuration: Debug Win32 ------
1>Build started 8/11/2013 5:05:30 PM.
1>PrepareForBuild:
1>  Creating directory "D:\Development\op3d_active\dcmtk-3.6.0\msvc\CMakeFiles\CMakeTmp\Debug\".
1>InitializeBuildStatus:
1>  Creating "cmTryCompileExec2061206274.dir\Debug\cmTryCompileExec2061206274.unsuccessfulbuild" because "AlwaysCreate" was specified.
1>ClCompile:
1>  Microsoft (R) C/C++ Optimizing Compiler Version 17.00.60610.1 for x86
1>  Copyright (C) Microsoft Corporation.  All rights reserved.
1>  
1>  cl /c /Zi /W3 /WX- /Od /Ob0 /Oy- /D WIN32 /D _WINDOWS /D CHECK_FUNCTION_EXISTS=flock /D _DEBUG /D "CMAKE_INTDIR=\"Debug\"" /D _MBCS /Gm- /RTC1 /MDd /GS /fp:precise /Zc:wchar_t /Zc:forScope /Fo"cmTryCompileExec2061206274.dir\Debug\\" /Fd"D:/Development/op3d_active/dcmtk-3.6.0/msvc/CMakeFiles/CMakeTmp/Debug/cmTryCompileExec2061206274.pdb" /Gd /TC /analyze- /errorReport:prompt  /Zm1000 "C:\Program Files (x86)\CMake 2.8\share\cmake-2.8\Modules\CheckFunctionExists.c"
1>  
1>  CheckFunctionExists.c
1>CheckFunctionExists.obj : error LNK2019: unresolved external symbol _flock referenced in function _main
1>D:\Development\op3d_active\dcmtk-3.6.0\msvc\CMakeFiles\CMakeTmp\Debug\cmTryCompileExec2061206274.exe : fatal error LNK1120: 1 unresolved externals
1>
1>Build FAILED.
1>
1>Time Elapsed 00:00:00.56
========== Build: 0 succeeded, 1 failed, 0 up-to-date, 0 skipped ==========


Determining if the function fork exists failed with the following output:
Change Dir: D:/Development/op3d_active/dcmtk-3.6.0/msvc/CMakeFiles/CMakeTmp

Run Build Command:C:\PROGRA~2\MICROS~3.0\Common7\IDE\devenv.com CMAKE_TRY_COMPILE.sln /build Debug /project cmTryCompileExec3298476104

Microsoft (R) Microsoft Visual Studio 2012 Version 11.0.60610.1.
Copyright (C) Microsoft Corp. All rights reserved.
1>------ Build started: Project: cmTryCompileExec3298476104, Configuration: Debug Win32 ------
1>Build started 8/11/2013 5:05:33 PM.
1>PrepareForBuild:
1>  Creating directory "D:\Development\op3d_active\dcmtk-3.6.0\msvc\CMakeFiles\CMakeTmp\Debug\".
1>InitializeBuildStatus:
1>  Creating "cmTryCompileExec3298476104.dir\Debug\cmTryCompileExec3298476104.unsuccessfulbuild" because "AlwaysCreate" was specified.
1>ClCompile:
1>  Microsoft (R) C/C++ Optimizing Compiler Version 17.00.60610.1 for x86
1>  Copyright (C) Microsoft Corporation.  All rights reserved.
1>  
1>  cl /c /Zi /W3 /WX- /Od /Ob0 /Oy- /D WIN32 /D _WINDOWS /D CHECK_FUNCTION_EXISTS=fork /D _DEBUG /D "CMAKE_INTDIR=\"Debug\"" /D _MBCS /Gm- /RTC1 /MDd /GS /fp:precise /Zc:wchar_t /Zc:forScope /Fo"cmTryCompileExec3298476104.dir\Debug\\" /Fd"D:/Development/op3d_active/dcmtk-3.6.0/msvc/CMakeFiles/CMakeTmp/Debug/cmTryCompileExec3298476104.pdb" /Gd /TC /analyze- /errorReport:prompt  /Zm1000 "C:\Program Files (x86)\CMake 2.8\share\cmake-2.8\Modules\CheckFunctionExists.c"
1>  
1>  CheckFunctionExists.c
1>CheckFunctionExists.obj : error LNK2019: unresolved external symbol _fork referenced in function _main
1>D:\Development\op3d_active\dcmtk-3.6.0\msvc\CMakeFiles\CMakeTmp\Debug\cmTryCompileExec3298476104.exe : fatal error LNK1120: 1 unresolved externals
1>
1>Build FAILED.
1>
1>Time Elapsed 00:00:00.55
========== Build: 0 succeeded, 1 failed, 0 up-to-date, 0 skipped ==========


Determining if the function geteuid exists failed with the following output:
Change Dir: D:/Development/op3d_active/dcmtk-3.6.0/msvc/CMakeFiles/CMakeTmp

Run Build Command:C:\PROGRA~2\MICROS~3.0\Common7\IDE\devenv.com CMAKE_TRY_COMPILE.sln /build Debug /project cmTryCompileExec2627703196

Microsoft (R) Microsoft Visual Studio 2012 Version 11.0.60610.1.
Copyright (C) Microsoft Corp. All rights reserved.
1>------ Build started: Project: cmTryCompileExec2627703196, Configuration: Debug Win32 ------
1>Build started 8/11/2013 5:05:39 PM.
1>PrepareForBuild:
1>  Creating directory "D:\Development\op3d_active\dcmtk-3.6.0\msvc\CMakeFiles\CMakeTmp\Debug\".
1>InitializeBuildStatus:
1>  Creating "cmTryCompileExec2627703196.dir\Debug\cmTryCompileExec2627703196.unsuccessfulbuild" because "AlwaysCreate" was specified.
1>ClCompile:
1>  Microsoft (R) C/C++ Optimizing Compiler Version 17.00.60610.1 for x86
1>  Copyright (C) Microsoft Corporation.  All rights reserved.
1>  
1>  cl /c /Zi /W3 /WX- /Od /Ob0 /Oy- /D WIN32 /D _WINDOWS /D CHECK_FUNCTION_EXISTS=geteuid /D _DEBUG /D "CMAKE_INTDIR=\"Debug\"" /D _MBCS /Gm- /RTC1 /MDd /GS /fp:precise /Zc:wchar_t /Zc:forScope /Fo"cmTryCompileExec2627703196.dir\Debug\\" /Fd"D:/Development/op3d_active/dcmtk-3.6.0/msvc/CMakeFiles/CMakeTmp/Debug/cmTryCompileExec2627703196.pdb" /Gd /TC /analyze- /errorReport:prompt  /Zm1000 "C:\Program Files (x86)\CMake 2.8\share\cmake-2.8\Modules\CheckFunctionExists.c"
1>  
1>  CheckFunctionExists.c
1>CheckFunctionExists.obj : error LNK2019: unresolved external symbol _geteuid referenced in function _main
1>D:\Development\op3d_active\dcmtk-3.6.0\msvc\CMakeFiles\CMakeTmp\Debug\cmTryCompileExec2627703196.exe : fatal error LNK1120: 1 unresolved externals
1>
1>Build FAILED.
1>
1>Time Elapsed 00:00:00.54
========== Build: 0 succeeded, 1 failed, 0 up-to-date, 0 skipped ==========


Determining if the function gethostbyname exists failed with the following output:
Change Dir: D:/Development/op3d_active/dcmtk-3.6.0/msvc/CMakeFiles/CMakeTmp

Run Build Command:C:\PROGRA~2\MICROS~3.0\Common7\IDE\devenv.com CMAKE_TRY_COMPILE.sln /build Debug /project cmTryCompileExec2747375769

Microsoft (R) Microsoft Visual Studio 2012 Version 11.0.60610.1.
Copyright (C) Microsoft Corp. All rights reserved.
1>------ Build started: Project: cmTryCompileExec2747375769, Configuration: Debug Win32 ------
1>Build started 8/11/2013 5:05:41 PM.
1>PrepareForBuild:
1>  Creating directory "D:\Development\op3d_active\dcmtk-3.6.0\msvc\CMakeFiles\CMakeTmp\Debug\".
1>InitializeBuildStatus:
1>  Creating "cmTryCompileExec2747375769.dir\Debug\cmTryCompileExec2747375769.unsuccessfulbuild" because "AlwaysCreate" was specified.
1>ClCompile:
1>  Microsoft (R) C/C++ Optimizing Compiler Version 17.00.60610.1 for x86
1>  Copyright (C) Microsoft Corporation.  All rights reserved.
1>  
1>  cl /c /Zi /W3 /WX- /Od /Ob0 /Oy- /D WIN32 /D _WINDOWS /D CHECK_FUNCTION_EXISTS=gethostbyname /D _DEBUG /D "CMAKE_INTDIR=\"Debug\"" /D _MBCS /Gm- /RTC1 /MDd /GS /fp:precise /Zc:wchar_t /Zc:forScope /Fo"cmTryCompileExec2747375769.dir\Debug\\" /Fd"D:/Development/op3d_active/dcmtk-3.6.0/msvc/CMakeFiles/CMakeTmp/Debug/cmTryCompileExec2747375769.pdb" /Gd /TC /analyze- /errorReport:prompt  /Zm1000 "C:\Program Files (x86)\CMake 2.8\share\cmake-2.8\Modules\CheckFunctionExists.c"
1>  
1>  CheckFunctionExists.c
1>CheckFunctionExists.obj : error LNK2019: unresolved external symbol _gethostbyname referenced in function _main
1>D:\Development\op3d_active\dcmtk-3.6.0\msvc\CMakeFiles\CMakeTmp\Debug\cmTryCompileExec2747375769.exe : fatal error LNK1120: 1 unresolved externals
1>
1>Build FAILED.
1>
1>Time Elapsed 00:00:00.55
========== Build: 0 succeeded, 1 failed, 0 up-to-date, 0 skipped ==========


Determining if the function gethostname exists failed with the following output:
Change Dir: D:/Development/op3d_active/dcmtk-3.6.0/msvc/CMakeFiles/CMakeTmp

Run Build Command:C:\PROGRA~2\MICROS~3.0\Common7\IDE\devenv.com CMAKE_TRY_COMPILE.sln /build Debug /project cmTryCompileExec1527771038

Microsoft (R) Microsoft Visual Studio 2012 Version 11.0.60610.1.
Copyright (C) Microsoft Corp. All rights reserved.
1>------ Build started: Project: cmTryCompileExec1527771038, Configuration: Debug Win32 ------
1>Build started 8/11/2013 5:05:44 PM.
1>PrepareForBuild:
1>  Creating directory "D:\Development\op3d_active\dcmtk-3.6.0\msvc\CMakeFiles\CMakeTmp\Debug\".
1>InitializeBuildStatus:
1>  Creating "cmTryCompileExec1527771038.dir\Debug\cmTryCompileExec1527771038.unsuccessfulbuild" because "AlwaysCreate" was specified.
1>ClCompile:
1>  Microsoft (R) C/C++ Optimizing Compiler Version 17.00.60610.1 for x86
1>  Copyright (C) Microsoft Corporation.  All rights reserved.
1>  
1>  cl /c /Zi /W3 /WX- /Od /Ob0 /Oy- /D WIN32 /D _WINDOWS /D CHECK_FUNCTION_EXISTS=gethostname /D _DEBUG /D "CMAKE_INTDIR=\"Debug\"" /D _MBCS /Gm- /RTC1 /MDd /GS /fp:precise /Zc:wchar_t /Zc:forScope /Fo"cmTryCompileExec1527771038.dir\Debug\\" /Fd"D:/Development/op3d_active/dcmtk-3.6.0/msvc/CMakeFiles/CMakeTmp/Debug/cmTryCompileExec1527771038.pdb" /Gd /TC /analyze- /errorReport:prompt  /Zm1000 "C:\Program Files (x86)\CMake 2.8\share\cmake-2.8\Modules\CheckFunctionExists.c"
1>  
1>  CheckFunctionExists.c
1>CheckFunctionExists.obj : error LNK2019: unresolved external symbol _gethostname referenced in function _main
1>D:\Development\op3d_active\dcmtk-3.6.0\msvc\CMakeFiles\CMakeTmp\Debug\cmTryCompileExec1527771038.exe : fatal error LNK1120: 1 unresolved externals
1>
1>Build FAILED.
1>
1>Time Elapsed 00:00:00.55
========== Build: 0 succeeded, 1 failed, 0 up-to-date, 0 skipped ==========


Determining if the function gethostid exists failed with the following output:
Change Dir: D:/Development/op3d_active/dcmtk-3.6.0/msvc/CMakeFiles/CMakeTmp

Run Build Command:C:\PROGRA~2\MICROS~3.0\Common7\IDE\devenv.com CMAKE_TRY_COMPILE.sln /build Debug /project cmTryCompileExec932866820

Microsoft (R) Microsoft Visual Studio 2012 Version 11.0.60610.1.
Copyright (C) Microsoft Corp. All rights reserved.
1>------ Build started: Project: cmTryCompileExec932866820, Configuration: Debug Win32 ------
1>Build started 8/11/2013 5:05:47 PM.
1>PrepareForBuild:
1>  Creating directory "D:\Development\op3d_active\dcmtk-3.6.0\msvc\CMakeFiles\CMakeTmp\Debug\".
1>InitializeBuildStatus:
1>  Creating "cmTryCompileExec932866820.dir\Debug\cmTryCompileExec932866820.unsuccessfulbuild" because "AlwaysCreate" was specified.
1>ClCompile:
1>  Microsoft (R) C/C++ Optimizing Compiler Version 17.00.60610.1 for x86
1>  Copyright (C) Microsoft Corporation.  All rights reserved.
1>  
1>  cl /c /Zi /W3 /WX- /Od /Ob0 /Oy- /D WIN32 /D _WINDOWS /D CHECK_FUNCTION_EXISTS=gethostid /D _DEBUG /D "CMAKE_INTDIR=\"Debug\"" /D _MBCS /Gm- /RTC1 /MDd /GS /fp:precise /Zc:wchar_t /Zc:forScope /Fo"cmTryCompileExec932866820.dir\Debug\\" /Fd"D:/Development/op3d_active/dcmtk-3.6.0/msvc/CMakeFiles/CMakeTmp/Debug/cmTryCompileExec932866820.pdb" /Gd /TC /analyze- /errorReport:prompt  /Zm1000 "C:\Program Files (x86)\CMake 2.8\share\cmake-2.8\Modules\CheckFunctionExists.c"
1>  
1>  CheckFunctionExists.c
1>CheckFunctionExists.obj : error LNK2019: unresolved external symbol _gethostid referenced in function _main
1>D:\Development\op3d_active\dcmtk-3.6.0\msvc\CMakeFiles\CMakeTmp\Debug\cmTryCompileExec932866820.exe : fatal error LNK1120: 1 unresolved externals
1>
1>Build FAILED.
1>
1>Time Elapsed 00:00:00.54
========== Build: 0 succeeded, 1 failed, 0 up-to-date, 0 skipped ==========


Determining if the function getlogin exists failed with the following output:
Change Dir: D:/Development/op3d_active/dcmtk-3.6.0/msvc/CMakeFiles/CMakeTmp

Run Build Command:C:\PROGRA~2\MICROS~3.0\Common7\IDE\devenv.com CMAKE_TRY_COMPILE.sln /build Debug /project cmTryCompileExec3447374743

Microsoft (R) Microsoft Visual Studio 2012 Version 11.0.60610.1.
Copyright (C) Microsoft Corp. All rights reserved.
1>------ Build started: Project: cmTryCompileExec3447374743, Configuration: Debug Win32 ------
1>Build started 8/11/2013 5:05:49 PM.
1>PrepareForBuild:
1>  Creating directory "D:\Development\op3d_active\dcmtk-3.6.0\msvc\CMakeFiles\CMakeTmp\Debug\".
1>InitializeBuildStatus:
1>  Creating "cmTryCompileExec3447374743.dir\Debug\cmTryCompileExec3447374743.unsuccessfulbuild" because "AlwaysCreate" was specified.
1>ClCompile:
1>  Microsoft (R) C/C++ Optimizing Compiler Version 17.00.60610.1 for x86
1>  Copyright (C) Microsoft Corporation.  All rights reserved.
1>  
1>  cl /c /Zi /W3 /WX- /Od /Ob0 /Oy- /D WIN32 /D _WINDOWS /D CHECK_FUNCTION_EXISTS=getlogin /D _DEBUG /D "CMAKE_INTDIR=\"Debug\"" /D _MBCS /Gm- /RTC1 /MDd /GS /fp:precise /Zc:wchar_t /Zc:forScope /Fo"cmTryCompileExec3447374743.dir\Debug\\" /Fd"D:/Development/op3d_active/dcmtk-3.6.0/msvc/CMakeFiles/CMakeTmp/Debug/cmTryCompileExec3447374743.pdb" /Gd /TC /analyze- /errorReport:prompt  /Zm1000 "C:\Program Files (x86)\CMake 2.8\share\cmake-2.8\Modules\CheckFunctionExists.c"
1>  
1>  CheckFunctionExists.c
1>CheckFunctionExists.obj : error LNK2019: unresolved external symbol _getlogin referenced in function _main
1>D:\Development\op3d_active\dcmtk-3.6.0\msvc\CMakeFiles\CMakeTmp\Debug\cmTryCompileExec3447374743.exe : fatal error LNK1120: 1 unresolved externals
1>
1>Build FAILED.
1>
1>Time Elapsed 00:00:00.55
========== Build: 0 succeeded, 1 failed, 0 up-to-date, 0 skipped ==========


Determining if the function getsockname exists failed with the following output:
Change Dir: D:/Development/op3d_active/dcmtk-3.6.0/msvc/CMakeFiles/CMakeTmp

Run Build Command:C:\PROGRA~2\MICROS~3.0\Common7\IDE\devenv.com CMAKE_TRY_COMPILE.sln /build Debug /project cmTryCompileExec1822145836

Microsoft (R) Microsoft Visual Studio 2012 Version 11.0.60610.1.
Copyright (C) Microsoft Corp. All rights reserved.
1>------ Build started: Project: cmTryCompileExec1822145836, Configuration: Debug Win32 ------
1>Build started 8/11/2013 5:05:55 PM.
1>PrepareForBuild:
1>  Creating directory "D:\Development\op3d_active\dcmtk-3.6.0\msvc\CMakeFiles\CMakeTmp\Debug\".
1>InitializeBuildStatus:
1>  Creating "cmTryCompileExec1822145836.dir\Debug\cmTryCompileExec1822145836.unsuccessfulbuild" because "AlwaysCreate" was specified.
1>ClCompile:
1>  Microsoft (R) C/C++ Optimizing Compiler Version 17.00.60610.1 for x86
1>  Copyright (C) Microsoft Corporation.  All rights reserved.
1>  
1>  cl /c /Zi /W3 /WX- /Od /Ob0 /Oy- /D WIN32 /D _WINDOWS /D CHECK_FUNCTION_EXISTS=getsockname /D _DEBUG /D "CMAKE_INTDIR=\"Debug\"" /D _MBCS /Gm- /RTC1 /MDd /GS /fp:precise /Zc:wchar_t /Zc:forScope /Fo"cmTryCompileExec1822145836.dir\Debug\\" /Fd"D:/Development/op3d_active/dcmtk-3.6.0/msvc/CMakeFiles/CMakeTmp/Debug/cmTryCompileExec1822145836.pdb" /Gd /TC /analyze- /errorReport:prompt  /Zm1000 "C:\Program Files (x86)\CMake 2.8\share\cmake-2.8\Modules\CheckFunctionExists.c"
1>  
1>  CheckFunctionExists.c
1>CheckFunctionExists.obj : error LNK2019: unresolved external symbol _getsockname referenced in function _main
1>D:\Development\op3d_active\dcmtk-3.6.0\msvc\CMakeFiles\CMakeTmp\Debug\cmTryCompileExec1822145836.exe : fatal error LNK1120: 1 unresolved externals
1>
1>Build FAILED.
1>
1>Time Elapsed 00:00:00.55
========== Build: 0 succeeded, 1 failed, 0 up-to-date, 0 skipped ==========


Determining if the function getsockopt exists failed with the following output:
Change Dir: D:/Development/op3d_active/dcmtk-3.6.0/msvc/CMakeFiles/CMakeTmp

Run Build Command:C:\PROGRA~2\MICROS~3.0\Common7\IDE\devenv.com CMAKE_TRY_COMPILE.sln /build Debug /project cmTryCompileExec1481520490

Microsoft (R) Microsoft Visual Studio 2012 Version 11.0.60610.1.
Copyright (C) Microsoft Corp. All rights reserved.
1>------ Build started: Project: cmTryCompileExec1481520490, Configuration: Debug Win32 ------
1>Build started 8/11/2013 5:05:58 PM.
1>PrepareForBuild:
1>  Creating directory "D:\Development\op3d_active\dcmtk-3.6.0\msvc\CMakeFiles\CMakeTmp\Debug\".
1>InitializeBuildStatus:
1>  Creating "cmTryCompileExec1481520490.dir\Debug\cmTryCompileExec1481520490.unsuccessfulbuild" because "AlwaysCreate" was specified.
1>ClCompile:
1>  Microsoft (R) C/C++ Optimizing Compiler Version 17.00.60610.1 for x86
1>  Copyright (C) Microsoft Corporation.  All rights reserved.
1>  
1>  cl /c /Zi /W3 /WX- /Od /Ob0 /Oy- /D WIN32 /D _WINDOWS /D CHECK_FUNCTION_EXISTS=getsockopt /D _DEBUG /D "CMAKE_INTDIR=\"Debug\"" /D _MBCS /Gm- /RTC1 /MDd /GS /fp:precise /Zc:wchar_t /Zc:forScope /Fo"cmTryCompileExec1481520490.dir\Debug\\" /Fd"D:/Development/op3d_active/dcmtk-3.6.0/msvc/CMakeFiles/CMakeTmp/Debug/cmTryCompileExec1481520490.pdb" /Gd /TC /analyze- /errorReport:prompt  /Zm1000 "C:\Program Files (x86)\CMake 2.8\share\cmake-2.8\Modules\CheckFunctionExists.c"
1>  
1>  CheckFunctionExists.c
1>CheckFunctionExists.obj : error LNK2019: unresolved external symbol _getsockopt referenced in function _main
1>D:\Development\op3d_active\dcmtk-3.6.0\msvc\CMakeFiles\CMakeTmp\Debug\cmTryCompileExec1481520490.exe : fatal error LNK1120: 1 unresolved externals
1>
1>Build FAILED.
1>
1>Time Elapsed 00:00:00.56
========== Build: 0 succeeded, 1 failed, 0 up-to-date, 0 skipped ==========


Determining if the function getuid exists failed with the following output:
Change Dir: D:/Development/op3d_active/dcmtk-3.6.0/msvc/CMakeFiles/CMakeTmp

Run Build Command:C:\PROGRA~2\MICROS~3.0\Common7\IDE\devenv.com CMAKE_TRY_COMPILE.sln /build Debug /project cmTryCompileExec2797807816

Microsoft (R) Microsoft Visual Studio 2012 Version 11.0.60610.1.
Copyright (C) Microsoft Corp. All rights reserved.
1>------ Build started: Project: cmTryCompileExec2797807816, Configuration: Debug Win32 ------
1>Build started 8/11/2013 5:06:00 PM.
1>PrepareForBuild:
1>  Creating directory "D:\Development\op3d_active\dcmtk-3.6.0\msvc\CMakeFiles\CMakeTmp\Debug\".
1>InitializeBuildStatus:
1>  Creating "cmTryCompileExec2797807816.dir\Debug\cmTryCompileExec2797807816.unsuccessfulbuild" because "AlwaysCreate" was specified.
1>ClCompile:
1>  Microsoft (R) C/C++ Optimizing Compiler Version 17.00.60610.1 for x86
1>  Copyright (C) Microsoft Corporation.  All rights reserved.
1>  
1>  cl /c /Zi /W3 /WX- /Od /Ob0 /Oy- /D WIN32 /D _WINDOWS /D CHECK_FUNCTION_EXISTS=getuid /D _DEBUG /D "CMAKE_INTDIR=\"Debug\"" /D _MBCS /Gm- /RTC1 /MDd /GS /fp:precise /Zc:wchar_t /Zc:forScope /Fo"cmTryCompileExec2797807816.dir\Debug\\" /Fd"D:/Development/op3d_active/dcmtk-3.6.0/msvc/CMakeFiles/CMakeTmp/Debug/cmTryCompileExec2797807816.pdb" /Gd /TC /analyze- /errorReport:prompt  /Zm1000 "C:\Program Files (x86)\CMake 2.8\share\cmake-2.8\Modules\CheckFunctionExists.c"
1>  
1>  CheckFunctionExists.c
1>CheckFunctionExists.obj : error LNK2019: unresolved external symbol _getuid referenced in function _main
1>D:\Development\op3d_active\dcmtk-3.6.0\msvc\CMakeFiles\CMakeTmp\Debug\cmTryCompileExec2797807816.exe : fatal error LNK1120: 1 unresolved externals
1>
1>Build FAILED.
1>
1>Time Elapsed 00:00:00.72
========== Build: 0 succeeded, 1 failed, 0 up-to-date, 0 skipped ==========


Determining if the function index exists failed with the following output:
Change Dir: D:/Development/op3d_active/dcmtk-3.6.0/msvc/CMakeFiles/CMakeTmp

Run Build Command:C:\PROGRA~2\MICROS~3.0\Common7\IDE\devenv.com CMAKE_TRY_COMPILE.sln /build Debug /project cmTryCompileExec2564429899

Microsoft (R) Microsoft Visual Studio 2012 Version 11.0.60610.1.
Copyright (C) Microsoft Corp. All rights reserved.
1>------ Build started: Project: cmTryCompileExec2564429899, Configuration: Debug Win32 ------
1>Build started 8/11/2013 5:06:03 PM.
1>PrepareForBuild:
1>  Creating directory "D:\Development\op3d_active\dcmtk-3.6.0\msvc\CMakeFiles\CMakeTmp\Debug\".
1>InitializeBuildStatus:
1>  Creating "cmTryCompileExec2564429899.dir\Debug\cmTryCompileExec2564429899.unsuccessfulbuild" because "AlwaysCreate" was specified.
1>ClCompile:
1>  Microsoft (R) C/C++ Optimizing Compiler Version 17.00.60610.1 for x86
1>  Copyright (C) Microsoft Corporation.  All rights reserved.
1>  
1>  cl /c /Zi /W3 /WX- /Od /Ob0 /Oy- /D WIN32 /D _WINDOWS /D CHECK_FUNCTION_EXISTS=index /D _DEBUG /D "CMAKE_INTDIR=\"Debug\"" /D _MBCS /Gm- /RTC1 /MDd /GS /fp:precise /Zc:wchar_t /Zc:forScope /Fo"cmTryCompileExec2564429899.dir\Debug\\" /Fd"D:/Development/op3d_active/dcmtk-3.6.0/msvc/CMakeFiles/CMakeTmp/Debug/cmTryCompileExec2564429899.pdb" /Gd /TC /analyze- /errorReport:prompt  /Zm1000 "C:\Program Files (x86)\CMake 2.8\share\cmake-2.8\Modules\CheckFunctionExists.c"
1>  
1>  CheckFunctionExists.c
1>CheckFunctionExists.obj : error LNK2019: unresolved external symbol _index referenced in function _main
1>D:\Development\op3d_active\dcmtk-3.6.0\msvc\CMakeFiles\CMakeTmp\Debug\cmTryCompileExec2564429899.exe : fatal error LNK1120: 1 unresolved externals
1>
1>Build FAILED.
1>
1>Time Elapsed 00:00:00.56
========== Build: 0 succeeded, 1 failed, 0 up-to-date, 0 skipped ==========


Determining if the function isinf exists failed with the following output:
Change Dir: D:/Development/op3d_active/dcmtk-3.6.0/msvc/CMakeFiles/CMakeTmp

Run Build Command:C:\PROGRA~2\MICROS~3.0\Common7\IDE\devenv.com CMAKE_TRY_COMPILE.sln /build Debug /project cmTryCompileExec3209348697

Microsoft (R) Microsoft Visual Studio 2012 Version 11.0.60610.1.
Copyright (C) Microsoft Corp. All rights reserved.
1>------ Build started: Project: cmTryCompileExec3209348697, Configuration: Debug Win32 ------
1>Build started 8/11/2013 5:06:06 PM.
1>PrepareForBuild:
1>  Creating directory "D:\Development\op3d_active\dcmtk-3.6.0\msvc\CMakeFiles\CMakeTmp\Debug\".
1>InitializeBuildStatus:
1>  Creating "cmTryCompileExec3209348697.dir\Debug\cmTryCompileExec3209348697.unsuccessfulbuild" because "AlwaysCreate" was specified.
1>ClCompile:
1>  Microsoft (R) C/C++ Optimizing Compiler Version 17.00.60610.1 for x86
1>  Copyright (C) Microsoft Corporation.  All rights reserved.
1>  
1>  cl /c /Zi /W3 /WX- /Od /Ob0 /Oy- /D WIN32 /D _WINDOWS /D CHECK_FUNCTION_EXISTS=isinf /D _DEBUG /D "CMAKE_INTDIR=\"Debug\"" /D _MBCS /Gm- /RTC1 /MDd /GS /fp:precise /Zc:wchar_t /Zc:forScope /Fo"cmTryCompileExec3209348697.dir\Debug\\" /Fd"D:/Development/op3d_active/dcmtk-3.6.0/msvc/CMakeFiles/CMakeTmp/Debug/cmTryCompileExec3209348697.pdb" /Gd /TC /analyze- /errorReport:prompt  /Zm1000 "C:\Program Files (x86)\CMake 2.8\share\cmake-2.8\Modules\CheckFunctionExists.c"
1>  
1>  CheckFunctionExists.c
1>CheckFunctionExists.obj : error LNK2019: unresolved external symbol _isinf referenced in function _main
1>D:\Development\op3d_active\dcmtk-3.6.0\msvc\CMakeFiles\CMakeTmp\Debug\cmTryCompileExec3209348697.exe : fatal error LNK1120: 1 unresolved externals
1>
1>Build FAILED.
1>
1>Time Elapsed 00:00:00.54
========== Build: 0 succeeded, 1 failed, 0 up-to-date, 0 skipped ==========


Determining if the function isnan exists failed with the following output:
Change Dir: D:/Development/op3d_active/dcmtk-3.6.0/msvc/CMakeFiles/CMakeTmp

Run Build Command:C:\PROGRA~2\MICROS~3.0\Common7\IDE\devenv.com CMAKE_TRY_COMPILE.sln /build Debug /project cmTryCompileExec2475676764

Microsoft (R) Microsoft Visual Studio 2012 Version 11.0.60610.1.
Copyright (C) Microsoft Corp. All rights reserved.
1>------ Build started: Project: cmTryCompileExec2475676764, Configuration: Debug Win32 ------
1>Build started 8/11/2013 5:06:08 PM.
1>PrepareForBuild:
1>  Creating directory "D:\Development\op3d_active\dcmtk-3.6.0\msvc\CMakeFiles\CMakeTmp\Debug\".
1>InitializeBuildStatus:
1>  Creating "cmTryCompileExec2475676764.dir\Debug\cmTryCompileExec2475676764.unsuccessfulbuild" because "AlwaysCreate" was specified.
1>ClCompile:
1>  Microsoft (R) C/C++ Optimizing Compiler Version 17.00.60610.1 for x86
1>  Copyright (C) Microsoft Corporation.  All rights reserved.
1>  
1>  cl /c /Zi /W3 /WX- /Od /Ob0 /Oy- /D WIN32 /D _WINDOWS /D CHECK_FUNCTION_EXISTS=isnan /D _DEBUG /D "CMAKE_INTDIR=\"Debug\"" /D _MBCS /Gm- /RTC1 /MDd /GS /fp:precise /Zc:wchar_t /Zc:forScope /Fo"cmTryCompileExec2475676764.dir\Debug\\" /Fd"D:/Development/op3d_active/dcmtk-3.6.0/msvc/CMakeFiles/CMakeTmp/Debug/cmTryCompileExec2475676764.pdb" /Gd /TC /analyze- /errorReport:prompt  /Zm1000 "C:\Program Files (x86)\CMake 2.8\share\cmake-2.8\Modules\CheckFunctionExists.c"
1>  
1>  CheckFunctionExists.c
1>CheckFunctionExists.obj : error LNK2019: unresolved external symbol _isnan referenced in function _main
1>D:\Development\op3d_active\dcmtk-3.6.0\msvc\CMakeFiles\CMakeTmp\Debug\cmTryCompileExec2475676764.exe : fatal error LNK1120: 1 unresolved externals
1>
1>Build FAILED.
1>
1>Time Elapsed 00:00:00.54
========== Build: 0 succeeded, 1 failed, 0 up-to-date, 0 skipped ==========


Determining if the function listen exists failed with the following output:
Change Dir: D:/Development/op3d_active/dcmtk-3.6.0/msvc/CMakeFiles/CMakeTmp

Run Build Command:C:\PROGRA~2\MICROS~3.0\Common7\IDE\devenv.com CMAKE_TRY_COMPILE.sln /build Debug /project cmTryCompileExec1069956066

Microsoft (R) Microsoft Visual Studio 2012 Version 11.0.60610.1.
Copyright (C) Microsoft Corp. All rights reserved.
1>------ Build started: Project: cmTryCompileExec1069956066, Configuration: Debug Win32 ------
1>Build started 8/11/2013 5:06:14 PM.
1>PrepareForBuild:
1>  Creating directory "D:\Development\op3d_active\dcmtk-3.6.0\msvc\CMakeFiles\CMakeTmp\Debug\".
1>InitializeBuildStatus:
1>  Creating "cmTryCompileExec1069956066.dir\Debug\cmTryCompileExec1069956066.unsuccessfulbuild" because "AlwaysCreate" was specified.
1>ClCompile:
1>  Microsoft (R) C/C++ Optimizing Compiler Version 17.00.60610.1 for x86
1>  Copyright (C) Microsoft Corporation.  All rights reserved.
1>  
1>  cl /c /Zi /W3 /WX- /Od /Ob0 /Oy- /D WIN32 /D _WINDOWS /D CHECK_FUNCTION_EXISTS=listen /D _DEBUG /D "CMAKE_INTDIR=\"Debug\"" /D _MBCS /Gm- /RTC1 /MDd /GS /fp:precise /Zc:wchar_t /Zc:forScope /Fo"cmTryCompileExec1069956066.dir\Debug\\" /Fd"D:/Development/op3d_active/dcmtk-3.6.0/msvc/CMakeFiles/CMakeTmp/Debug/cmTryCompileExec1069956066.pdb" /Gd /TC /analyze- /errorReport:prompt  /Zm1000 "C:\Program Files (x86)\CMake 2.8\share\cmake-2.8\Modules\CheckFunctionExists.c"
1>  
1>  CheckFunctionExists.c
1>CheckFunctionExists.obj : error LNK2019: unresolved external symbol _listen referenced in function _main
1>D:\Development\op3d_active\dcmtk-3.6.0\msvc\CMakeFiles\CMakeTmp\Debug\cmTryCompileExec1069956066.exe : fatal error LNK1120: 1 unresolved externals
1>
1>Build FAILED.
1>
1>Time Elapsed 00:00:00.54
========== Build: 0 succeeded, 1 failed, 0 up-to-date, 0 skipped ==========


Determining if the function lockf exists failed with the following output:
Change Dir: D:/Development/op3d_active/dcmtk-3.6.0/msvc/CMakeFiles/CMakeTmp

Run Build Command:C:\PROGRA~2\MICROS~3.0\Common7\IDE\devenv.com CMAKE_TRY_COMPILE.sln /build Debug /project cmTryCompileExec195974042

Microsoft (R) Microsoft Visual Studio 2012 Version 11.0.60610.1.
Copyright (C) Microsoft Corp. All rights reserved.
1>------ Build started: Project: cmTryCompileExec195974042, Configuration: Debug Win32 ------
1>Build started 8/11/2013 5:06:17 PM.
1>PrepareForBuild:
1>  Creating directory "D:\Development\op3d_active\dcmtk-3.6.0\msvc\CMakeFiles\CMakeTmp\Debug\".
1>InitializeBuildStatus:
1>  Creating "cmTryCompileExec195974042.dir\Debug\cmTryCompileExec195974042.unsuccessfulbuild" because "AlwaysCreate" was specified.
1>ClCompile:
1>  Microsoft (R) C/C++ Optimizing Compiler Version 17.00.60610.1 for x86
1>  Copyright (C) Microsoft Corporation.  All rights reserved.
1>  
1>  cl /c /Zi /W3 /WX- /Od /Ob0 /Oy- /D WIN32 /D _WINDOWS /D CHECK_FUNCTION_EXISTS=lockf /D _DEBUG /D "CMAKE_INTDIR=\"Debug\"" /D _MBCS /Gm- /RTC1 /MDd /GS /fp:precise /Zc:wchar_t /Zc:forScope /Fo"cmTryCompileExec195974042.dir\Debug\\" /Fd"D:/Development/op3d_active/dcmtk-3.6.0/msvc/CMakeFiles/CMakeTmp/Debug/cmTryCompileExec195974042.pdb" /Gd /TC /analyze- /errorReport:prompt  /Zm1000 "C:\Program Files (x86)\CMake 2.8\share\cmake-2.8\Modules\CheckFunctionExists.c"
1>  
1>  CheckFunctionExists.c
1>CheckFunctionExists.obj : error LNK2019: unresolved external symbol _lockf referenced in function _main
1>D:\Development\op3d_active\dcmtk-3.6.0\msvc\CMakeFiles\CMakeTmp\Debug\cmTryCompileExec195974042.exe : fatal error LNK1120: 1 unresolved externals
1>
1>Build FAILED.
1>
1>Time Elapsed 00:00:00.54
========== Build: 0 succeeded, 1 failed, 0 up-to-date, 0 skipped ==========


Determining if the function malloc_debug exists failed with the following output:
Change Dir: D:/Development/op3d_active/dcmtk-3.6.0/msvc/CMakeFiles/CMakeTmp

Run Build Command:C:\PROGRA~2\MICROS~3.0\Common7\IDE\devenv.com CMAKE_TRY_COMPILE.sln /build Debug /project cmTryCompileExec1060458700

Microsoft (R) Microsoft Visual Studio 2012 Version 11.0.60610.1.
Copyright (C) Microsoft Corp. All rights reserved.
1>------ Build started: Project: cmTryCompileExec1060458700, Configuration: Debug Win32 ------
1>Build started 8/11/2013 5:06:19 PM.
1>PrepareForBuild:
1>  Creating directory "D:\Development\op3d_active\dcmtk-3.6.0\msvc\CMakeFiles\CMakeTmp\Debug\".
1>InitializeBuildStatus:
1>  Creating "cmTryCompileExec1060458700.dir\Debug\cmTryCompileExec1060458700.unsuccessfulbuild" because "AlwaysCreate" was specified.
1>ClCompile:
1>  Microsoft (R) C/C++ Optimizing Compiler Version 17.00.60610.1 for x86
1>  Copyright (C) Microsoft Corporation.  All rights reserved.
1>  
1>  cl /c /Zi /W3 /WX- /Od /Ob0 /Oy- /D WIN32 /D _WINDOWS /D CHECK_FUNCTION_EXISTS=malloc_debug /D _DEBUG /D "CMAKE_INTDIR=\"Debug\"" /D _MBCS /Gm- /RTC1 /MDd /GS /fp:precise /Zc:wchar_t /Zc:forScope /Fo"cmTryCompileExec1060458700.dir\Debug\\" /Fd"D:/Development/op3d_active/dcmtk-3.6.0/msvc/CMakeFiles/CMakeTmp/Debug/cmTryCompileExec1060458700.pdb" /Gd /TC /analyze- /errorReport:prompt  /Zm1000 "C:\Program Files (x86)\CMake 2.8\share\cmake-2.8\Modules\CheckFunctionExists.c"
1>  
1>  CheckFunctionExists.c
1>CheckFunctionExists.obj : error LNK2019: unresolved external symbol _malloc_debug referenced in function _main
1>D:\Development\op3d_active\dcmtk-3.6.0\msvc\CMakeFiles\CMakeTmp\Debug\cmTryCompileExec1060458700.exe : fatal error LNK1120: 1 unresolved externals
1>
1>Build FAILED.
1>
1>Time Elapsed 00:00:00.55
========== Build: 0 succeeded, 1 failed, 0 up-to-date, 0 skipped ==========


Determining if the function mkstemp exists failed with the following output:
Change Dir: D:/Development/op3d_active/dcmtk-3.6.0/msvc/CMakeFiles/CMakeTmp

Run Build Command:C:\PROGRA~2\MICROS~3.0\Common7\IDE\devenv.com CMAKE_TRY_COMPILE.sln /build Debug /project cmTryCompileExec3748414493

Microsoft (R) Microsoft Visual Studio 2012 Version 11.0.60610.1.
Copyright (C) Microsoft Corp. All rights reserved.
1>------ Build started: Project: cmTryCompileExec3748414493, Configuration: Debug Win32 ------
1>Build started 8/11/2013 5:06:33 PM.
1>PrepareForBuild:
1>  Creating directory "D:\Development\op3d_active\dcmtk-3.6.0\msvc\CMakeFiles\CMakeTmp\Debug\".
1>InitializeBuildStatus:
1>  Creating "cmTryCompileExec3748414493.dir\Debug\cmTryCompileExec3748414493.unsuccessfulbuild" because "AlwaysCreate" was specified.
1>ClCompile:
1>  Microsoft (R) C/C++ Optimizing Compiler Version 17.00.60610.1 for x86
1>  Copyright (C) Microsoft Corporation.  All rights reserved.
1>  
1>  cl /c /Zi /W3 /WX- /Od /Ob0 /Oy- /D WIN32 /D _WINDOWS /D CHECK_FUNCTION_EXISTS=mkstemp /D _DEBUG /D "CMAKE_INTDIR=\"Debug\"" /D _MBCS /Gm- /RTC1 /MDd /GS /fp:precise /Zc:wchar_t /Zc:forScope /Fo"cmTryCompileExec3748414493.dir\Debug\\" /Fd"D:/Development/op3d_active/dcmtk-3.6.0/msvc/CMakeFiles/CMakeTmp/Debug/cmTryCompileExec3748414493.pdb" /Gd /TC /analyze- /errorReport:prompt  /Zm1000 "C:\Program Files (x86)\CMake 2.8\share\cmake-2.8\Modules\CheckFunctionExists.c"
1>  
1>  CheckFunctionExists.c
1>CheckFunctionExists.obj : error LNK2019: unresolved external symbol _mkstemp referenced in function _main
1>D:\Development\op3d_active\dcmtk-3.6.0\msvc\CMakeFiles\CMakeTmp\Debug\cmTryCompileExec3748414493.exe : fatal error LNK1120: 1 unresolved externals
1>
1>Build FAILED.
1>
1>Time Elapsed 00:00:00.54
========== Build: 0 succeeded, 1 failed, 0 up-to-date, 0 skipped ==========


Determining if the function rindex exists failed with the following output:
Change Dir: D:/Development/op3d_active/dcmtk-3.6.0/msvc/CMakeFiles/CMakeTmp

Run Build Command:C:\PROGRA~2\MICROS~3.0\Common7\IDE\devenv.com CMAKE_TRY_COMPILE.sln /build Debug /project cmTryCompileExec3609475084

Microsoft (R) Microsoft Visual Studio 2012 Version 11.0.60610.1.
Copyright (C) Microsoft Corp. All rights reserved.
1>------ Build started: Project: cmTryCompileExec3609475084, Configuration: Debug Win32 ------
1>Build started 8/11/2013 5:06:38 PM.
1>PrepareForBuild:
1>  Creating directory "D:\Development\op3d_active\dcmtk-3.6.0\msvc\CMakeFiles\CMakeTmp\Debug\".
1>InitializeBuildStatus:
1>  Creating "cmTryCompileExec3609475084.dir\Debug\cmTryCompileExec3609475084.unsuccessfulbuild" because "AlwaysCreate" was specified.
1>ClCompile:
1>  Microsoft (R) C/C++ Optimizing Compiler Version 17.00.60610.1 for x86
1>  Copyright (C) Microsoft Corporation.  All rights reserved.
1>  
1>  cl /c /Zi /W3 /WX- /Od /Ob0 /Oy- /D WIN32 /D _WINDOWS /D CHECK_FUNCTION_EXISTS=rindex /D _DEBUG /D "CMAKE_INTDIR=\"Debug\"" /D _MBCS /Gm- /RTC1 /MDd /GS /fp:precise /Zc:wchar_t /Zc:forScope /Fo"cmTryCompileExec3609475084.dir\Debug\\" /Fd"D:/Development/op3d_active/dcmtk-3.6.0/msvc/CMakeFiles/CMakeTmp/Debug/cmTryCompileExec3609475084.pdb" /Gd /TC /analyze- /errorReport:prompt  /Zm1000 "C:\Program Files (x86)\CMake 2.8\share\cmake-2.8\Modules\CheckFunctionExists.c"
1>  
1>  CheckFunctionExists.c
1>CheckFunctionExists.obj : error LNK2019: unresolved external symbol _rindex referenced in function _main
1>D:\Development\op3d_active\dcmtk-3.6.0\msvc\CMakeFiles\CMakeTmp\Debug\cmTryCompileExec3609475084.exe : fatal error LNK1120: 1 unresolved externals
1>
1>Build FAILED.
1>
1>Time Elapsed 00:00:00.55
========== Build: 0 succeeded, 1 failed, 0 up-to-date, 0 skipped ==========


Determining if the function select exists failed with the following output:
Change Dir: D:/Development/op3d_active/dcmtk-3.6.0/msvc/CMakeFiles/CMakeTmp

Run Build Command:C:\PROGRA~2\MICROS~3.0\Common7\IDE\devenv.com CMAKE_TRY_COMPILE.sln /build Debug /project cmTryCompileExec4221497842

Microsoft (R) Microsoft Visual Studio 2012 Version 11.0.60610.1.
Copyright (C) Microsoft Corp. All rights reserved.
1>------ Build started: Project: cmTryCompileExec4221497842, Configuration: Debug Win32 ------
1>Build started 8/11/2013 5:06:41 PM.
1>PrepareForBuild:
1>  Creating directory "D:\Development\op3d_active\dcmtk-3.6.0\msvc\CMakeFiles\CMakeTmp\Debug\".
1>InitializeBuildStatus:
1>  Creating "cmTryCompileExec4221497842.dir\Debug\cmTryCompileExec4221497842.unsuccessfulbuild" because "AlwaysCreate" was specified.
1>ClCompile:
1>  Microsoft (R) C/C++ Optimizing Compiler Version 17.00.60610.1 for x86
1>  Copyright (C) Microsoft Corporation.  All rights reserved.
1>  
1>  cl /c /Zi /W3 /WX- /Od /Ob0 /Oy- /D WIN32 /D _WINDOWS /D CHECK_FUNCTION_EXISTS=select /D _DEBUG /D "CMAKE_INTDIR=\"Debug\"" /D _MBCS /Gm- /RTC1 /MDd /GS /fp:precise /Zc:wchar_t /Zc:forScope /Fo"cmTryCompileExec4221497842.dir\Debug\\" /Fd"D:/Development/op3d_active/dcmtk-3.6.0/msvc/CMakeFiles/CMakeTmp/Debug/cmTryCompileExec4221497842.pdb" /Gd /TC /analyze- /errorReport:prompt  /Zm1000 "C:\Program Files (x86)\CMake 2.8\share\cmake-2.8\Modules\CheckFunctionExists.c"
1>  
1>  CheckFunctionExists.c
1>CheckFunctionExists.obj : error LNK2019: unresolved external symbol _select referenced in function _main
1>D:\Development\op3d_active\dcmtk-3.6.0\msvc\CMakeFiles\CMakeTmp\Debug\cmTryCompileExec4221497842.exe : fatal error LNK1120: 1 unresolved externals
1>
1>Build FAILED.
1>
1>Time Elapsed 00:00:00.56
========== Build: 0 succeeded, 1 failed, 0 up-to-date, 0 skipped ==========


Determining if the function setsockopt exists failed with the following output:
Change Dir: D:/Development/op3d_active/dcmtk-3.6.0/msvc/CMakeFiles/CMakeTmp

Run Build Command:C:\PROGRA~2\MICROS~3.0\Common7\IDE\devenv.com CMAKE_TRY_COMPILE.sln /build Debug /project cmTryCompileExec4159572582

Microsoft (R) Microsoft Visual Studio 2012 Version 11.0.60610.1.
Copyright (C) Microsoft Corp. All rights reserved.
1>------ Build started: Project: cmTryCompileExec4159572582, Configuration: Debug Win32 ------
1>Build started 8/11/2013 5:06:44 PM.
1>PrepareForBuild:
1>  Creating directory "D:\Development\op3d_active\dcmtk-3.6.0\msvc\CMakeFiles\CMakeTmp\Debug\".
1>InitializeBuildStatus:
1>  Creating "cmTryCompileExec4159572582.dir\Debug\cmTryCompileExec4159572582.unsuccessfulbuild" because "AlwaysCreate" was specified.
1>ClCompile:
1>  Microsoft (R) C/C++ Optimizing Compiler Version 17.00.60610.1 for x86
1>  Copyright (C) Microsoft Corporation.  All rights reserved.
1>  
1>  cl /c /Zi /W3 /WX- /Od /Ob0 /Oy- /D WIN32 /D _WINDOWS /D CHECK_FUNCTION_EXISTS=setsockopt /D _DEBUG /D "CMAKE_INTDIR=\"Debug\"" /D _MBCS /Gm- /RTC1 /MDd /GS /fp:precise /Zc:wchar_t /Zc:forScope /Fo"cmTryCompileExec4159572582.dir\Debug\\" /Fd"D:/Development/op3d_active/dcmtk-3.6.0/msvc/CMakeFiles/CMakeTmp/Debug/cmTryCompileExec4159572582.pdb" /Gd /TC /analyze- /errorReport:prompt  /Zm1000 "C:\Program Files (x86)\CMake 2.8\share\cmake-2.8\Modules\CheckFunctionExists.c"
1>  
1>  CheckFunctionExists.c
1>CheckFunctionExists.obj : error LNK2019: unresolved external symbol _setsockopt referenced in function _main
1>D:\Development\op3d_active\dcmtk-3.6.0\msvc\CMakeFiles\CMakeTmp\Debug\cmTryCompileExec4159572582.exe : fatal error LNK1120: 1 unresolved externals
1>
1>Build FAILED.
1>
1>Time Elapsed 00:00:00.55
========== Build: 0 succeeded, 1 failed, 0 up-to-date, 0 skipped ==========


Determining if the function setuid exists failed with the following output:
Change Dir: D:/Development/op3d_active/dcmtk-3.6.0/msvc/CMakeFiles/CMakeTmp

Run Build Command:C:\PROGRA~2\MICROS~3.0\Common7\IDE\devenv.com CMAKE_TRY_COMPILE.sln /build Debug /project cmTryCompileExec1800356222

Microsoft (R) Microsoft Visual Studio 2012 Version 11.0.60610.1.
Copyright (C) Microsoft Corp. All rights reserved.
1>------ Build started: Project: cmTryCompileExec1800356222, Configuration: Debug Win32 ------
1>Build started 8/11/2013 5:06:46 PM.
1>PrepareForBuild:
1>  Creating directory "D:\Development\op3d_active\dcmtk-3.6.0\msvc\CMakeFiles\CMakeTmp\Debug\".
1>InitializeBuildStatus:
1>  Creating "cmTryCompileExec1800356222.dir\Debug\cmTryCompileExec1800356222.unsuccessfulbuild" because "AlwaysCreate" was specified.
1>ClCompile:
1>  Microsoft (R) C/C++ Optimizing Compiler Version 17.00.60610.1 for x86
1>  Copyright (C) Microsoft Corporation.  All rights reserved.
1>  
1>  cl /c /Zi /W3 /WX- /Od /Ob0 /Oy- /D WIN32 /D _WINDOWS /D CHECK_FUNCTION_EXISTS=setuid /D _DEBUG /D "CMAKE_INTDIR=\"Debug\"" /D _MBCS /Gm- /RTC1 /MDd /GS /fp:precise /Zc:wchar_t /Zc:forScope /Fo"cmTryCompileExec1800356222.dir\Debug\\" /Fd"D:/Development/op3d_active/dcmtk-3.6.0/msvc/CMakeFiles/CMakeTmp/Debug/cmTryCompileExec1800356222.pdb" /Gd /TC /analyze- /errorReport:prompt  /Zm1000 "C:\Program Files (x86)\CMake 2.8\share\cmake-2.8\Modules\CheckFunctionExists.c"
1>  
1>  CheckFunctionExists.c
1>CheckFunctionExists.obj : error LNK2019: unresolved external symbol _setuid referenced in function _main
1>D:\Development\op3d_active\dcmtk-3.6.0\msvc\CMakeFiles\CMakeTmp\Debug\cmTryCompileExec1800356222.exe : fatal error LNK1120: 1 unresolved externals
1>
1>Build FAILED.
1>
1>Time Elapsed 00:00:00.55
========== Build: 0 succeeded, 1 failed, 0 up-to-date, 0 skipped ==========


Determining if the function sleep exists failed with the following output:
Change Dir: D:/Development/op3d_active/dcmtk-3.6.0/msvc/CMakeFiles/CMakeTmp

Run Build Command:C:\PROGRA~2\MICROS~3.0\Common7\IDE\devenv.com CMAKE_TRY_COMPILE.sln /build Debug /project cmTryCompileExec149422726

Microsoft (R) Microsoft Visual Studio 2012 Version 11.0.60610.1.
Copyright (C) Microsoft Corp. All rights reserved.
1>------ Build started: Project: cmTryCompileExec149422726, Configuration: Debug Win32 ------
1>Build started 8/11/2013 5:06:49 PM.
1>PrepareForBuild:
1>  Creating directory "D:\Development\op3d_active\dcmtk-3.6.0\msvc\CMakeFiles\CMakeTmp\Debug\".
1>InitializeBuildStatus:
1>  Creating "cmTryCompileExec149422726.dir\Debug\cmTryCompileExec149422726.unsuccessfulbuild" because "AlwaysCreate" was specified.
1>ClCompile:
1>  Microsoft (R) C/C++ Optimizing Compiler Version 17.00.60610.1 for x86
1>  Copyright (C) Microsoft Corporation.  All rights reserved.
1>  
1>  cl /c /Zi /W3 /WX- /Od /Ob0 /Oy- /D WIN32 /D _WINDOWS /D CHECK_FUNCTION_EXISTS=sleep /D _DEBUG /D "CMAKE_INTDIR=\"Debug\"" /D _MBCS /Gm- /RTC1 /MDd /GS /fp:precise /Zc:wchar_t /Zc:forScope /Fo"cmTryCompileExec149422726.dir\Debug\\" /Fd"D:/Development/op3d_active/dcmtk-3.6.0/msvc/CMakeFiles/CMakeTmp/Debug/cmTryCompileExec149422726.pdb" /Gd /TC /analyze- /errorReport:prompt  /Zm1000 "C:\Program Files (x86)\CMake 2.8\share\cmake-2.8\Modules\CheckFunctionExists.c"
1>  
1>  CheckFunctionExists.c
1>CheckFunctionExists.obj : error LNK2019: unresolved external symbol _sleep referenced in function _main
1>D:\Development\op3d_active\dcmtk-3.6.0\msvc\CMakeFiles\CMakeTmp\Debug\cmTryCompileExec149422726.exe : fatal error LNK1120: 1 unresolved externals
1>
1>Build FAILED.
1>
1>Time Elapsed 00:00:00.55
========== Build: 0 succeeded, 1 failed, 0 up-to-date, 0 skipped ==========


Determining if the function socket exists failed with the following output:
Change Dir: D:/Development/op3d_active/dcmtk-3.6.0/msvc/CMakeFiles/CMakeTmp

Run Build Command:C:\PROGRA~2\MICROS~3.0\Common7\IDE\devenv.com CMAKE_TRY_COMPILE.sln /build Debug /project cmTryCompileExec4088805461

Microsoft (R) Microsoft Visual Studio 2012 Version 11.0.60610.1.
Copyright (C) Microsoft Corp. All rights reserved.
1>------ Build started: Project: cmTryCompileExec4088805461, Configuration: Debug Win32 ------
1>Build started 8/11/2013 5:06:52 PM.
1>PrepareForBuild:
1>  Creating directory "D:\Development\op3d_active\dcmtk-3.6.0\msvc\CMakeFiles\CMakeTmp\Debug\".
1>InitializeBuildStatus:
1>  Creating "cmTryCompileExec4088805461.dir\Debug\cmTryCompileExec4088805461.unsuccessfulbuild" because "AlwaysCreate" was specified.
1>ClCompile:
1>  Microsoft (R) C/C++ Optimizing Compiler Version 17.00.60610.1 for x86
1>  Copyright (C) Microsoft Corporation.  All rights reserved.
1>  
1>  cl /c /Zi /W3 /WX- /Od /Ob0 /Oy- /D WIN32 /D _WINDOWS /D CHECK_FUNCTION_EXISTS=socket /D _DEBUG /D "CMAKE_INTDIR=\"Debug\"" /D _MBCS /Gm- /RTC1 /MDd /GS /fp:precise /Zc:wchar_t /Zc:forScope /Fo"cmTryCompileExec4088805461.dir\Debug\\" /Fd"D:/Development/op3d_active/dcmtk-3.6.0/msvc/CMakeFiles/CMakeTmp/Debug/cmTryCompileExec4088805461.pdb" /Gd /TC /analyze- /errorReport:prompt  /Zm1000 "C:\Program Files (x86)\CMake 2.8\share\cmake-2.8\Modules\CheckFunctionExists.c"
1>  
1>  CheckFunctionExists.c
1>CheckFunctionExists.obj : error LNK2019: unresolved external symbol _socket referenced in function _main
1>D:\Development\op3d_active\dcmtk-3.6.0\msvc\CMakeFiles\CMakeTmp\Debug\cmTryCompileExec4088805461.exe : fatal error LNK1120: 1 unresolved externals
1>
1>Build FAILED.
1>
1>Time Elapsed 00:00:00.55
========== Build: 0 succeeded, 1 failed, 0 up-to-date, 0 skipped ==========


Determining if the function strlcat exists failed with the following output:
Change Dir: D:/Development/op3d_active/dcmtk-3.6.0/msvc/CMakeFiles/CMakeTmp

Run Build Command:C:\PROGRA~2\MICROS~3.0\Common7\IDE\devenv.com CMAKE_TRY_COMPILE.sln /build Debug /project cmTryCompileExec2090188158

Microsoft (R) Microsoft Visual Studio 2012 Version 11.0.60610.1.
Copyright (C) Microsoft Corp. All rights reserved.
1>------ Build started: Project: cmTryCompileExec2090188158, Configuration: Debug Win32 ------
1>Build started 8/11/2013 5:07:06 PM.
1>PrepareForBuild:
1>  Creating directory "D:\Development\op3d_active\dcmtk-3.6.0\msvc\CMakeFiles\CMakeTmp\Debug\".
1>InitializeBuildStatus:
1>  Creating "cmTryCompileExec2090188158.dir\Debug\cmTryCompileExec2090188158.unsuccessfulbuild" because "AlwaysCreate" was specified.
1>ClCompile:
1>  Microsoft (R) C/C++ Optimizing Compiler Version 17.00.60610.1 for x86
1>  Copyright (C) Microsoft Corporation.  All rights reserved.
1>  
1>  cl /c /Zi /W3 /WX- /Od /Ob0 /Oy- /D WIN32 /D _WINDOWS /D CHECK_FUNCTION_EXISTS=strlcat /D _DEBUG /D "CMAKE_INTDIR=\"Debug\"" /D _MBCS /Gm- /RTC1 /MDd /GS /fp:precise /Zc:wchar_t /Zc:forScope /Fo"cmTryCompileExec2090188158.dir\Debug\\" /Fd"D:/Development/op3d_active/dcmtk-3.6.0/msvc/CMakeFiles/CMakeTmp/Debug/cmTryCompileExec2090188158.pdb" /Gd /TC /analyze- /errorReport:prompt  /Zm1000 "C:\Program Files (x86)\CMake 2.8\share\cmake-2.8\Modules\CheckFunctionExists.c"
1>  
1>  CheckFunctionExists.c
1>CheckFunctionExists.obj : error LNK2019: unresolved external symbol _strlcat referenced in function _main
1>D:\Development\op3d_active\dcmtk-3.6.0\msvc\CMakeFiles\CMakeTmp\Debug\cmTryCompileExec2090188158.exe : fatal error LNK1120: 1 unresolved externals
1>
1>Build FAILED.
1>
1>Time Elapsed 00:00:00.59
========== Build: 0 succeeded, 1 failed, 0 up-to-date, 0 skipped ==========


Determining if the function strlcpy exists failed with the following output:
Change Dir: D:/Development/op3d_active/dcmtk-3.6.0/msvc/CMakeFiles/CMakeTmp

Run Build Command:C:\PROGRA~2\MICROS~3.0\Common7\IDE\devenv.com CMAKE_TRY_COMPILE.sln /build Debug /project cmTryCompileExec2549463227

Microsoft (R) Microsoft Visual Studio 2012 Version 11.0.60610.1.
Copyright (C) Microsoft Corp. All rights reserved.
1>------ Build started: Project: cmTryCompileExec2549463227, Configuration: Debug Win32 ------
1>Build started 8/11/2013 5:07:08 PM.
1>PrepareForBuild:
1>  Creating directory "D:\Development\op3d_active\dcmtk-3.6.0\msvc\CMakeFiles\CMakeTmp\Debug\".
1>InitializeBuildStatus:
1>  Creating "cmTryCompileExec2549463227.dir\Debug\cmTryCompileExec2549463227.unsuccessfulbuild" because "AlwaysCreate" was specified.
1>ClCompile:
1>  Microsoft (R) C/C++ Optimizing Compiler Version 17.00.60610.1 for x86
1>  Copyright (C) Microsoft Corporation.  All rights reserved.
1>  
1>  cl /c /Zi /W3 /WX- /Od /Ob0 /Oy- /D WIN32 /D _WINDOWS /D CHECK_FUNCTION_EXISTS=strlcpy /D _DEBUG /D "CMAKE_INTDIR=\"Debug\"" /D _MBCS /Gm- /RTC1 /MDd /GS /fp:precise /Zc:wchar_t /Zc:forScope /Fo"cmTryCompileExec2549463227.dir\Debug\\" /Fd"D:/Development/op3d_active/dcmtk-3.6.0/msvc/CMakeFiles/CMakeTmp/Debug/cmTryCompileExec2549463227.pdb" /Gd /TC /analyze- /errorReport:prompt  /Zm1000 "C:\Program Files (x86)\CMake 2.8\share\cmake-2.8\Modules\CheckFunctionExists.c"
1>  
1>  CheckFunctionExists.c
1>CheckFunctionExists.obj : error LNK2019: unresolved external symbol _strlcpy referenced in function _main
1>D:\Development\op3d_active\dcmtk-3.6.0\msvc\CMakeFiles\CMakeTmp\Debug\cmTryCompileExec2549463227.exe : fatal error LNK1120: 1 unresolved externals
1>
1>Build FAILED.
1>
1>Time Elapsed 00:00:00.54
========== Build: 0 succeeded, 1 failed, 0 up-to-date, 0 skipped ==========


Determining if the function sysinfo exists failed with the following output:
Change Dir: D:/Development/op3d_active/dcmtk-3.6.0/msvc/CMakeFiles/CMakeTmp

Run Build Command:C:\PROGRA~2\MICROS~3.0\Common7\IDE\devenv.com CMAKE_TRY_COMPILE.sln /build Debug /project cmTryCompileExec2404925375

Microsoft (R) Microsoft Visual Studio 2012 Version 11.0.60610.1.
Copyright (C) Microsoft Corp. All rights reserved.
1>------ Build started: Project: cmTryCompileExec2404925375, Configuration: Debug Win32 ------
1>Build started 8/11/2013 5:07:17 PM.
1>PrepareForBuild:
1>  Creating directory "D:\Development\op3d_active\dcmtk-3.6.0\msvc\CMakeFiles\CMakeTmp\Debug\".
1>InitializeBuildStatus:
1>  Creating "cmTryCompileExec2404925375.dir\Debug\cmTryCompileExec2404925375.unsuccessfulbuild" because "AlwaysCreate" was specified.
1>ClCompile:
1>  Microsoft (R) C/C++ Optimizing Compiler Version 17.00.60610.1 for x86
1>  Copyright (C) Microsoft Corporation.  All rights reserved.
1>  
1>  cl /c /Zi /W3 /WX- /Od /Ob0 /Oy- /D WIN32 /D _WINDOWS /D CHECK_FUNCTION_EXISTS=sysinfo /D _DEBUG /D "CMAKE_INTDIR=\"Debug\"" /D _MBCS /Gm- /RTC1 /MDd /GS /fp:precise /Zc:wchar_t /Zc:forScope /Fo"cmTryCompileExec2404925375.dir\Debug\\" /Fd"D:/Development/op3d_active/dcmtk-3.6.0/msvc/CMakeFiles/CMakeTmp/Debug/cmTryCompileExec2404925375.pdb" /Gd /TC /analyze- /errorReport:prompt  /Zm1000 "C:\Program Files (x86)\CMake 2.8\share\cmake-2.8\Modules\CheckFunctionExists.c"
1>  
1>  CheckFunctionExists.c
1>CheckFunctionExists.obj : error LNK2019: unresolved external symbol _sysinfo referenced in function _main
1>D:\Development\op3d_active\dcmtk-3.6.0\msvc\CMakeFiles\CMakeTmp\Debug\cmTryCompileExec2404925375.exe : fatal error LNK1120: 1 unresolved externals
1>
1>Build FAILED.
1>
1>Time Elapsed 00:00:00.64
========== Build: 0 succeeded, 1 failed, 0 up-to-date, 0 skipped ==========


Determining if the function uname exists failed with the following output:
Change Dir: D:/Development/op3d_active/dcmtk-3.6.0/msvc/CMakeFiles/CMakeTmp

Run Build Command:C:\PROGRA~2\MICROS~3.0\Common7\IDE\devenv.com CMAKE_TRY_COMPILE.sln /build Debug /project cmTryCompileExec24131496

Microsoft (R) Microsoft Visual Studio 2012 Version 11.0.60610.1.
Copyright (C) Microsoft Corp. All rights reserved.
1>------ Build started: Project: cmTryCompileExec24131496, Configuration: Debug Win32 ------
1>Build started 8/11/2013 5:07:26 PM.
1>PrepareForBuild:
1>  Creating directory "D:\Development\op3d_active\dcmtk-3.6.0\msvc\CMakeFiles\CMakeTmp\Debug\".
1>InitializeBuildStatus:
1>  Creating "cmTryCompileExec24131496.dir\Debug\cmTryCompileExec24131496.unsuccessfulbuild" because "AlwaysCreate" was specified.
1>ClCompile:
1>  Microsoft (R) C/C++ Optimizing Compiler Version 17.00.60610.1 for x86
1>  Copyright (C) Microsoft Corporation.  All rights reserved.
1>  
1>  cl /c /Zi /W3 /WX- /Od /Ob0 /Oy- /D WIN32 /D _WINDOWS /D CHECK_FUNCTION_EXISTS=uname /D _DEBUG /D "CMAKE_INTDIR=\"Debug\"" /D _MBCS /Gm- /RTC1 /MDd /GS /fp:precise /Zc:wchar_t /Zc:forScope /Fo"cmTryCompileExec24131496.dir\Debug\\" /Fd"D:/Development/op3d_active/dcmtk-3.6.0/msvc/CMakeFiles/CMakeTmp/Debug/cmTryCompileExec24131496.pdb" /Gd /TC /analyze- /errorReport:prompt  /Zm1000 "C:\Program Files (x86)\CMake 2.8\share\cmake-2.8\Modules\CheckFunctionExists.c"
1>  
1>  CheckFunctionExists.c
1>CheckFunctionExists.obj : error LNK2019: unresolved external symbol _uname referenced in function _main
1>D:\Development\op3d_active\dcmtk-3.6.0\msvc\CMakeFiles\CMakeTmp\Debug\cmTryCompileExec24131496.exe : fatal error LNK1120: 1 unresolved externals
1>
1>Build FAILED.
1>
1>Time Elapsed 00:00:00.55
========== Build: 0 succeeded, 1 failed, 0 up-to-date, 0 skipped ==========


Determining if the function usleep exists failed with the following output:
Change Dir: D:/Development/op3d_active/dcmtk-3.6.0/msvc/CMakeFiles/CMakeTmp

Run Build Command:C:\PROGRA~2\MICROS~3.0\Common7\IDE\devenv.com CMAKE_TRY_COMPILE.sln /build Debug /project cmTryCompileExec3278457946

Microsoft (R) Microsoft Visual Studio 2012 Version 11.0.60610.1.
Copyright (C) Microsoft Corp. All rights reserved.
1>------ Build started: Project: cmTryCompileExec3278457946, Configuration: Debug Win32 ------
1>Build started 8/11/2013 5:07:28 PM.
1>PrepareForBuild:
1>  Creating directory "D:\Development\op3d_active\dcmtk-3.6.0\msvc\CMakeFiles\CMakeTmp\Debug\".
1>InitializeBuildStatus:
1>  Creating "cmTryCompileExec3278457946.dir\Debug\cmTryCompileExec3278457946.unsuccessfulbuild" because "AlwaysCreate" was specified.
1>ClCompile:
1>  Microsoft (R) C/C++ Optimizing Compiler Version 17.00.60610.1 for x86
1>  Copyright (C) Microsoft Corporation.  All rights reserved.
1>  
1>  cl /c /Zi /W3 /WX- /Od /Ob0 /Oy- /D WIN32 /D _WINDOWS /D CHECK_FUNCTION_EXISTS=usleep /D _DEBUG /D "CMAKE_INTDIR=\"Debug\"" /D _MBCS /Gm- /RTC1 /MDd /GS /fp:precise /Zc:wchar_t /Zc:forScope /Fo"cmTryCompileExec3278457946.dir\Debug\\" /Fd"D:/Development/op3d_active/dcmtk-3.6.0/msvc/CMakeFiles/CMakeTmp/Debug/cmTryCompileExec3278457946.pdb" /Gd /TC /analyze- /errorReport:prompt  /Zm1000 "C:\Program Files (x86)\CMake 2.8\share\cmake-2.8\Modules\CheckFunctionExists.c"
1>  
1>  CheckFunctionExists.c
1>CheckFunctionExists.obj : error LNK2019: unresolved external symbol _usleep referenced in function _main
1>D:\Development\op3d_active\dcmtk-3.6.0\msvc\CMakeFiles\CMakeTmp\Debug\cmTryCompileExec3278457946.exe : fatal error LNK1120: 1 unresolved externals
1>
1>Build FAILED.
1>
1>Time Elapsed 00:00:00.55
========== Build: 0 succeeded, 1 failed, 0 up-to-date, 0 skipped ==========


Determining if the function waitpid exists failed with the following output:
Change Dir: D:/Development/op3d_active/dcmtk-3.6.0/msvc/CMakeFiles/CMakeTmp

Run Build Command:C:\PROGRA~2\MICROS~3.0\Common7\IDE\devenv.com CMAKE_TRY_COMPILE.sln /build Debug /project cmTryCompileExec40968808

Microsoft (R) Microsoft Visual Studio 2012 Version 11.0.60610.1.
Copyright (C) Microsoft Corp. All rights reserved.
1>------ Build started: Project: cmTryCompileExec40968808, Configuration: Debug Win32 ------
1>Build started 8/11/2013 5:07:31 PM.
1>PrepareForBuild:
1>  Creating directory "D:\Development\op3d_active\dcmtk-3.6.0\msvc\CMakeFiles\CMakeTmp\Debug\".
1>InitializeBuildStatus:
1>  Creating "cmTryCompileExec40968808.dir\Debug\cmTryCompileExec40968808.unsuccessfulbuild" because "AlwaysCreate" was specified.
1>ClCompile:
1>  Microsoft (R) C/C++ Optimizing Compiler Version 17.00.60610.1 for x86
1>  Copyright (C) Microsoft Corporation.  All rights reserved.
1>  
1>  cl /c /Zi /W3 /WX- /Od /Ob0 /Oy- /D WIN32 /D _WINDOWS /D CHECK_FUNCTION_EXISTS=waitpid /D _DEBUG /D "CMAKE_INTDIR=\"Debug\"" /D _MBCS /Gm- /RTC1 /MDd /GS /fp:precise /Zc:wchar_t /Zc:forScope /Fo"cmTryCompileExec40968808.dir\Debug\\" /Fd"D:/Development/op3d_active/dcmtk-3.6.0/msvc/CMakeFiles/CMakeTmp/Debug/cmTryCompileExec40968808.pdb" /Gd /TC /analyze- /errorReport:prompt  /Zm1000 "C:\Program Files (x86)\CMake 2.8\share\cmake-2.8\Modules\CheckFunctionExists.c"
1>  
1>  CheckFunctionExists.c
1>CheckFunctionExists.obj : error LNK2019: unresolved external symbol _waitpid referenced in function _main
1>D:\Development\op3d_active\dcmtk-3.6.0\msvc\CMakeFiles\CMakeTmp\Debug\cmTryCompileExec40968808.exe : fatal error LNK1120: 1 unresolved externals
1>
1>Build FAILED.
1>
1>Time Elapsed 00:00:00.55
========== Build: 0 succeeded, 1 failed, 0 up-to-date, 0 skipped ==========


Determining if the isinf exist failed with the following output:
Change Dir: D:/Development/op3d_active/dcmtk-3.6.0/msvc/CMakeFiles/CMakeTmp

Run Build Command:C:\PROGRA~2\MICROS~3.0\Common7\IDE\devenv.com CMAKE_TRY_COMPILE.sln /build Debug /project cmTryCompileExec2197358392

Microsoft (R) Microsoft Visual Studio 2012 Version 11.0.60610.1.
Copyright (C) Microsoft Corp. All rights reserved.
1>------ Build started: Project: cmTryCompileExec2197358392, Configuration: Debug Win32 ------
1>Build started 8/11/2013 5:07:36 PM.
1>PrepareForBuild:
1>  Creating directory "D:\Development\op3d_active\dcmtk-3.6.0\msvc\CMakeFiles\CMakeTmp\Debug\".
1>InitializeBuildStatus:
1>  Creating "cmTryCompileExec2197358392.dir\Debug\cmTryCompileExec2197358392.unsuccessfulbuild" because "AlwaysCreate" was specified.
1>ClCompile:
1>  Microsoft (R) C/C++ Optimizing Compiler Version 17.00.60610.1 for x86
1>  Copyright (C) Microsoft Corporation.  All rights reserved.
1>  
1>  cl /c /Zi /W3 /WX- /Od /Ob0 /Oy- /D WIN32 /D _WINDOWS /D _DEBUG /D "CMAKE_INTDIR=\"Debug\"" /D _MBCS /Gm- /EHsc /RTC1 /MDd /GS /fp:precise /Zc:wchar_t /Zc:forScope /GR /Fo"cmTryCompileExec2197358392.dir\Debug\\" /Fd"D:/Development/op3d_active/dcmtk-3.6.0/msvc/CMakeFiles/CMakeTmp/Debug/cmTryCompileExec2197358392.pdb" /Gd /TP /analyze- /errorReport:prompt  /Zm1000 "D:\Development\op3d_active\dcmtk-3.6.0\msvc\CMakeTmp\CheckSymbolExists.cxx"
1>  
1>  CheckSymbolExists.cxx
1>D:\Development\op3d_active\dcmtk-3.6.0\msvc\CMakeTmp\CheckSymbolExists.cxx(13): error C2065: 'isinf' : undeclared identifier
1>
1>Build FAILED.
1>
1>Time Elapsed 00:00:00.77
========== Build: 0 succeeded, 1 failed, 0 up-to-date, 0 skipped ==========

File D:/Development/op3d_active/dcmtk-3.6.0/msvc/CMakeTmp/CheckSymbolExists.cxx:
/* */
#include <math.h>
#include <stdlib.h>
#include <string.h>
#include <sys/types.h>
#include <stdarg.h>
#include <stdio.h>
#include <windows.h>
#include <winsock.h>

int main()
{
isinf;return 0;
}

Determining if the isnan exist failed with the following output:
Change Dir: D:/Development/op3d_active/dcmtk-3.6.0/msvc/CMakeFiles/CMakeTmp

Run Build Command:C:\PROGRA~2\MICROS~3.0\Common7\IDE\devenv.com CMAKE_TRY_COMPILE.sln /build Debug /project cmTryCompileExec2406436755

Microsoft (R) Microsoft Visual Studio 2012 Version 11.0.60610.1.
Copyright (C) Microsoft Corp. All rights reserved.
1>------ Build started: Project: cmTryCompileExec2406436755, Configuration: Debug Win32 ------
1>Build started 8/11/2013 5:07:40 PM.
1>PrepareForBuild:
1>  Creating directory "D:\Development\op3d_active\dcmtk-3.6.0\msvc\CMakeFiles\CMakeTmp\Debug\".
1>InitializeBuildStatus:
1>  Creating "cmTryCompileExec2406436755.dir\Debug\cmTryCompileExec2406436755.unsuccessfulbuild" because "AlwaysCreate" was specified.
1>ClCompile:
1>  Microsoft (R) C/C++ Optimizing Compiler Version 17.00.60610.1 for x86
1>  Copyright (C) Microsoft Corporation.  All rights reserved.
1>  
1>  cl /c /Zi /W3 /WX- /Od /Ob0 /Oy- /D WIN32 /D _WINDOWS /D _DEBUG /D "CMAKE_INTDIR=\"Debug\"" /D _MBCS /Gm- /EHsc /RTC1 /MDd /GS /fp:precise /Zc:wchar_t /Zc:forScope /GR /Fo"cmTryCompileExec2406436755.dir\Debug\\" /Fd"D:/Development/op3d_active/dcmtk-3.6.0/msvc/CMakeFiles/CMakeTmp/Debug/cmTryCompileExec2406436755.pdb" /Gd /TP /analyze- /errorReport:prompt  /Zm1000 "D:\Development\op3d_active\dcmtk-3.6.0\msvc\CMakeTmp\CheckSymbolExists.cxx"
1>  
1>  CheckSymbolExists.cxx
1>D:\Development\op3d_active\dcmtk-3.6.0\msvc\CMakeTmp\CheckSymbolExists.cxx(13): error C2065: 'isnan' : undeclared identifier
1>
1>Build FAILED.
1>
1>Time Elapsed 00:00:00.74
========== Build: 0 succeeded, 1 failed, 0 up-to-date, 0 skipped ==========

File D:/Development/op3d_active/dcmtk-3.6.0/msvc/CMakeTmp/CheckSymbolExists.cxx:
/* */
#include <math.h>
#include <stdlib.h>
#include <string.h>
#include <sys/types.h>
#include <stdarg.h>
#include <stdio.h>
#include <windows.h>
#include <winsock.h>

int main()
{
isnan;return 0;
}

Determining if the finite exist failed with the following output:
Change Dir: D:/Development/op3d_active/dcmtk-3.6.0/msvc/CMakeFiles/CMakeTmp

Run Build Command:C:\PROGRA~2\MICROS~3.0\Common7\IDE\devenv.com CMAKE_TRY_COMPILE.sln /build Debug /project cmTryCompileExec242296813

Microsoft (R) Microsoft Visual Studio 2012 Version 11.0.60610.1.
Copyright (C) Microsoft Corp. All rights reserved.
1>------ Build started: Project: cmTryCompileExec242296813, Configuration: Debug Win32 ------
1>Build started 8/11/2013 5:07:43 PM.
1>PrepareForBuild:
1>  Creating directory "D:\Development\op3d_active\dcmtk-3.6.0\msvc\CMakeFiles\CMakeTmp\Debug\".
1>InitializeBuildStatus:
1>  Creating "cmTryCompileExec242296813.dir\Debug\cmTryCompileExec242296813.unsuccessfulbuild" because "AlwaysCreate" was specified.
1>ClCompile:
1>  Microsoft (R) C/C++ Optimizing Compiler Version 17.00.60610.1 for x86
1>  Copyright (C) Microsoft Corporation.  All rights reserved.
1>  
1>  cl /c /Zi /W3 /WX- /Od /Ob0 /Oy- /D WIN32 /D _WINDOWS /D _DEBUG /D "CMAKE_INTDIR=\"Debug\"" /D _MBCS /Gm- /EHsc /RTC1 /MDd /GS /fp:precise /Zc:wchar_t /Zc:forScope /GR /Fo"cmTryCompileExec242296813.dir\Debug\\" /Fd"D:/Development/op3d_active/dcmtk-3.6.0/msvc/CMakeFiles/CMakeTmp/Debug/cmTryCompileExec242296813.pdb" /Gd /TP /analyze- /errorReport:prompt  /Zm1000 "D:\Development\op3d_active\dcmtk-3.6.0\msvc\CMakeTmp\CheckSymbolExists.cxx"
1>  
1>  CheckSymbolExists.cxx
1>D:\Development\op3d_active\dcmtk-3.6.0\msvc\CMakeTmp\CheckSymbolExists.cxx(13): error C2065: 'finite' : undeclared identifier
1>
1>Build FAILED.
1>
1>Time Elapsed 00:00:00.75
========== Build: 0 succeeded, 1 failed, 0 up-to-date, 0 skipped ==========

File D:/Development/op3d_active/dcmtk-3.6.0/msvc/CMakeTmp/CheckSymbolExists.cxx:
/* */
#include <math.h>
#include <stdlib.h>
#include <string.h>
#include <sys/types.h>
#include <stdarg.h>
#include <stdio.h>
#include <windows.h>
#include <winsock.h>

int main()
{
finite;return 0;
}

Determining if the flock exist failed with the following output:
Change Dir: D:/Development/op3d_active/dcmtk-3.6.0/msvc/CMakeFiles/CMakeTmp

Run Build Command:C:\PROGRA~2\MICROS~3.0\Common7\IDE\devenv.com CMAKE_TRY_COMPILE.sln /build Debug /project cmTryCompileExec1467747673

Microsoft (R) Microsoft Visual Studio 2012 Version 11.0.60610.1.
Copyright (C) Microsoft Corp. All rights reserved.
1>------ Build started: Project: cmTryCompileExec1467747673, Configuration: Debug Win32 ------
1>Build started 8/11/2013 5:07:46 PM.
1>PrepareForBuild:
1>  Creating directory "D:\Development\op3d_active\dcmtk-3.6.0\msvc\CMakeFiles\CMakeTmp\Debug\".
1>InitializeBuildStatus:
1>  Creating "cmTryCompileExec1467747673.dir\Debug\cmTryCompileExec1467747673.unsuccessfulbuild" because "AlwaysCreate" was specified.
1>ClCompile:
1>  Microsoft (R) C/C++ Optimizing Compiler Version 17.00.60610.1 for x86
1>  Copyright (C) Microsoft Corporation.  All rights reserved.
1>  
1>  cl /c /Zi /W3 /WX- /Od /Ob0 /Oy- /D WIN32 /D _WINDOWS /D _DEBUG /D "CMAKE_INTDIR=\"Debug\"" /D _MBCS /Gm- /EHsc /RTC1 /MDd /GS /fp:precise /Zc:wchar_t /Zc:forScope /GR /Fo"cmTryCompileExec1467747673.dir\Debug\\" /Fd"D:/Development/op3d_active/dcmtk-3.6.0/msvc/CMakeFiles/CMakeTmp/Debug/cmTryCompileExec1467747673.pdb" /Gd /TP /analyze- /errorReport:prompt  /Zm1000 "D:\Development\op3d_active\dcmtk-3.6.0\msvc\CMakeTmp\CheckSymbolExists.cxx"
1>  
1>  CheckSymbolExists.cxx
1>D:\Development\op3d_active\dcmtk-3.6.0\msvc\CMakeTmp\CheckSymbolExists.cxx(13): error C2065: 'flock' : undeclared identifier
1>
1>Build FAILED.
1>
1>Time Elapsed 00:00:00.75
========== Build: 0 succeeded, 1 failed, 0 up-to-date, 0 skipped ==========

File D:/Development/op3d_active/dcmtk-3.6.0/msvc/CMakeTmp/CheckSymbolExists.cxx:
/* */
#include <math.h>
#include <stdlib.h>
#include <string.h>
#include <sys/types.h>
#include <stdarg.h>
#include <stdio.h>
#include <windows.h>
#include <winsock.h>

int main()
{
flock;return 0;
}

Determining if the gethostid exist failed with the following output:
Change Dir: D:/Development/op3d_active/dcmtk-3.6.0/msvc/CMakeFiles/CMakeTmp

Run Build Command:C:\PROGRA~2\MICROS~3.0\Common7\IDE\devenv.com CMAKE_TRY_COMPILE.sln /build Debug /project cmTryCompileExec4219423361

Microsoft (R) Microsoft Visual Studio 2012 Version 11.0.60610.1.
Copyright (C) Microsoft Corp. All rights reserved.
1>------ Build started: Project: cmTryCompileExec4219423361, Configuration: Debug Win32 ------
1>Build started 8/11/2013 5:07:52 PM.
1>PrepareForBuild:
1>  Creating directory "D:\Development\op3d_active\dcmtk-3.6.0\msvc\CMakeFiles\CMakeTmp\Debug\".
1>InitializeBuildStatus:
1>  Creating "cmTryCompileExec4219423361.dir\Debug\cmTryCompileExec4219423361.unsuccessfulbuild" because "AlwaysCreate" was specified.
1>ClCompile:
1>  Microsoft (R) C/C++ Optimizing Compiler Version 17.00.60610.1 for x86
1>  Copyright (C) Microsoft Corporation.  All rights reserved.
1>  
1>  cl /c /Zi /W3 /WX- /Od /Ob0 /Oy- /D WIN32 /D _WINDOWS /D _DEBUG /D "CMAKE_INTDIR=\"Debug\"" /D _MBCS /Gm- /EHsc /RTC1 /MDd /GS /fp:precise /Zc:wchar_t /Zc:forScope /GR /Fo"cmTryCompileExec4219423361.dir\Debug\\" /Fd"D:/Development/op3d_active/dcmtk-3.6.0/msvc/CMakeFiles/CMakeTmp/Debug/cmTryCompileExec4219423361.pdb" /Gd /TP /analyze- /errorReport:prompt  /Zm1000 "D:\Development\op3d_active\dcmtk-3.6.0\msvc\CMakeTmp\CheckSymbolExists.cxx"
1>  
1>  CheckSymbolExists.cxx
1>D:\Development\op3d_active\dcmtk-3.6.0\msvc\CMakeTmp\CheckSymbolExists.cxx(13): error C2065: 'gethostid' : undeclared identifier
1>
1>Build FAILED.
1>
1>Time Elapsed 00:00:00.75
========== Build: 0 succeeded, 1 failed, 0 up-to-date, 0 skipped ==========

File D:/Development/op3d_active/dcmtk-3.6.0/msvc/CMakeTmp/CheckSymbolExists.cxx:
/* */
#include <math.h>
#include <stdlib.h>
#include <string.h>
#include <sys/types.h>
#include <stdarg.h>
#include <stdio.h>
#include <windows.h>
#include <winsock.h>

int main()
{
gethostid;return 0;
}

Determining if the bzero exist failed with the following output:
Change Dir: D:/Development/op3d_active/dcmtk-3.6.0/msvc/CMakeFiles/CMakeTmp

Run Build Command:C:\PROGRA~2\MICROS~3.0\Common7\IDE\devenv.com CMAKE_TRY_COMPILE.sln /build Debug /project cmTryCompileExec1173939258

Microsoft (R) Microsoft Visual Studio 2012 Version 11.0.60610.1.
Copyright (C) Microsoft Corp. All rights reserved.
1>------ Build started: Project: cmTryCompileExec1173939258, Configuration: Debug Win32 ------
1>Build started 8/11/2013 5:07:55 PM.
1>PrepareForBuild:
1>  Creating directory "D:\Development\op3d_active\dcmtk-3.6.0\msvc\CMakeFiles\CMakeTmp\Debug\".
1>InitializeBuildStatus:
1>  Creating "cmTryCompileExec1173939258.dir\Debug\cmTryCompileExec1173939258.unsuccessfulbuild" because "AlwaysCreate" was specified.
1>ClCompile:
1>  Microsoft (R) C/C++ Optimizing Compiler Version 17.00.60610.1 for x86
1>  Copyright (C) Microsoft Corporation.  All rights reserved.
1>  
1>  cl /c /Zi /W3 /WX- /Od /Ob0 /Oy- /D WIN32 /D _WINDOWS /D _DEBUG /D "CMAKE_INTDIR=\"Debug\"" /D _MBCS /Gm- /EHsc /RTC1 /MDd /GS /fp:precise /Zc:wchar_t /Zc:forScope /GR /Fo"cmTryCompileExec1173939258.dir\Debug\\" /Fd"D:/Development/op3d_active/dcmtk-3.6.0/msvc/CMakeFiles/CMakeTmp/Debug/cmTryCompileExec1173939258.pdb" /Gd /TP /analyze- /errorReport:prompt  /Zm1000 "D:\Development\op3d_active\dcmtk-3.6.0\msvc\CMakeTmp\CheckSymbolExists.cxx"
1>  
1>  CheckSymbolExists.cxx
1>D:\Development\op3d_active\dcmtk-3.6.0\msvc\CMakeTmp\CheckSymbolExists.cxx(13): error C2065: 'bzero' : undeclared identifier
1>
1>Build FAILED.
1>
1>Time Elapsed 00:00:00.74
========== Build: 0 succeeded, 1 failed, 0 up-to-date, 0 skipped ==========

File D:/Development/op3d_active/dcmtk-3.6.0/msvc/CMakeTmp/CheckSymbolExists.cxx:
/* */
#include <math.h>
#include <stdlib.h>
#include <string.h>
#include <sys/types.h>
#include <stdarg.h>
#include <stdio.h>
#include <windows.h>
#include <winsock.h>

int main()
{
bzero;return 0;
}

Determining if the waitpid exist failed with the following output:
Change Dir: D:/Development/op3d_active/dcmtk-3.6.0/msvc/CMakeFiles/CMakeTmp

Run Build Command:C:\PROGRA~2\MICROS~3.0\Common7\IDE\devenv.com CMAKE_TRY_COMPILE.sln /build Debug /project cmTryCompileExec2512948537

Microsoft (R) Microsoft Visual Studio 2012 Version 11.0.60610.1.
Copyright (C) Microsoft Corp. All rights reserved.
1>------ Build started: Project: cmTryCompileExec2512948537, Configuration: Debug Win32 ------
1>Build started 8/11/2013 5:08:01 PM.
1>PrepareForBuild:
1>  Creating directory "D:\Development\op3d_active\dcmtk-3.6.0\msvc\CMakeFiles\CMakeTmp\Debug\".
1>InitializeBuildStatus:
1>  Creating "cmTryCompileExec2512948537.dir\Debug\cmTryCompileExec2512948537.unsuccessfulbuild" because "AlwaysCreate" was specified.
1>ClCompile:
1>  Microsoft (R) C/C++ Optimizing Compiler Version 17.00.60610.1 for x86
1>  Copyright (C) Microsoft Corporation.  All rights reserved.
1>  
1>  cl /c /Zi /W3 /WX- /Od /Ob0 /Oy- /D WIN32 /D _WINDOWS /D _DEBUG /D "CMAKE_INTDIR=\"Debug\"" /D _MBCS /Gm- /EHsc /RTC1 /MDd /GS /fp:precise /Zc:wchar_t /Zc:forScope /GR /Fo"cmTryCompileExec2512948537.dir\Debug\\" /Fd"D:/Development/op3d_active/dcmtk-3.6.0/msvc/CMakeFiles/CMakeTmp/Debug/cmTryCompileExec2512948537.pdb" /Gd /TP /analyze- /errorReport:prompt  /Zm1000 "D:\Development\op3d_active\dcmtk-3.6.0\msvc\CMakeTmp\CheckSymbolExists.cxx"
1>  
1>  CheckSymbolExists.cxx
1>D:\Development\op3d_active\dcmtk-3.6.0\msvc\CMakeTmp\CheckSymbolExists.cxx(13): error C2065: 'waitpid' : undeclared identifier
1>
1>Build FAILED.
1>
1>Time Elapsed 00:00:00.74
========== Build: 0 succeeded, 1 failed, 0 up-to-date, 0 skipped ==========

File D:/Development/op3d_active/dcmtk-3.6.0/msvc/CMakeTmp/CheckSymbolExists.cxx:
/* */
#include <math.h>
#include <stdlib.h>
#include <string.h>
#include <sys/types.h>
#include <stdarg.h>
#include <stdio.h>
#include <windows.h>
#include <winsock.h>

int main()
{
waitpid;return 0;
}

Determining if the wait3 exist failed with the following output:
Change Dir: D:/Development/op3d_active/dcmtk-3.6.0/msvc/CMakeFiles/CMakeTmp

Run Build Command:C:\PROGRA~2\MICROS~3.0\Common7\IDE\devenv.com CMAKE_TRY_COMPILE.sln /build Debug /project cmTryCompileExec4210212695

Microsoft (R) Microsoft Visual Studio 2012 Version 11.0.60610.1.
Copyright (C) Microsoft Corp. All rights reserved.
1>------ Build started: Project: cmTryCompileExec4210212695, Configuration: Debug Win32 ------
1>Build started 8/11/2013 5:08:04 PM.
1>PrepareForBuild:
1>  Creating directory "D:\Development\op3d_active\dcmtk-3.6.0\msvc\CMakeFiles\CMakeTmp\Debug\".
1>InitializeBuildStatus:
1>  Creating "cmTryCompileExec4210212695.dir\Debug\cmTryCompileExec4210212695.unsuccessfulbuild" because "AlwaysCreate" was specified.
1>ClCompile:
1>  Microsoft (R) C/C++ Optimizing Compiler Version 17.00.60610.1 for x86
1>  Copyright (C) Microsoft Corporation.  All rights reserved.
1>  
1>  cl /c /Zi /W3 /WX- /Od /Ob0 /Oy- /D WIN32 /D _WINDOWS /D _DEBUG /D "CMAKE_INTDIR=\"Debug\"" /D _MBCS /Gm- /EHsc /RTC1 /MDd /GS /fp:precise /Zc:wchar_t /Zc:forScope /GR /Fo"cmTryCompileExec4210212695.dir\Debug\\" /Fd"D:/Development/op3d_active/dcmtk-3.6.0/msvc/CMakeFiles/CMakeTmp/Debug/cmTryCompileExec4210212695.pdb" /Gd /TP /analyze- /errorReport:prompt  /Zm1000 "D:\Development\op3d_active\dcmtk-3.6.0\msvc\CMakeTmp\CheckSymbolExists.cxx"
1>  
1>  CheckSymbolExists.cxx
1>D:\Development\op3d_active\dcmtk-3.6.0\msvc\CMakeTmp\CheckSymbolExists.cxx(13): error C2065: 'wait3' : undeclared identifier
1>
1>Build FAILED.
1>
1>Time Elapsed 00:00:00.74
========== Build: 0 succeeded, 1 failed, 0 up-to-date, 0 skipped ==========

File D:/Development/op3d_active/dcmtk-3.6.0/msvc/CMakeTmp/CheckSymbolExists.cxx:
/* */
#include <math.h>
#include <stdlib.h>
#include <string.h>
#include <sys/types.h>
#include <stdarg.h>
#include <stdio.h>
#include <windows.h>
#include <winsock.h>

int main()
{
wait3;return 0;
}

Determining if the usleep exist failed with the following output:
Change Dir: D:/Development/op3d_active/dcmtk-3.6.0/msvc/CMakeFiles/CMakeTmp

Run Build Command:C:\PROGRA~2\MICROS~3.0\Common7\IDE\devenv.com CMAKE_TRY_COMPILE.sln /build Debug /project cmTryCompileExec1080242887

Microsoft (R) Microsoft Visual Studio 2012 Version 11.0.60610.1.
Copyright (C) Microsoft Corp. All rights reserved.
1>------ Build started: Project: cmTryCompileExec1080242887, Configuration: Debug Win32 ------
1>Build started 8/11/2013 5:08:07 PM.
1>PrepareForBuild:
1>  Creating directory "D:\Development\op3d_active\dcmtk-3.6.0\msvc\CMakeFiles\CMakeTmp\Debug\".
1>InitializeBuildStatus:
1>  Creating "cmTryCompileExec1080242887.dir\Debug\cmTryCompileExec1080242887.unsuccessfulbuild" because "AlwaysCreate" was specified.
1>ClCompile:
1>  Microsoft (R) C/C++ Optimizing Compiler Version 17.00.60610.1 for x86
1>  Copyright (C) Microsoft Corporation.  All rights reserved.
1>  
1>  cl /c /Zi /W3 /WX- /Od /Ob0 /Oy- /D WIN32 /D _WINDOWS /D _DEBUG /D "CMAKE_INTDIR=\"Debug\"" /D _MBCS /Gm- /EHsc /RTC1 /MDd /GS /fp:precise /Zc:wchar_t /Zc:forScope /GR /Fo"cmTryCompileExec1080242887.dir\Debug\\" /Fd"D:/Development/op3d_active/dcmtk-3.6.0/msvc/CMakeFiles/CMakeTmp/Debug/cmTryCompileExec1080242887.pdb" /Gd /TP /analyze- /errorReport:prompt  /Zm1000 "D:\Development\op3d_active\dcmtk-3.6.0\msvc\CMakeTmp\CheckSymbolExists.cxx"
1>  
1>  CheckSymbolExists.cxx
1>D:\Development\op3d_active\dcmtk-3.6.0\msvc\CMakeTmp\CheckSymbolExists.cxx(13): error C2065: 'usleep' : undeclared identifier
1>
1>Build FAILED.
1>
1>Time Elapsed 00:00:00.74
========== Build: 0 succeeded, 1 failed, 0 up-to-date, 0 skipped ==========

File D:/Development/op3d_active/dcmtk-3.6.0/msvc/CMakeTmp/CheckSymbolExists.cxx:
/* */
#include <math.h>
#include <stdlib.h>
#include <string.h>
#include <sys/types.h>
#include <stdarg.h>
#include <stdio.h>
#include <windows.h>
#include <winsock.h>

int main()
{
usleep;return 0;
}

Determining if the std::vsnprintf exist failed with the following output:
Change Dir: D:/Development/op3d_active/dcmtk-3.6.0/msvc/CMakeFiles/CMakeTmp

Run Build Command:C:\PROGRA~2\MICROS~3.0\Common7\IDE\devenv.com CMAKE_TRY_COMPILE.sln /build Debug /project cmTryCompileExec1769227651

Microsoft (R) Microsoft Visual Studio 2012 Version 11.0.60610.1.
Copyright (C) Microsoft Corp. All rights reserved.
1>------ Build started: Project: cmTryCompileExec1769227651, Configuration: Debug Win32 ------
1>Build started 8/11/2013 5:08:36 PM.
1>PrepareForBuild:
1>  Creating directory "D:\Development\op3d_active\dcmtk-3.6.0\msvc\CMakeFiles\CMakeTmp\Debug\".
1>InitializeBuildStatus:
1>  Creating "cmTryCompileExec1769227651.dir\Debug\cmTryCompileExec1769227651.unsuccessfulbuild" because "AlwaysCreate" was specified.
1>ClCompile:
1>  Microsoft (R) C/C++ Optimizing Compiler Version 17.00.60610.1 for x86
1>  Copyright (C) Microsoft Corporation.  All rights reserved.
1>  
1>  cl /c /Zi /W3 /WX- /Od /Ob0 /Oy- /D WIN32 /D _WINDOWS /D _DEBUG /D "CMAKE_INTDIR=\"Debug\"" /D _MBCS /Gm- /EHsc /RTC1 /MDd /GS /fp:precise /Zc:wchar_t /Zc:forScope /GR /Fo"cmTryCompileExec1769227651.dir\Debug\\" /Fd"D:/Development/op3d_active/dcmtk-3.6.0/msvc/CMakeFiles/CMakeTmp/Debug/cmTryCompileExec1769227651.pdb" /Gd /TP /analyze- /errorReport:prompt  /Zm1000 "D:\Development\op3d_active\dcmtk-3.6.0\msvc\CMakeTmp\CheckSymbolExists.cxx"
1>  
1>  CheckSymbolExists.cxx
1>D:\Development\op3d_active\dcmtk-3.6.0\msvc\CMakeTmp\CheckSymbolExists.cxx(7): error C2039: 'vsnprintf' : is not a member of 'std'
1>D:\Development\op3d_active\dcmtk-3.6.0\msvc\CMakeTmp\CheckSymbolExists.cxx(7): warning C4551: function call missing argument list
1>
1>Build FAILED.
1>
1>Time Elapsed 00:00:00.28
========== Build: 0 succeeded, 1 failed, 0 up-to-date, 0 skipped ==========

File D:/Development/op3d_active/dcmtk-3.6.0/msvc/CMakeTmp/CheckSymbolExists.cxx:
/* */
#include <cstdio>
#include <cstdarg>

int main()
{
std::vsnprintf;return 0;
}

Determining if the socklen_t definition exist failed with the following output:
Change Dir: D:/Development/op3d_active/dcmtk-3.6.0/msvc/CMakeFiles/CMakeTmp

Run Build Command:C:\PROGRA~2\MICROS~3.0\Common7\IDE\devenv.com CMAKE_TRY_COMPILE.sln /build Debug /project cmTryCompileExec794192311

Microsoft (R) Microsoft Visual Studio 2012 Version 11.0.60610.1.
Copyright (C) Microsoft Corp. All rights reserved.
1>------ Build started: Project: cmTryCompileExec794192311, Configuration: Debug Win32 ------
1>Build started 8/11/2013 5:08:42 PM.
1>PrepareForBuild:
1>  Creating directory "D:\Development\op3d_active\dcmtk-3.6.0\msvc\CMakeFiles\CMakeTmp\Debug\".
1>InitializeBuildStatus:
1>  Creating "cmTryCompileExec794192311.dir\Debug\cmTryCompileExec794192311.unsuccessfulbuild" because "AlwaysCreate" was specified.
1>ClCompile:
1>  Microsoft (R) C/C++ Optimizing Compiler Version 17.00.60610.1 for x86
1>  Copyright (C) Microsoft Corporation.  All rights reserved.
1>  
1>  cl /c /Zi /W3 /WX- /Od /Ob0 /Oy- /D WIN32 /D _WINDOWS /D _DEBUG /D "CMAKE_INTDIR=\"Debug\"" /D _MBCS /Gm- /EHsc /RTC1 /MDd /GS /fp:precise /Zc:wchar_t /Zc:forScope /GR /Fo"cmTryCompileExec794192311.dir\Debug\\" /Fd"D:/Development/op3d_active/dcmtk-3.6.0/msvc/CMakeFiles/CMakeTmp/Debug/cmTryCompileExec794192311.pdb" /Gd /TP /analyze- /errorReport:prompt  /Zm1000 "D:\Development\op3d_active\dcmtk-3.6.0\msvc\CMakeTmp\CheckSymbolExists.cxx"
1>  
1>  CheckSymbolExists.cxx
1>D:\Development\op3d_active\dcmtk-3.6.0\msvc\CMakeTmp\CheckSymbolExists.cxx(13): error C2065: 'socklen_t' : undeclared identifier
1>D:\Development\op3d_active\dcmtk-3.6.0\msvc\CMakeTmp\CheckSymbolExists.cxx(13): error C2146: syntax error : missing ';' before identifier 'definition'
1>D:\Development\op3d_active\dcmtk-3.6.0\msvc\CMakeTmp\CheckSymbolExists.cxx(13): error C2065: 'definition' : undeclared identifier
1>
1>Build FAILED.
1>
1>Time Elapsed 00:00:00.77
========== Build: 0 succeeded, 1 failed, 0 up-to-date, 0 skipped ==========

File D:/Development/op3d_active/dcmtk-3.6.0/msvc/CMakeTmp/CheckSymbolExists.cxx:
/* */
#include <math.h>
#include <stdlib.h>
#include <string.h>
#include <sys/types.h>
#include <stdarg.h>
#include <stdio.h>
#include <windows.h>
#include <winsock.h>

int main()
{
socklen_t definition;return 0;
}

Determining if the gettimeofday exist failed with the following output:
Change Dir: D:/Development/op3d_active/dcmtk-3.6.0/msvc/CMakeFiles/CMakeTmp

Run Build Command:C:\PROGRA~2\MICROS~3.0\Common7\IDE\devenv.com CMAKE_TRY_COMPILE.sln /build Debug /project cmTryCompileExec1091124588

Microsoft (R) Microsoft Visual Studio 2012 Version 11.0.60610.1.
Copyright (C) Microsoft Corp. All rights reserved.
1>------ Build started: Project: cmTryCompileExec1091124588, Configuration: Debug Win32 ------
1>Build started 8/11/2013 5:08:44 PM.
1>PrepareForBuild:
1>  Creating directory "D:\Development\op3d_active\dcmtk-3.6.0\msvc\CMakeFiles\CMakeTmp\Debug\".
1>InitializeBuildStatus:
1>  Creating "cmTryCompileExec1091124588.dir\Debug\cmTryCompileExec1091124588.unsuccessfulbuild" because "AlwaysCreate" was specified.
1>ClCompile:
1>  Microsoft (R) C/C++ Optimizing Compiler Version 17.00.60610.1 for x86
1>  Copyright (C) Microsoft Corporation.  All rights reserved.
1>  
1>  cl /c /Zi /W3 /WX- /Od /Ob0 /Oy- /D WIN32 /D _WINDOWS /D _DEBUG /D "CMAKE_INTDIR=\"Debug\"" /D _MBCS /Gm- /EHsc /RTC1 /MDd /GS /fp:precise /Zc:wchar_t /Zc:forScope /GR /Fo"cmTryCompileExec1091124588.dir\Debug\\" /Fd"D:/Development/op3d_active/dcmtk-3.6.0/msvc/CMakeFiles/CMakeTmp/Debug/cmTryCompileExec1091124588.pdb" /Gd /TP /analyze- /errorReport:prompt  /Zm1000 "D:\Development\op3d_active\dcmtk-3.6.0\msvc\CMakeTmp\CheckSymbolExists.cxx"
1>  
1>  CheckSymbolExists.cxx
1>D:\Development\op3d_active\dcmtk-3.6.0\msvc\CMakeTmp\CheckSymbolExists.cxx(13): error C2065: 'gettimeofday' : undeclared identifier
1>
1>Build FAILED.
1>
1>Time Elapsed 00:00:00.76
========== Build: 0 succeeded, 1 failed, 0 up-to-date, 0 skipped ==========

File D:/Development/op3d_active/dcmtk-3.6.0/msvc/CMakeTmp/CheckSymbolExists.cxx:
/* */
#include <math.h>
#include <stdlib.h>
#include <string.h>
#include <sys/types.h>
#include <stdarg.h>
#include <stdio.h>
#include <windows.h>
#include <winsock.h>

int main()
{
gettimeofday;return 0;
}

Determining if the mkstemp exist failed with the following output:
Change Dir: D:/Development/op3d_active/dcmtk-3.6.0/msvc/CMakeFiles/CMakeTmp

Run Build Command:C:\PROGRA~2\MICROS~3.0\Common7\IDE\devenv.com CMAKE_TRY_COMPILE.sln /build Debug /project cmTryCompileExec4213194926

Microsoft (R) Microsoft Visual Studio 2012 Version 11.0.60610.1.
Copyright (C) Microsoft Corp. All rights reserved.
1>------ Build started: Project: cmTryCompileExec4213194926, Configuration: Debug Win32 ------
1>Build started 8/11/2013 5:08:51 PM.
1>PrepareForBuild:
1>  Creating directory "D:\Development\op3d_active\dcmtk-3.6.0\msvc\CMakeFiles\CMakeTmp\Debug\".
1>InitializeBuildStatus:
1>  Creating "cmTryCompileExec4213194926.dir\Debug\cmTryCompileExec4213194926.unsuccessfulbuild" because "AlwaysCreate" was specified.
1>ClCompile:
1>  Microsoft (R) C/C++ Optimizing Compiler Version 17.00.60610.1 for x86
1>  Copyright (C) Microsoft Corporation.  All rights reserved.
1>  
1>  cl /c /Zi /W3 /WX- /Od /Ob0 /Oy- /D WIN32 /D _WINDOWS /D _DEBUG /D "CMAKE_INTDIR=\"Debug\"" /D _MBCS /Gm- /EHsc /RTC1 /MDd /GS /fp:precise /Zc:wchar_t /Zc:forScope /GR /Fo"cmTryCompileExec4213194926.dir\Debug\\" /Fd"D:/Development/op3d_active/dcmtk-3.6.0/msvc/CMakeFiles/CMakeTmp/Debug/cmTryCompileExec4213194926.pdb" /Gd /TP /analyze- /errorReport:prompt  /Zm1000 "D:\Development\op3d_active\dcmtk-3.6.0\msvc\CMakeTmp\CheckSymbolExists.cxx"
1>  
1>  CheckSymbolExists.cxx
1>D:\Development\op3d_active\dcmtk-3.6.0\msvc\CMakeTmp\CheckSymbolExists.cxx(13): error C2065: 'mkstemp' : undeclared identifier
1>
1>Build FAILED.
1>
1>Time Elapsed 00:00:00.74
========== Build: 0 succeeded, 1 failed, 0 up-to-date, 0 skipped ==========

File D:/Development/op3d_active/dcmtk-3.6.0/msvc/CMakeTmp/CheckSymbolExists.cxx:
/* */
#include <math.h>
#include <stdlib.h>
#include <string.h>
#include <sys/types.h>
#include <stdarg.h>
#include <stdio.h>
#include <windows.h>
#include <winsock.h>

int main()
{
mkstemp;return 0;
}

Determining if the mktemp exist failed with the following output:
Change Dir: D:/Development/op3d_active/dcmtk-3.6.0/msvc/CMakeFiles/CMakeTmp

Run Build Command:C:\PROGRA~2\MICROS~3.0\Common7\IDE\devenv.com CMAKE_TRY_COMPILE.sln /build Debug /project cmTryCompileExec1409859410

Microsoft (R) Microsoft Visual Studio 2012 Version 11.0.60610.1.
Copyright (C) Microsoft Corp. All rights reserved.
1>------ Build started: Project: cmTryCompileExec1409859410, Configuration: Debug Win32 ------
1>Build started 8/11/2013 5:08:53 PM.
1>PrepareForBuild:
1>  Creating directory "D:\Development\op3d_active\dcmtk-3.6.0\msvc\CMakeFiles\CMakeTmp\Debug\".
1>InitializeBuildStatus:
1>  Creating "cmTryCompileExec1409859410.dir\Debug\cmTryCompileExec1409859410.unsuccessfulbuild" because "AlwaysCreate" was specified.
1>ClCompile:
1>  Microsoft (R) C/C++ Optimizing Compiler Version 17.00.60610.1 for x86
1>  Copyright (C) Microsoft Corporation.  All rights reserved.
1>  
1>  cl /c /Zi /W3 /WX- /Od /Ob0 /Oy- /D WIN32 /D _WINDOWS /D _DEBUG /D "CMAKE_INTDIR=\"Debug\"" /D _MBCS /Gm- /EHsc /RTC1 /MDd /GS /fp:precise /Zc:wchar_t /Zc:forScope /GR /Fo"cmTryCompileExec1409859410.dir\Debug\\" /Fd"D:/Development/op3d_active/dcmtk-3.6.0/msvc/CMakeFiles/CMakeTmp/Debug/cmTryCompileExec1409859410.pdb" /Gd /TP /analyze- /errorReport:prompt  /Zm1000 "D:\Development\op3d_active\dcmtk-3.6.0\msvc\CMakeTmp\CheckSymbolExists.cxx"
1>  
1>  CheckSymbolExists.cxx
1>D:\Development\op3d_active\dcmtk-3.6.0\msvc\CMakeTmp\CheckSymbolExists.cxx(13): error C2065: 'mktemp' : undeclared identifier
1>
1>Build FAILED.
1>
1>Time Elapsed 00:00:00.74
========== Build: 0 succeeded, 1 failed, 0 up-to-date, 0 skipped ==========

File D:/Development/op3d_active/dcmtk-3.6.0/msvc/CMakeTmp/CheckSymbolExists.cxx:
/* */
#include <math.h>
#include <stdlib.h>
#include <string.h>
#include <sys/types.h>
#include <stdarg.h>
#include <stdio.h>
#include <windows.h>
#include <winsock.h>

int main()
{
mktemp;return 0;
}

Determining if the strcasecmp exist failed with the following output:
Change Dir: D:/Development/op3d_active/dcmtk-3.6.0/msvc/CMakeFiles/CMakeTmp

Run Build Command:C:\PROGRA~2\MICROS~3.0\Common7\IDE\devenv.com CMAKE_TRY_COMPILE.sln /build Debug /project cmTryCompileExec14633299

Microsoft (R) Microsoft Visual Studio 2012 Version 11.0.60610.1.
Copyright (C) Microsoft Corp. All rights reserved.
1>------ Build started: Project: cmTryCompileExec14633299, Configuration: Debug Win32 ------
1>Build started 8/11/2013 5:09:00 PM.
1>PrepareForBuild:
1>  Creating directory "D:\Development\op3d_active\dcmtk-3.6.0\msvc\CMakeFiles\CMakeTmp\Debug\".
1>InitializeBuildStatus:
1>  Creating "cmTryCompileExec14633299.dir\Debug\cmTryCompileExec14633299.unsuccessfulbuild" because "AlwaysCreate" was specified.
1>ClCompile:
1>  Microsoft (R) C/C++ Optimizing Compiler Version 17.00.60610.1 for x86
1>  Copyright (C) Microsoft Corporation.  All rights reserved.
1>  
1>  cl /c /Zi /W3 /WX- /Od /Ob0 /Oy- /D WIN32 /D _WINDOWS /D _DEBUG /D "CMAKE_INTDIR=\"Debug\"" /D _MBCS /Gm- /EHsc /RTC1 /MDd /GS /fp:precise /Zc:wchar_t /Zc:forScope /GR /Fo"cmTryCompileExec14633299.dir\Debug\\" /Fd"D:/Development/op3d_active/dcmtk-3.6.0/msvc/CMakeFiles/CMakeTmp/Debug/cmTryCompileExec14633299.pdb" /Gd /TP /analyze- /errorReport:prompt  /Zm1000 "D:\Development\op3d_active\dcmtk-3.6.0\msvc\CMakeTmp\CheckSymbolExists.cxx"
1>  
1>  CheckSymbolExists.cxx
1>D:\Development\op3d_active\dcmtk-3.6.0\msvc\CMakeTmp\CheckSymbolExists.cxx(13): error C2065: 'strcasecmp' : undeclared identifier
1>
1>Build FAILED.
1>
1>Time Elapsed 00:00:00.74
========== Build: 0 succeeded, 1 failed, 0 up-to-date, 0 skipped ==========

File D:/Development/op3d_active/dcmtk-3.6.0/msvc/CMakeTmp/CheckSymbolExists.cxx:
/* */
#include <math.h>
#include <stdlib.h>
#include <string.h>
#include <sys/types.h>
#include <stdarg.h>
#include <stdio.h>
#include <windows.h>
#include <winsock.h>

int main()
{
strcasecmp;return 0;
}

Determining if the strncasecmp exist failed with the following output:
Change Dir: D:/Development/op3d_active/dcmtk-3.6.0/msvc/CMakeFiles/CMakeTmp

Run Build Command:C:\PROGRA~2\MICROS~3.0\Common7\IDE\devenv.com CMAKE_TRY_COMPILE.sln /build Debug /project cmTryCompileExec3128358814

Microsoft (R) Microsoft Visual Studio 2012 Version 11.0.60610.1.
Copyright (C) Microsoft Corp. All rights reserved.
1>------ Build started: Project: cmTryCompileExec3128358814, Configuration: Debug Win32 ------
1>Build started 8/11/2013 5:09:02 PM.
1>PrepareForBuild:
1>  Creating directory "D:\Development\op3d_active\dcmtk-3.6.0\msvc\CMakeFiles\CMakeTmp\Debug\".
1>InitializeBuildStatus:
1>  Creating "cmTryCompileExec3128358814.dir\Debug\cmTryCompileExec3128358814.unsuccessfulbuild" because "AlwaysCreate" was specified.
1>ClCompile:
1>  Microsoft (R) C/C++ Optimizing Compiler Version 17.00.60610.1 for x86
1>  Copyright (C) Microsoft Corporation.  All rights reserved.
1>  
1>  cl /c /Zi /W3 /WX- /Od /Ob0 /Oy- /D WIN32 /D _WINDOWS /D _DEBUG /D "CMAKE_INTDIR=\"Debug\"" /D _MBCS /Gm- /EHsc /RTC1 /MDd /GS /fp:precise /Zc:wchar_t /Zc:forScope /GR /Fo"cmTryCompileExec3128358814.dir\Debug\\" /Fd"D:/Development/op3d_active/dcmtk-3.6.0/msvc/CMakeFiles/CMakeTmp/Debug/cmTryCompileExec3128358814.pdb" /Gd /TP /analyze- /errorReport:prompt  /Zm1000 "D:\Development\op3d_active\dcmtk-3.6.0\msvc\CMakeTmp\CheckSymbolExists.cxx"
1>  
1>  CheckSymbolExists.cxx
1>D:\Development\op3d_active\dcmtk-3.6.0\msvc\CMakeTmp\CheckSymbolExists.cxx(13): error C2065: 'strncasecmp' : undeclared identifier
1>
1>Build FAILED.
1>
1>Time Elapsed 00:00:00.74
========== Build: 0 succeeded, 1 failed, 0 up-to-date, 0 skipped ==========

File D:/Development/op3d_active/dcmtk-3.6.0/msvc/CMakeTmp/CheckSymbolExists.cxx:
/* */
#include <math.h>
#include <stdlib.h>
#include <string.h>
#include <sys/types.h>
#include <stdarg.h>
#include <stdio.h>
#include <windows.h>
#include <winsock.h>

int main()
{
strncasecmp;return 0;
}

Determining if the strerror_r exist failed with the following output:
Change Dir: D:/Development/op3d_active/dcmtk-3.6.0/msvc/CMakeFiles/CMakeTmp

Run Build Command:C:\PROGRA~2\MICROS~3.0\Common7\IDE\devenv.com CMAKE_TRY_COMPILE.sln /build Debug /project cmTryCompileExec2937078946

Microsoft (R) Microsoft Visual Studio 2012 Version 11.0.60610.1.
Copyright (C) Microsoft Corp. All rights reserved.
1>------ Build started: Project: cmTryCompileExec2937078946, Configuration: Debug Win32 ------
1>Build started 8/11/2013 5:09:05 PM.
1>PrepareForBuild:
1>  Creating directory "D:\Development\op3d_active\dcmtk-3.6.0\msvc\CMakeFiles\CMakeTmp\Debug\".
1>InitializeBuildStatus:
1>  Creating "cmTryCompileExec2937078946.dir\Debug\cmTryCompileExec2937078946.unsuccessfulbuild" because "AlwaysCreate" was specified.
1>ClCompile:
1>  Microsoft (R) C/C++ Optimizing Compiler Version 17.00.60610.1 for x86
1>  Copyright (C) Microsoft Corporation.  All rights reserved.
1>  
1>  cl /c /Zi /W3 /WX- /Od /Ob0 /Oy- /D WIN32 /D _WINDOWS /D _DEBUG /D "CMAKE_INTDIR=\"Debug\"" /D _MBCS /Gm- /EHsc /RTC1 /MDd /GS /fp:precise /Zc:wchar_t /Zc:forScope /GR /Fo"cmTryCompileExec2937078946.dir\Debug\\" /Fd"D:/Development/op3d_active/dcmtk-3.6.0/msvc/CMakeFiles/CMakeTmp/Debug/cmTryCompileExec2937078946.pdb" /Gd /TP /analyze- /errorReport:prompt  /Zm1000 "D:\Development\op3d_active\dcmtk-3.6.0\msvc\CMakeTmp\CheckSymbolExists.cxx"
1>  
1>  CheckSymbolExists.cxx
1>D:\Development\op3d_active\dcmtk-3.6.0\msvc\CMakeTmp\CheckSymbolExists.cxx(13): error C2065: 'strerror_r' : undeclared identifier
1>
1>Build FAILED.
1>
1>Time Elapsed 00:00:00.74
========== Build: 0 succeeded, 1 failed, 0 up-to-date, 0 skipped ==========

File D:/Development/op3d_active/dcmtk-3.6.0/msvc/CMakeTmp/CheckSymbolExists.cxx:
/* */
#include <math.h>
#include <stdlib.h>
#include <string.h>
#include <sys/types.h>
#include <stdarg.h>
#include <stdio.h>
#include <windows.h>
#include <winsock.h>

int main()
{
strerror_r;return 0;
}

Determining if the std::ios_base::openmode definition exist failed with the following output:
Change Dir: D:/Development/op3d_active/dcmtk-3.6.0/msvc/CMakeFiles/CMakeTmp

Run Build Command:C:\PROGRA~2\MICROS~3.0\Common7\IDE\devenv.com CMAKE_TRY_COMPILE.sln /build Debug /project cmTryCompileExec26340888

Microsoft (R) Microsoft Visual Studio 2012 Version 11.0.60610.1.
Copyright (C) Microsoft Corp. All rights reserved.
1>------ Build started: Project: cmTryCompileExec26340888, Configuration: Debug Win32 ------
1>Build started 8/11/2013 5:09:08 PM.
1>PrepareForBuild:
1>  Creating directory "D:\Development\op3d_active\dcmtk-3.6.0\msvc\CMakeFiles\CMakeTmp\Debug\".
1>InitializeBuildStatus:
1>  Creating "cmTryCompileExec26340888.dir\Debug\cmTryCompileExec26340888.unsuccessfulbuild" because "AlwaysCreate" was specified.
1>ClCompile:
1>  Microsoft (R) C/C++ Optimizing Compiler Version 17.00.60610.1 for x86
1>  Copyright (C) Microsoft Corporation.  All rights reserved.
1>  
1>  cl /c /Zi /W3 /WX- /Od /Ob0 /Oy- /D WIN32 /D _WINDOWS /D _DEBUG /D "CMAKE_INTDIR=\"Debug\"" /D _MBCS /Gm- /EHsc /RTC1 /MDd /GS /fp:precise /Zc:wchar_t /Zc:forScope /GR /Fo"cmTryCompileExec26340888.dir\Debug\\" /Fd"D:/Development/op3d_active/dcmtk-3.6.0/msvc/CMakeFiles/CMakeTmp/Debug/cmTryCompileExec26340888.pdb" /Gd /TP /analyze- /errorReport:prompt  /Zm1000 "D:\Development\op3d_active\dcmtk-3.6.0\msvc\CMakeTmp\CheckSymbolExists.cxx"
1>  
1>  CheckSymbolExists.cxx
1>D:\Development\op3d_active\dcmtk-3.6.0\msvc\CMakeTmp\CheckSymbolExists.cxx(13): error C3083: 'ios_base': the symbol to the left of a '::' must be a type
1>D:\Development\op3d_active\dcmtk-3.6.0\msvc\CMakeTmp\CheckSymbolExists.cxx(13): error C2039: 'openmode' : is not a member of 'std'
1>D:\Development\op3d_active\dcmtk-3.6.0\msvc\CMakeTmp\CheckSymbolExists.cxx(13): error C2065: 'openmode' : undeclared identifier
1>D:\Development\op3d_active\dcmtk-3.6.0\msvc\CMakeTmp\CheckSymbolExists.cxx(13): error C2146: syntax error : missing ';' before identifier 'definition'
1>D:\Development\op3d_active\dcmtk-3.6.0\msvc\CMakeTmp\CheckSymbolExists.cxx(13): error C2065: 'definition' : undeclared identifier
1>
1>Build FAILED.
1>
1>Time Elapsed 00:00:00.79
========== Build: 0 succeeded, 1 failed, 0 up-to-date, 0 skipped ==========

File D:/Development/op3d_active/dcmtk-3.6.0/msvc/CMakeTmp/CheckSymbolExists.cxx:
/* */
#include <math.h>
#include <stdlib.h>
#include <string.h>
#include <sys/types.h>
#include <stdarg.h>
#include <stdio.h>
#include <windows.h>
#include <winsock.h>

int main()
{
std::ios_base::openmode definition;return 0;
}

Determining if the pthread_rwlock_init exist failed with the following output:
Change Dir: D:/Development/op3d_active/dcmtk-3.6.0/msvc/CMakeFiles/CMakeTmp

Run Build Command:C:\PROGRA~2\MICROS~3.0\Common7\IDE\devenv.com CMAKE_TRY_COMPILE.sln /build Debug /project cmTryCompileExec987003602

Microsoft (R) Microsoft Visual Studio 2012 Version 11.0.60610.1.
Copyright (C) Microsoft Corp. All rights reserved.
1>------ Build started: Project: cmTryCompileExec987003602, Configuration: Debug Win32 ------
1>Build started 8/11/2013 5:09:12 PM.
1>PrepareForBuild:
1>  Creating directory "D:\Development\op3d_active\dcmtk-3.6.0\msvc\CMakeFiles\CMakeTmp\Debug\".
1>InitializeBuildStatus:
1>  Creating "cmTryCompileExec987003602.dir\Debug\cmTryCompileExec987003602.unsuccessfulbuild" because "AlwaysCreate" was specified.
1>ClCompile:
1>  Microsoft (R) C/C++ Optimizing Compiler Version 17.00.60610.1 for x86
1>  Copyright (C) Microsoft Corporation.  All rights reserved.
1>  
1>  cl /c /Zi /W3 /WX- /Od /Ob0 /Oy- /D WIN32 /D _WINDOWS /D _DEBUG /D "CMAKE_INTDIR=\"Debug\"" /D _MBCS /Gm- /EHsc /RTC1 /MDd /GS /fp:precise /Zc:wchar_t /Zc:forScope /GR /Fo"cmTryCompileExec987003602.dir\Debug\\" /Fd"D:/Development/op3d_active/dcmtk-3.6.0/msvc/CMakeFiles/CMakeTmp/Debug/cmTryCompileExec987003602.pdb" /Gd /TP /analyze- /errorReport:prompt  /Zm1000 "D:\Development\op3d_active\dcmtk-3.6.0\msvc\CMakeTmp\CheckSymbolExists.cxx"
1>  
1>  CheckSymbolExists.cxx
1>D:\Development\op3d_active\dcmtk-3.6.0\msvc\CMakeTmp\CheckSymbolExists.cxx(13): error C2065: 'pthread_rwlock_init' : undeclared identifier
1>
1>Build FAILED.
1>
1>Time Elapsed 00:00:00.80
========== Build: 0 succeeded, 1 failed, 0 up-to-date, 0 skipped ==========

File D:/Development/op3d_active/dcmtk-3.6.0/msvc/CMakeTmp/CheckSymbolExists.cxx:
/* */
#include <math.h>
#include <stdlib.h>
#include <string.h>
#include <sys/types.h>
#include <stdarg.h>
#include <stdio.h>
#include <windows.h>
#include <winsock.h>

int main()
{
pthread_rwlock_init;return 0;
}

Determining if the uchar definition exist failed with the following output:
Change Dir: D:/Development/op3d_active/dcmtk-3.6.0/msvc/CMakeFiles/CMakeTmp

Run Build Command:C:\PROGRA~2\MICROS~3.0\Common7\IDE\devenv.com CMAKE_TRY_COMPILE.sln /build Debug /project cmTryCompileExec2756300006

Microsoft (R) Microsoft Visual Studio 2012 Version 11.0.60610.1.
Copyright (C) Microsoft Corp. All rights reserved.
1>------ Build started: Project: cmTryCompileExec2756300006, Configuration: Debug Win32 ------
1>Build started 8/11/2013 5:09:14 PM.
1>PrepareForBuild:
1>  Creating directory "D:\Development\op3d_active\dcmtk-3.6.0\msvc\CMakeFiles\CMakeTmp\Debug\".
1>InitializeBuildStatus:
1>  Creating "cmTryCompileExec2756300006.dir\Debug\cmTryCompileExec2756300006.unsuccessfulbuild" because "AlwaysCreate" was specified.
1>ClCompile:
1>  Microsoft (R) C/C++ Optimizing Compiler Version 17.00.60610.1 for x86
1>  Copyright (C) Microsoft Corporation.  All rights reserved.
1>  
1>  cl /c /Zi /W3 /WX- /Od /Ob0 /Oy- /D WIN32 /D _WINDOWS /D _DEBUG /D "CMAKE_INTDIR=\"Debug\"" /D _MBCS /Gm- /EHsc /RTC1 /MDd /GS /fp:precise /Zc:wchar_t /Zc:forScope /GR /Fo"cmTryCompileExec2756300006.dir\Debug\\" /Fd"D:/Development/op3d_active/dcmtk-3.6.0/msvc/CMakeFiles/CMakeTmp/Debug/cmTryCompileExec2756300006.pdb" /Gd /TP /analyze- /errorReport:prompt  /Zm1000 "D:\Development\op3d_active\dcmtk-3.6.0\msvc\CMakeTmp\CheckSymbolExists.cxx"
1>  
1>  CheckSymbolExists.cxx
1>D:\Development\op3d_active\dcmtk-3.6.0\msvc\CMakeTmp\CheckSymbolExists.cxx(13): error C2065: 'uchar' : undeclared identifier
1>D:\Development\op3d_active\dcmtk-3.6.0\msvc\CMakeTmp\CheckSymbolExists.cxx(13): error C2146: syntax error : missing ';' before identifier 'definition'
1>D:\Development\op3d_active\dcmtk-3.6.0\msvc\CMakeTmp\CheckSymbolExists.cxx(13): error C2065: 'definition' : undeclared identifier
1>
1>Build FAILED.
1>
1>Time Elapsed 00:00:00.74
========== Build: 0 succeeded, 1 failed, 0 up-to-date, 0 skipped ==========

File D:/Development/op3d_active/dcmtk-3.6.0/msvc/CMakeTmp/CheckSymbolExists.cxx:
/* */
#include <math.h>
#include <stdlib.h>
#include <string.h>
#include <sys/types.h>
#include <stdarg.h>
#include <stdio.h>
#include <windows.h>
#include <winsock.h>

int main()
{
uchar definition;return 0;
}

Determining if the ushort definition exist failed with the following output:
Change Dir: D:/Development/op3d_active/dcmtk-3.6.0/msvc/CMakeFiles/CMakeTmp

Run Build Command:C:\PROGRA~2\MICROS~3.0\Common7\IDE\devenv.com CMAKE_TRY_COMPILE.sln /build Debug /project cmTryCompileExec909996725

Microsoft (R) Microsoft Visual Studio 2012 Version 11.0.60610.1.
Copyright (C) Microsoft Corp. All rights reserved.
1>------ Build started: Project: cmTryCompileExec909996725, Configuration: Debug Win32 ------
1>Build started 8/11/2013 5:09:17 PM.
1>PrepareForBuild:
1>  Creating directory "D:\Development\op3d_active\dcmtk-3.6.0\msvc\CMakeFiles\CMakeTmp\Debug\".
1>InitializeBuildStatus:
1>  Creating "cmTryCompileExec909996725.dir\Debug\cmTryCompileExec909996725.unsuccessfulbuild" because "AlwaysCreate" was specified.
1>ClCompile:
1>  Microsoft (R) C/C++ Optimizing Compiler Version 17.00.60610.1 for x86
1>  Copyright (C) Microsoft Corporation.  All rights reserved.
1>  
1>  cl /c /Zi /W3 /WX- /Od /Ob0 /Oy- /D WIN32 /D _WINDOWS /D _DEBUG /D "CMAKE_INTDIR=\"Debug\"" /D _MBCS /Gm- /EHsc /RTC1 /MDd /GS /fp:precise /Zc:wchar_t /Zc:forScope /GR /Fo"cmTryCompileExec909996725.dir\Debug\\" /Fd"D:/Development/op3d_active/dcmtk-3.6.0/msvc/CMakeFiles/CMakeTmp/Debug/cmTryCompileExec909996725.pdb" /Gd /TP /analyze- /errorReport:prompt  /Zm1000 "D:\Development\op3d_active\dcmtk-3.6.0\msvc\CMakeTmp\CheckSymbolExists.cxx"
1>  
1>  CheckSymbolExists.cxx
1>D:\Development\op3d_active\dcmtk-3.6.0\msvc\CMakeTmp\CheckSymbolExists.cxx(13): error C2065: 'ushort' : undeclared identifier
1>D:\Development\op3d_active\dcmtk-3.6.0\msvc\CMakeTmp\CheckSymbolExists.cxx(13): error C2146: syntax error : missing ';' before identifier 'definition'
1>D:\Development\op3d_active\dcmtk-3.6.0\msvc\CMakeTmp\CheckSymbolExists.cxx(13): error C2065: 'definition' : undeclared identifier
1>
1>Build FAILED.
1>
1>Time Elapsed 00:00:00.81
========== Build: 0 succeeded, 1 failed, 0 up-to-date, 0 skipped ==========

File D:/Development/op3d_active/dcmtk-3.6.0/msvc/CMakeTmp/CheckSymbolExists.cxx:
/* */
#include <math.h>
#include <stdlib.h>
#include <string.h>
#include <sys/types.h>
#include <stdarg.h>
#include <stdio.h>
#include <windows.h>
#include <winsock.h>

int main()
{
ushort definition;return 0;
}

Determining if the uint definition exist failed with the following output:
Change Dir: D:/Development/op3d_active/dcmtk-3.6.0/msvc/CMakeFiles/CMakeTmp

Run Build Command:C:\PROGRA~2\MICROS~3.0\Common7\IDE\devenv.com CMAKE_TRY_COMPILE.sln /build Debug /project cmTryCompileExec462217591

Microsoft (R) Microsoft Visual Studio 2012 Version 11.0.60610.1.
Copyright (C) Microsoft Corp. All rights reserved.
1>------ Build started: Project: cmTryCompileExec462217591, Configuration: Debug Win32 ------
1>Build started 8/11/2013 5:09:20 PM.
1>PrepareForBuild:
1>  Creating directory "D:\Development\op3d_active\dcmtk-3.6.0\msvc\CMakeFiles\CMakeTmp\Debug\".
1>InitializeBuildStatus:
1>  Creating "cmTryCompileExec462217591.dir\Debug\cmTryCompileExec462217591.unsuccessfulbuild" because "AlwaysCreate" was specified.
1>ClCompile:
1>  Microsoft (R) C/C++ Optimizing Compiler Version 17.00.60610.1 for x86
1>  Copyright (C) Microsoft Corporation.  All rights reserved.
1>  
1>  cl /c /Zi /W3 /WX- /Od /Ob0 /Oy- /D WIN32 /D _WINDOWS /D _DEBUG /D "CMAKE_INTDIR=\"Debug\"" /D _MBCS /Gm- /EHsc /RTC1 /MDd /GS /fp:precise /Zc:wchar_t /Zc:forScope /GR /Fo"cmTryCompileExec462217591.dir\Debug\\" /Fd"D:/Development/op3d_active/dcmtk-3.6.0/msvc/CMakeFiles/CMakeTmp/Debug/cmTryCompileExec462217591.pdb" /Gd /TP /analyze- /errorReport:prompt  /Zm1000 "D:\Development\op3d_active\dcmtk-3.6.0\msvc\CMakeTmp\CheckSymbolExists.cxx"
1>  
1>  CheckSymbolExists.cxx
1>D:\Development\op3d_active\dcmtk-3.6.0\msvc\CMakeTmp\CheckSymbolExists.cxx(13): error C2065: 'uint' : undeclared identifier
1>D:\Development\op3d_active\dcmtk-3.6.0\msvc\CMakeTmp\CheckSymbolExists.cxx(13): error C2146: syntax error : missing ';' before identifier 'definition'
1>D:\Development\op3d_active\dcmtk-3.6.0\msvc\CMakeTmp\CheckSymbolExists.cxx(13): error C2065: 'definition' : undeclared identifier
1>
1>Build FAILED.
1>
1>Time Elapsed 00:00:00.73
========== Build: 0 succeeded, 1 failed, 0 up-to-date, 0 skipped ==========

File D:/Development/op3d_active/dcmtk-3.6.0/msvc/CMakeTmp/CheckSymbolExists.cxx:
/* */
#include <math.h>
#include <stdlib.h>
#include <string.h>
#include <sys/types.h>
#include <stdarg.h>
#include <stdio.h>
#include <windows.h>
#include <winsock.h>

int main()
{
uint definition;return 0;
}

Determining if the ulong definition exist failed with the following output:
Change Dir: D:/Development/op3d_active/dcmtk-3.6.0/msvc/CMakeFiles/CMakeTmp

Run Build Command:C:\PROGRA~2\MICROS~3.0\Common7\IDE\devenv.com CMAKE_TRY_COMPILE.sln /build Debug /project cmTryCompileExec556223812

Microsoft (R) Microsoft Visual Studio 2012 Version 11.0.60610.1.
Copyright (C) Microsoft Corp. All rights reserved.
1>------ Build started: Project: cmTryCompileExec556223812, Configuration: Debug Win32 ------
1>Build started 8/11/2013 5:09:23 PM.
1>PrepareForBuild:
1>  Creating directory "D:\Development\op3d_active\dcmtk-3.6.0\msvc\CMakeFiles\CMakeTmp\Debug\".
1>InitializeBuildStatus:
1>  Creating "cmTryCompileExec556223812.dir\Debug\cmTryCompileExec556223812.unsuccessfulbuild" because "AlwaysCreate" was specified.
1>ClCompile:
1>  Microsoft (R) C/C++ Optimizing Compiler Version 17.00.60610.1 for x86
1>  Copyright (C) Microsoft Corporation.  All rights reserved.
1>  
1>  cl /c /Zi /W3 /WX- /Od /Ob0 /Oy- /D WIN32 /D _WINDOWS /D _DEBUG /D "CMAKE_INTDIR=\"Debug\"" /D _MBCS /Gm- /EHsc /RTC1 /MDd /GS /fp:precise /Zc:wchar_t /Zc:forScope /GR /Fo"cmTryCompileExec556223812.dir\Debug\\" /Fd"D:/Development/op3d_active/dcmtk-3.6.0/msvc/CMakeFiles/CMakeTmp/Debug/cmTryCompileExec556223812.pdb" /Gd /TP /analyze- /errorReport:prompt  /Zm1000 "D:\Development\op3d_active\dcmtk-3.6.0\msvc\CMakeTmp\CheckSymbolExists.cxx"
1>  
1>  CheckSymbolExists.cxx
1>D:\Development\op3d_active\dcmtk-3.6.0\msvc\CMakeTmp\CheckSymbolExists.cxx(13): error C2065: 'ulong' : undeclared identifier
1>D:\Development\op3d_active\dcmtk-3.6.0\msvc\CMakeTmp\CheckSymbolExists.cxx(13): error C2146: syntax error : missing ';' before identifier 'definition'
1>D:\Development\op3d_active\dcmtk-3.6.0\msvc\CMakeTmp\CheckSymbolExists.cxx(13): error C2065: 'definition' : undeclared identifier
1>
1>Build FAILED.
1>
1>Time Elapsed 00:00:00.73
========== Build: 0 succeeded, 1 failed, 0 up-to-date, 0 skipped ==========

File D:/Development/op3d_active/dcmtk-3.6.0/msvc/CMakeTmp/CheckSymbolExists.cxx:
/* */
#include <math.h>
#include <stdlib.h>
#include <string.h>
#include <sys/types.h>
#include <stdarg.h>
#include <stdio.h>
#include <windows.h>
#include <winsock.h>

int main()
{
ulong definition;return 0;
}

Determining if the longlong definition exist failed with the following output:
Change Dir: D:/Development/op3d_active/dcmtk-3.6.0/msvc/CMakeFiles/CMakeTmp

Run Build Command:C:\PROGRA~2\MICROS~3.0\Common7\IDE\devenv.com CMAKE_TRY_COMPILE.sln /build Debug /project cmTryCompileExec1177468202

Microsoft (R) Microsoft Visual Studio 2012 Version 11.0.60610.1.
Copyright (C) Microsoft Corp. All rights reserved.
1>------ Build started: Project: cmTryCompileExec1177468202, Configuration: Debug Win32 ------
1>Build started 8/11/2013 5:09:26 PM.
1>PrepareForBuild:
1>  Creating directory "D:\Development\op3d_active\dcmtk-3.6.0\msvc\CMakeFiles\CMakeTmp\Debug\".
1>InitializeBuildStatus:
1>  Creating "cmTryCompileExec1177468202.dir\Debug\cmTryCompileExec1177468202.unsuccessfulbuild" because "AlwaysCreate" was specified.
1>ClCompile:
1>  Microsoft (R) C/C++ Optimizing Compiler Version 17.00.60610.1 for x86
1>  Copyright (C) Microsoft Corporation.  All rights reserved.
1>  
1>  cl /c /Zi /W3 /WX- /Od /Ob0 /Oy- /D WIN32 /D _WINDOWS /D _DEBUG /D "CMAKE_INTDIR=\"Debug\"" /D _MBCS /Gm- /EHsc /RTC1 /MDd /GS /fp:precise /Zc:wchar_t /Zc:forScope /GR /Fo"cmTryCompileExec1177468202.dir\Debug\\" /Fd"D:/Development/op3d_active/dcmtk-3.6.0/msvc/CMakeFiles/CMakeTmp/Debug/cmTryCompileExec1177468202.pdb" /Gd /TP /analyze- /errorReport:prompt  /Zm1000 "D:\Development\op3d_active\dcmtk-3.6.0\msvc\CMakeTmp\CheckSymbolExists.cxx"
1>  
1>  CheckSymbolExists.cxx
1>D:\Development\op3d_active\dcmtk-3.6.0\msvc\CMakeTmp\CheckSymbolExists.cxx(13): error C2065: 'longlong' : undeclared identifier
1>D:\Development\op3d_active\dcmtk-3.6.0\msvc\CMakeTmp\CheckSymbolExists.cxx(13): error C2146: syntax error : missing ';' before identifier 'definition'
1>D:\Development\op3d_active\dcmtk-3.6.0\msvc\CMakeTmp\CheckSymbolExists.cxx(13): error C2065: 'definition' : undeclared identifier
1>
1>Build FAILED.
1>
1>Time Elapsed 00:00:00.75
========== Build: 0 succeeded, 1 failed, 0 up-to-date, 0 skipped ==========

File D:/Development/op3d_active/dcmtk-3.6.0/msvc/CMakeTmp/CheckSymbolExists.cxx:
/* */
#include <math.h>
#include <stdlib.h>
#include <string.h>
#include <sys/types.h>
#include <stdarg.h>
#include <stdio.h>
#include <windows.h>
#include <winsock.h>

int main()
{
longlong definition;return 0;
}

Determining if the ulonglong definition exist failed with the following output:
Change Dir: D:/Development/op3d_active/dcmtk-3.6.0/msvc/CMakeFiles/CMakeTmp

Run Build Command:C:\PROGRA~2\MICROS~3.0\Common7\IDE\devenv.com CMAKE_TRY_COMPILE.sln /build Debug /project cmTryCompileExec2074436873

Microsoft (R) Microsoft Visual Studio 2012 Version 11.0.60610.1.
Copyright (C) Microsoft Corp. All rights reserved.
1>------ Build started: Project: cmTryCompileExec2074436873, Configuration: Debug Win32 ------
1>Build started 8/11/2013 5:09:29 PM.
1>PrepareForBuild:
1>  Creating directory "D:\Development\op3d_active\dcmtk-3.6.0\msvc\CMakeFiles\CMakeTmp\Debug\".
1>InitializeBuildStatus:
1>  Creating "cmTryCompileExec2074436873.dir\Debug\cmTryCompileExec2074436873.unsuccessfulbuild" because "AlwaysCreate" was specified.
1>ClCompile:
1>  Microsoft (R) C/C++ Optimizing Compiler Version 17.00.60610.1 for x86
1>  Copyright (C) Microsoft Corporation.  All rights reserved.
1>  
1>  cl /c /Zi /W3 /WX- /Od /Ob0 /Oy- /D WIN32 /D _WINDOWS /D _DEBUG /D "CMAKE_INTDIR=\"Debug\"" /D _MBCS /Gm- /EHsc /RTC1 /MDd /GS /fp:precise /Zc:wchar_t /Zc:forScope /GR /Fo"cmTryCompileExec2074436873.dir\Debug\\" /Fd"D:/Development/op3d_active/dcmtk-3.6.0/msvc/CMakeFiles/CMakeTmp/Debug/cmTryCompileExec2074436873.pdb" /Gd /TP /analyze- /errorReport:prompt  /Zm1000 "D:\Development\op3d_active\dcmtk-3.6.0\msvc\CMakeTmp\CheckSymbolExists.cxx"
1>  
1>  CheckSymbolExists.cxx
1>D:\Development\op3d_active\dcmtk-3.6.0\msvc\CMakeTmp\CheckSymbolExists.cxx(13): error C2065: 'ulonglong' : undeclared identifier
1>D:\Development\op3d_active\dcmtk-3.6.0\msvc\CMakeTmp\CheckSymbolExists.cxx(13): error C2146: syntax error : missing ';' before identifier 'definition'
1>D:\Development\op3d_active\dcmtk-3.6.0\msvc\CMakeTmp\CheckSymbolExists.cxx(13): error C2065: 'definition' : undeclared identifier
1>
1>Build FAILED.
1>
1>Time Elapsed 00:00:00.74
========== Build: 0 succeeded, 1 failed, 0 up-to-date, 0 skipped ==========

File D:/Development/op3d_active/dcmtk-3.6.0/msvc/CMakeTmp/CheckSymbolExists.cxx:
/* */
#include <math.h>
#include <stdlib.h>
#include <string.h>
#include <sys/types.h>
#include <stdarg.h>
#include <stdio.h>
#include <windows.h>
#include <winsock.h>

int main()
{
ulonglong definition;return 0;
}

Determining if pthread_t is a pointer type failed with the following output:
Change Dir: D:/Development/op3d_active/dcmtk-3.6.0/msvc/CMakeTmp/Bool/CMakeFiles/CMakeTmp

Run Build Command:C:\PROGRA~2\MICROS~3.0\Common7\IDE\devenv.com CMAKE_TRY_COMPILE.sln /build Debug /project cmTryCompileExec4057403320

Microsoft (R) Microsoft Visual Studio 2012 Version 11.0.60610.1.
Copyright (C) Microsoft Corp. All rights reserved.
1>------ Build started: Project: cmTryCompileExec4057403320, Configuration: Debug Win32 ------
1>Build started 8/11/2013 5:09:32 PM.
1>PrepareForBuild:
1>  Creating directory "D:\Development\op3d_active\dcmtk-3.6.0\msvc\CMakeTmp\Bool\CMakeFiles\CMakeTmp\Debug\".
1>InitializeBuildStatus:
1>  Creating "cmTryCompileExec4057403320.dir\Debug\cmTryCompileExec4057403320.unsuccessfulbuild" because "AlwaysCreate" was specified.
1>ClCompile:
1>  Microsoft (R) C/C++ Optimizing Compiler Version 17.00.60610.1 for x86
1>  Copyright (C) Microsoft Corporation.  All rights reserved.
1>  
1>  cl /c /Zi /W3 /WX- /Od /Ob0 /Oy- /D WIN32 /D _WINDOWS /D _DEBUG /D "CMAKE_INTDIR=\"Debug\"" /D _MBCS /Gm- /EHsc /RTC1 /MDd /GS /fp:precise /Zc:wchar_t /Zc:forScope /GR /Fo"cmTryCompileExec4057403320.dir\Debug\\" /Fd"D:/Development/op3d_active/dcmtk-3.6.0/msvc/CMakeTmp/Bool/CMakeFiles/CMakeTmp/Debug/cmTryCompileExec4057403320.pdb" /Gd /TP /analyze- /errorReport:prompt  /Zm1000 "D:\Development\op3d_active\dcmtk-3.6.0\CMake\dcmtkTestBoolType.cc"
1>  
1>  dcmtkTestBoolType.cc
1>Link:
1>  cmTryCompileExec4057403320.vcxproj -> D:\Development\op3d_active\dcmtk-3.6.0\msvc\CMakeTmp\Bool\CMakeFiles\CMakeTmp\Debug\cmTryCompileExec4057403320.exe
1>FinalizeBuildStatus:
1>  Deleting file "cmTryCompileExec4057403320.dir\Debug\cmTryCompileExec4057403320.unsuccessfulbuild".
1>  Touching "cmTryCompileExec4057403320.dir\Debug\cmTryCompileExec4057403320.lastbuildstate".
1>
1>Build succeeded.
1>
1>Time Elapsed 00:00:00.83
========== Build: 1 succeeded, 0 failed, 0 up-to-date, 0 skipped ==========

Determining if strerror_r returns an int failed with the following output:
Change Dir: D:/Development/op3d_active/dcmtk-3.6.0/msvc/CMakeTmp/CharPStrerror/CMakeFiles/CMakeTmp

Run Build Command:C:\PROGRA~2\MICROS~3.0\Common7\IDE\devenv.com CMAKE_TRY_COMPILE.sln /build Debug /project cmTryCompileExec3522514260

Microsoft (R) Microsoft Visual Studio 2012 Version 11.0.60610.1.
Copyright (C) Microsoft Corp. All rights reserved.
1>------ Build started: Project: cmTryCompileExec3522514260, Configuration: Debug Win32 ------
1>Build started 8/11/2013 5:09:44 PM.
1>PrepareForBuild:
1>  Creating directory "D:\Development\op3d_active\dcmtk-3.6.0\msvc\CMakeTmp\CharPStrerror\CMakeFiles\CMakeTmp\Debug\".
1>InitializeBuildStatus:
1>  Creating "cmTryCompileExec3522514260.dir\Debug\cmTryCompileExec3522514260.unsuccessfulbuild" because "AlwaysCreate" was specified.
1>ClCompile:
1>  Microsoft (R) C/C++ Optimizing Compiler Version 17.00.60610.1 for x86
1>  Copyright (C) Microsoft Corporation.  All rights reserved.
1>  
1>  cl /c /Zi /W3 /WX- /Od /Ob0 /Oy- /D WIN32 /D _WINDOWS /D _DEBUG /D "CMAKE_INTDIR=\"Debug\"" /D _MBCS /Gm- /EHsc /RTC1 /MDd /GS /fp:precise /Zc:wchar_t /Zc:forScope /GR /Fo"cmTryCompileExec3522514260.dir\Debug\\" /Fd"D:/Development/op3d_active/dcmtk-3.6.0/msvc/CMakeTmp/CharPStrerror/CMakeFiles/CMakeTmp/Debug/cmTryCompileExec3522514260.pdb" /Gd /TP /analyze- /errorReport:prompt  /Zm1000 "D:\Development\op3d_active\dcmtk-3.6.0\CMake\dcmtkTestCharPStrerror.cc"
1>  
1>  dcmtkTestCharPStrerror.cc
1>D:\Development\op3d_active\dcmtk-3.6.0\CMake\dcmtkTestCharPStrerror.cc(8): error C3861: 'strerror_r': identifier not found
1>
1>Build FAILED.
1>
1>Time Elapsed 00:00:00.30
========== Build: 0 succeeded, 1 failed, 0 up-to-date, 0 skipped ==========

Determining if variable length arrays are supported failed with the following output:
Change Dir: D:/Development/op3d_active/dcmtk-3.6.0/msvc/CMakeTmp/VariableLengthArray/CMakeFiles/CMakeTmp

Run Build Command:C:\PROGRA~2\MICROS~3.0\Common7\IDE\devenv.com CMAKE_TRY_COMPILE.sln /build Debug /project cmTryCompileExec495922262

Microsoft (R) Microsoft Visual Studio 2012 Version 11.0.60610.1.
Copyright (C) Microsoft Corp. All rights reserved.
1>------ Build started: Project: cmTryCompileExec495922262, Configuration: Debug Win32 ------
1>Build started 8/11/2013 5:09:46 PM.
1>PrepareForBuild:
1>  Creating directory "D:\Development\op3d_active\dcmtk-3.6.0\msvc\CMakeTmp\VariableLengthArray\CMakeFiles\CMakeTmp\Debug\".
1>InitializeBuildStatus:
1>  Creating "cmTryCompileExec495922262.dir\Debug\cmTryCompileExec495922262.unsuccessfulbuild" because "AlwaysCreate" was specified.
1>ClCompile:
1>  Microsoft (R) C/C++ Optimizing Compiler Version 17.00.60610.1 for x86
1>  Copyright (C) Microsoft Corporation.  All rights reserved.
1>  
1>  cl /c /Zi /W3 /WX- /Od /Ob0 /Oy- /D WIN32 /D _WINDOWS /D _DEBUG /D "CMAKE_INTDIR=\"Debug\"" /D _MBCS /Gm- /EHsc /RTC1 /MDd /GS /fp:precise /Zc:wchar_t /Zc:forScope /GR /Fo"cmTryCompileExec495922262.dir\Debug\\" /Fd"D:/Development/op3d_active/dcmtk-3.6.0/msvc/CMakeTmp/VariableLengthArray/CMakeFiles/CMakeTmp/Debug/cmTryCompileExec495922262.pdb" /Gd /TP /analyze- /errorReport:prompt  /Zm1000 "D:\Development\op3d_active\dcmtk-3.6.0\CMake\dcmtkTestVariableLengthArrays.cc"
1>  
1>  dcmtkTestVariableLengthArrays.cc
1>D:\Development\op3d_active\dcmtk-3.6.0\CMake\dcmtkTestVariableLengthArrays.cc(4): error C2057: expected constant expression
1>D:\Development\op3d_active\dcmtk-3.6.0\CMake\dcmtkTestVariableLengthArrays.cc(4): error C2466: cannot allocate an array of constant size 0
1>D:\Development\op3d_active\dcmtk-3.6.0\CMake\dcmtkTestVariableLengthArrays.cc(4): error C2133: 'foo' : unknown size
1>
1>Build FAILED.
1>
1>Time Elapsed 00:00:00.28
========== Build: 0 succeeded, 1 failed, 0 up-to-date, 0 skipped ==========

Determining if std::ios::nocreate is supported failed with the following output:
Change Dir: D:/Development/op3d_active/dcmtk-3.6.0/msvc/CMakeTmp/IosNocreate/CMakeFiles/CMakeTmp

Run Build Command:C:\PROGRA~2\MICROS~3.0\Common7\IDE\devenv.com CMAKE_TRY_COMPILE.sln /build Debug /project cmTryCompileExec3050444582

Microsoft (R) Microsoft Visual Studio 2012 Version 11.0.60610.1.
Copyright (C) Microsoft Corp. All rights reserved.
1>------ Build started: Project: cmTryCompileExec3050444582, Configuration: Debug Win32 ------
1>Build started 8/11/2013 5:09:49 PM.
1>PrepareForBuild:
1>  Creating directory "D:\Development\op3d_active\dcmtk-3.6.0\msvc\CMakeTmp\IosNocreate\CMakeFiles\CMakeTmp\Debug\".
1>InitializeBuildStatus:
1>  Creating "cmTryCompileExec3050444582.dir\Debug\cmTryCompileExec3050444582.unsuccessfulbuild" because "AlwaysCreate" was specified.
1>ClCompile:
1>  Microsoft (R) C/C++ Optimizing Compiler Version 17.00.60610.1 for x86
1>  Copyright (C) Microsoft Corporation.  All rights reserved.
1>  
1>  cl /c /Zi /W3 /WX- /Od /Ob0 /Oy- /D WIN32 /D _WINDOWS /D _DEBUG /D "CMAKE_INTDIR=\"Debug\"" /D _MBCS /Gm- /EHsc /RTC1 /MDd /GS /fp:precise /Zc:wchar_t /Zc:forScope /GR /Fo"cmTryCompileExec3050444582.dir\Debug\\" /Fd"D:/Development/op3d_active/dcmtk-3.6.0/msvc/CMakeTmp/IosNocreate/CMakeFiles/CMakeTmp/Debug/cmTryCompileExec3050444582.pdb" /Gd /TP /analyze- /errorReport:prompt  /Zm1000 "D:\Development\op3d_active\dcmtk-3.6.0\CMake\dcmtkTestStdIosNocreate.cc"
1>  
1>  dcmtkTestStdIosNocreate.cc
1>D:\Development\op3d_active\dcmtk-3.6.0\CMake\dcmtkTestStdIosNocreate.cc(7): error C2039: 'nocreate' : is not a member of 'std::basic_ios<_Elem,_Traits>'
1>          with
1>          [
1>              _Elem=char,
1>              _Traits=std::char_traits<char>
1>          ]
1>D:\Development\op3d_active\dcmtk-3.6.0\CMake\dcmtkTestStdIosNocreate.cc(7): error C2065: 'nocreate' : undeclared identifier
1>
1>Build FAILED.
1>
1>Time Elapsed 00:00:00.67
========== Build: 0 succeeded, 1 failed, 0 up-to-date, 0 skipped ==========

